2022/03/28 12:19:22: ready to generate node embeddings
/public1/home/scfa1517/HKS-Wasserstein-kernel/signature.py:99: ComplexWarning: Casting complex values to real discards the imaginary part
  wks[i] = np.array([np.sum(np.exp(-(e-log_eigenvalue)*(e-log_eigenvalue)/(2*sigma*sigma))*eigenvectors[i]*eigenvectors[i])/np.sum(np.exp(-(e-log_eigenvalue)*(e-log_eigenvalue)/(2*sigma*sigma))) for e in sample_points])
2022/03/28 01:57:10: the node embedding have been generated
2022/03/28 01:57:11: ready to compute the wass diss with sinkhorn = True and w = 0.30000000000000004
2022/03/28 02:28:42: have computed the wass diss with sinkhorn = True and w = 0.30000000000000004
2022/03/28 02:28:43: ready to compute the wass diss with sinkhorn = True and w = 0.4
2022/03/28 02:59:51: have computed the wass diss with sinkhorn = True and w = 0.4
2022/03/28 02:59:52: ready to compute the wass diss with sinkhorn = True and w = 0.5
2022/03/28 03:30:52: have computed the wass diss with sinkhorn = True and w = 0.5
2022/03/28 03:30:53: ready to compute the wass diss with sinkhorn = True and w = 0.6000000000000001
2022/03/28 04:01:34: have computed the wass diss with sinkhorn = True and w = 0.6000000000000001
2022/03/28 04:01:35: ready to compute the wass diss with sinkhorn = True and w = 0.7000000000000001
2022/03/28 04:32:05: have computed the wass diss with sinkhorn = True and w = 0.7000000000000001
2022/03/28 04:32:05: Wasserstein distances computation done. Saved to file.

[18:37:34] /opt/dgl/src/runtime/tensordispatch.cc:43: TensorDispatcher: dlopen failed: /public1/home/scfa1517/anaconda3/envs/myenv/lib/python3.9/site-packages/dgl/tensoradapter/pytorch/libtensoradapter_pytorch_1.10.2.so: cannot open shared object file: No such file or directory
Using backend: pytorch
2022/03/31 06:37:41: before drop huge graphs, there are 1178 graphs in DD
2022/03/31 06:37:41: after drop huge graphs, there are 1126 graphs in DD
2022/03/31 06:37:41: ready to load the pre-computed wass distances
2022/03/31 06:37:41: after loading pre-computed wass distances, there are distance with w=[0.0, 1.0, 0.1, 0.2, 0.8, 0.9] remained
2022/03/31 06:37:41: ready to generate node embeddings
/public1/home/scfa1517/HKS-Wasserstein-kernel/signature.py:99: ComplexWarning: Casting complex values to real discards the imaginary part
  wks[i] = np.array([np.sum(np.exp(-(e-log_eigenvalue)*(e-log_eigenvalue)/(2*sigma*sigma))*eigenvectors[i]*eigenvectors[i])/np.sum(np.exp(-(e-log_eigenvalue)*(e-log_eigenvalue)/(2*sigma*sigma))) for e in sample_points])
2022/03/31 08:05:41: the node embedding have been generated
2022/03/31 08:05:42: ready to compute the wass diss with sinkhorn = True and w = 0.0
2022/03/31 08:37:09: have computed the wass diss with sinkhorn = True and w = 0.0
2022/03/31 08:37:10: ready to compute the wass diss with sinkhorn = True and w = 1.0
2022/03/31 09:06:31: have computed the wass diss with sinkhorn = True and w = 1.0
2022/03/31 09:06:32: ready to compute the wass diss with sinkhorn = True and w = 0.1
2022/03/31 09:36:55: have computed the wass diss with sinkhorn = True and w = 0.1
2022/03/31 09:36:56: ready to compute the wass diss with sinkhorn = True and w = 0.2
2022/03/31 10:07:50: have computed the wass diss with sinkhorn = True and w = 0.2
2022/03/31 10:07:50: ready to compute the wass diss with sinkhorn = True and w = 0.8
2022/03/31 10:38:11: have computed the wass diss with sinkhorn = True and w = 0.8
2022/03/31 10:38:12: ready to compute the wass diss with sinkhorn = True and w = 0.9
2022/03/31 11:07:21: have computed the wass diss with sinkhorn = True and w = 0.9
2022/03/31 11:07:22: have saved wasserstein_distance_matrix_sinkhorn_it0_0.00_True.npy
2022/03/31 11:07:22: have saved wasserstein_distance_matrix_sinkhorn_it0_1.00_True.npy
2022/03/31 11:07:22: have saved wasserstein_distance_matrix_sinkhorn_it0_0.10_True.npy
2022/03/31 11:07:22: have saved wasserstein_distance_matrix_sinkhorn_it0_0.20_True.npy
2022/03/31 11:07:22: have saved wasserstein_distance_matrix_sinkhorn_it0_0.80_True.npy
2022/03/31 11:07:22: have saved wasserstein_distance_matrix_sinkhorn_it0_0.90_True.npy
2022/03/31 11:07:22: Wasserstein distances computation done. Saved to file.
2022/03/31 11:07:22: Running SVMs, crossvalidation: True, gridsearch: True.
2022/03/31 11:11:56: gridsearch and crossvalidation done

