
=============================================================
Graph classification using the HKS/WKS and Wassertain kernel.
=============================================================

Generating WKS embeddings by <function get_sample4WKS at 0x2b0c6a820670> with w=0.45 for PTC_MR.
with hlen = 500, C = 1 and gammas = 10
Kernel matrices computed.

Running SVMs, crossvalidation: True, gridsearch: False.
Mean 10-fold accuracy: 65.42 +- 3.41 %
Results saved in results/PTC_MR/WKS/results_PTC_MR_WKS_2022-03-23 16:12_crossvalidation.csv.

=============================================================
Graph classification using the HKS/WKS and Wassertain kernel.
=============================================================

Generating WKS embeddings by <function get_sample4WKS at 0x2aaf6e09f670> with w=0.45 for PTC_MR.
with hlen = 600, C = 1 and gammas = 10
Kernel matrices computed.

Running SVMs, crossvalidation: True, gridsearch: False.
Mean 10-fold accuracy: 64.55 +- 2.68 %
Results saved in results/PTC_MR/WKS/results_PTC_MR_WKS_2022-03-23 16:13_crossvalidation.csv.

=============================================================
Graph classification using the HKS/WKS and Wassertain kernel.
=============================================================

Generating WKS embeddings by <function get_sample4WKS at 0x2b993cb4a670> with w=0.45 for PTC_MR.
with hlen = 700, C = 1 and gammas = 10
Kernel matrices computed.

Running SVMs, crossvalidation: True, gridsearch: False.
Mean 10-fold accuracy: 64.84 +- 4.27 %
Results saved in results/PTC_MR/WKS/results_PTC_MR_WKS_2022-03-23 16:15_crossvalidation.csv.

=============================================================
Graph classification using the HKS/WKS and Wassertain kernel.
=============================================================

Generating WKS embeddings by <function get_sample4WKS at 0x2ad89a0d2670> with w=0.45 for PTC_MR.
with hlen = 800, C = 1 and gammas = 10
Kernel matrices computed.

Running SVMs, crossvalidation: True, gridsearch: False.
Mean 10-fold accuracy: 65.42 +- 3.87 %
Results saved in results/PTC_MR/WKS/results_PTC_MR_WKS_2022-03-23 16:17_crossvalidation.csv.

=============================================================
Graph classification using the HKS/WKS and Wassertain kernel.
=============================================================

Generating WKS embeddings by <function get_sample4WKS at 0x2b0411d88670> with w=0.45 for PTC_MR.
with hlen = 900, C = 1 and gammas = 10
Kernel matrices computed.

Running SVMs, crossvalidation: True, gridsearch: False.
Mean 10-fold accuracy: 65.41 +- 4.14 %
Results saved in results/PTC_MR/WKS/results_PTC_MR_WKS_2022-03-23 16:19_crossvalidation.csv.

=============================================================
Graph classification using the HKS/WKS and Wassertain kernel.
=============================================================

Generating WKS embeddings by <function get_sample4WKS at 0x2af629ab0670> with w=0.45 for PTC_MR.
with hlen = 1000, C = 1 and gammas = 10
Kernel matrices computed.

Running SVMs, crossvalidation: True, gridsearch: False.
Mean 10-fold accuracy: 66.00 +- 4.41 %
Results saved in results/PTC_MR/WKS/results_PTC_MR_WKS_2022-03-23 16:21_crossvalidation.csv.
