
=============================================================
Graph classification using the HKS/WKS and Wassertain kernel.
=============================================================

Generating WKS embeddings by <function get_sample4WKS at 0x2b7db88f0670> with w=0.0 for PTC_MR.
with hlen = 800, C = 1 and gammas = 10
Kernel matrices computed.

Running SVMs, crossvalidation: True, gridsearch: False.
Mean 10-fold accuracy: 61.62 +- 6.04 %
Results saved in results/PTC_MR/WKS/results_PTC_MR_WKS_2022-03-24 15:21_crossvalidation.csv.

=============================================================
Graph classification using the HKS/WKS and Wassertain kernel.
=============================================================

Generating WKS embeddings by <function get_sample4WKS at 0x2ab69de97670> with w=0.05 for PTC_MR.
with hlen = 800, C = 1 and gammas = 10
Kernel matrices computed.

Running SVMs, crossvalidation: True, gridsearch: False.
Mean 10-fold accuracy: 60.75 +- 5.98 %
Results saved in results/PTC_MR/WKS/results_PTC_MR_WKS_2022-03-24 15:23_crossvalidation.csv.

=============================================================
Graph classification using the HKS/WKS and Wassertain kernel.
=============================================================

Generating WKS embeddings by <function get_sample4WKS at 0x2b5a78737670> with w=0.1 for PTC_MR.
with hlen = 800, C = 1 and gammas = 10
Kernel matrices computed.

Running SVMs, crossvalidation: True, gridsearch: False.
Mean 10-fold accuracy: 61.04 +- 5.36 %
Results saved in results/PTC_MR/WKS/results_PTC_MR_WKS_2022-03-24 15:25_crossvalidation.csv.

=============================================================
Graph classification using the HKS/WKS and Wassertain kernel.
=============================================================

Generating WKS embeddings by <function get_sample4WKS at 0x2acb47aa1670> with w=0.15 for PTC_MR.
with hlen = 800, C = 1 and gammas = 10
Kernel matrices computed.

Running SVMs, crossvalidation: True, gridsearch: False.
Mean 10-fold accuracy: 62.47 +- 5.09 %
Results saved in results/PTC_MR/WKS/results_PTC_MR_WKS_2022-03-24 15:27_crossvalidation.csv.

=============================================================
Graph classification using the HKS/WKS and Wassertain kernel.
=============================================================

Generating WKS embeddings by <function get_sample4WKS at 0x2b6982aed670> with w=0.2 for PTC_MR.
with hlen = 800, C = 1 and gammas = 10
Kernel matrices computed.

Running SVMs, crossvalidation: True, gridsearch: False.
Mean 10-fold accuracy: 61.60 +- 6.70 %
Results saved in results/PTC_MR/WKS/results_PTC_MR_WKS_2022-03-24 15:28_crossvalidation.csv.

=============================================================
Graph classification using the HKS/WKS and Wassertain kernel.
=============================================================

Generating WKS embeddings by <function get_sample4WKS at 0x2b0a98d1a670> with w=0.25 for PTC_MR.
with hlen = 800, C = 1 and gammas = 10
Kernel matrices computed.

Running SVMs, crossvalidation: True, gridsearch: False.
Mean 10-fold accuracy: 62.49 +- 6.01 %
Results saved in results/PTC_MR/WKS/results_PTC_MR_WKS_2022-03-24 15:30_crossvalidation.csv.

=============================================================
Graph classification using the HKS/WKS and Wassertain kernel.
=============================================================

Generating WKS embeddings by <function get_sample4WKS at 0x2b9120e95670> with w=0.75 for PTC_MR.
with hlen = 800, C = 1 and gammas = 10
Kernel matrices computed.

Running SVMs, crossvalidation: True, gridsearch: False.
Mean 10-fold accuracy: 60.74 +- 6.12 %
Results saved in results/PTC_MR/WKS/results_PTC_MR_WKS_2022-03-24 15:32_crossvalidation.csv.

=============================================================
Graph classification using the HKS/WKS and Wassertain kernel.
=============================================================

Generating WKS embeddings by <function get_sample4WKS at 0x2ac89bb26670> with w=0.8 for PTC_MR.
with hlen = 800, C = 1 and gammas = 10
Kernel matrices computed.

Running SVMs, crossvalidation: True, gridsearch: False.
Mean 10-fold accuracy: 59.29 +- 4.14 %
Results saved in results/PTC_MR/WKS/results_PTC_MR_WKS_2022-03-24 15:34_crossvalidation.csv.

=============================================================
Graph classification using the HKS/WKS and Wassertain kernel.
=============================================================

Generating WKS embeddings by <function get_sample4WKS at 0x2ae15d708670> with w=0.85 for PTC_MR.
with hlen = 800, C = 1 and gammas = 10
Kernel matrices computed.

Running SVMs, crossvalidation: True, gridsearch: False.
Mean 10-fold accuracy: 59.88 +- 3.81 %
Results saved in results/PTC_MR/WKS/results_PTC_MR_WKS_2022-03-24 15:36_crossvalidation.csv.

=============================================================
Graph classification using the HKS/WKS and Wassertain kernel.
=============================================================

Generating WKS embeddings by <function get_sample4WKS at 0x2b0951a11670> with w=0.9 for PTC_MR.
with hlen = 800, C = 1 and gammas = 10
Kernel matrices computed.

Running SVMs, crossvalidation: True, gridsearch: False.
Mean 10-fold accuracy: 60.46 +- 3.46 %
Results saved in results/PTC_MR/WKS/results_PTC_MR_WKS_2022-03-24 15:37_crossvalidation.csv.

=============================================================
Graph classification using the HKS/WKS and Wassertain kernel.
=============================================================

Generating WKS embeddings by <function get_sample4WKS at 0x2aee389f1670> with w=0.95 for PTC_MR.
with hlen = 800, C = 1 and gammas = 10
Kernel matrices computed.

Running SVMs, crossvalidation: True, gridsearch: False.
Mean 10-fold accuracy: 59.59 +- 5.44 %
Results saved in results/PTC_MR/WKS/results_PTC_MR_WKS_2022-03-24 15:39_crossvalidation.csv.

=============================================================
Graph classification using the HKS/WKS and Wassertain kernel.
=============================================================

Generating WKS embeddings by <function get_sample4WKS at 0x2b8b4c994670> with w=1.0 for PTC_MR.
with hlen = 800, C = 1 and gammas = 10
Kernel matrices computed.

Running SVMs, crossvalidation: True, gridsearch: False.
Mean 10-fold accuracy: 59.58 +- 4.09 %
Results saved in results/PTC_MR/WKS/results_PTC_MR_WKS_2022-03-24 15:41_crossvalidation.csv.
