[12:37:15] /opt/dgl/src/runtime/tensordispatch.cc:43: TensorDispatcher: dlopen failed: /public1/home/scfa1517/anaconda3/envs/myenv/lib/python3.9/site-packages/dgl/tensoradapter/pytorch/libtensoradapter_pytorch_1.10.2.so: cannot open shared object file: No such file or directory
Using backend: pytorch
2022/03/28 12:37:39: before drop huge graphs, there are 1178 graphs in DD
2022/03/28 12:37:39: after drop huge graphs, there are 1126 graphs in DD
2022/03/28 12:37:39: ready to generate node embeddings
/public1/home/scfa1517/HKS-Wasserstein-kernel/signature.py:135: ComplexWarning: Casting complex values to real discards the imaginary part
  hks[i] = np.array([np.sum(np.exp(-eigenvalues*t)*eigenvectors[i]*eigenvectors[i]) for t in sample_points])
2022/03/28 01:12:45: the node embedding have been generated
2022/03/28 01:12:47: ready to compute the wass diss with sinkhorn = True and w = 0.4
2022/03/28 01:44:13: have computed the wass diss with sinkhorn = True and w = 0.4
2022/03/28 01:44:15: ready to compute the wass diss with sinkhorn = True and w = 0.5
2022/03/28 02:15:13: have computed the wass diss with sinkhorn = True and w = 0.5
2022/03/28 02:15:14: ready to compute the wass diss with sinkhorn = True and w = 0.6000000000000001
/public1/home/scfa1517/anaconda3/envs/myenv/lib/python3.9/site-packages/ot/bregman.py:517: UserWarning: Sinkhorn did not converge. You might want to increase the number of iterations `numItermax` or the regularization parameter `reg`.
  warnings.warn("Sinkhorn did not converge. You might want to "
2022/03/28 02:45:53: have computed the wass diss with sinkhorn = True and w = 0.6000000000000001
2022/03/28 02:45:53: Wasserstein distances computation done. Saved to file.
2022/03/28 02:45:53: Running SVMs, crossvalidation: True, gridsearch: True.
2022/03/28 02:47:07: gridsearch and crossvalidation done
[14:47:27] /opt/dgl/src/runtime/tensordispatch.cc:43: TensorDispatcher: dlopen failed: /public1/home/scfa1517/anaconda3/envs/myenv/lib/python3.9/site-packages/dgl/tensoradapter/pytorch/libtensoradapter_pytorch_1.10.2.so: cannot open shared object file: No such file or directory
Using backend: pytorch
2022/03/28 02:47:41: before drop huge graphs, there are 4110 graphs in NCI1
2022/03/28 02:47:41: after drop huge graphs, there are 4110 graphs in NCI1
2022/03/28 02:47:41: ready to load the pre-computed wass distances
2022/03/28 02:47:41: after loading pre-computed wass distances, there are distance with w=[0.30000000000000004, 0.4, 0.5, 0.6000000000000001, 0.7000000000000001] remained
2022/03/28 02:47:41: ready to generate node embeddings
/public1/home/scfa1517/HKS-Wasserstein-kernel/signature.py:135: ComplexWarning: Casting complex values to real discards the imaginary part
  hks[i] = np.array([np.sum(np.exp(-eigenvalues*t)*eigenvectors[i]*eigenvectors[i]) for t in sample_points])
2022/03/28 03:02:38: the node embedding have been generated
2022/03/28 03:02:39: ready to compute the wass diss with sinkhorn = True and w = 0.30000000000000004
/public1/home/scfa1517/anaconda3/envs/myenv/lib/python3.9/site-packages/ot/bregman.py:517: UserWarning: Sinkhorn did not converge. You might want to increase the number of iterations `numItermax` or the regularization parameter `reg`.
  warnings.warn("Sinkhorn did not converge. You might want to "
2022/03/28 04:45:05: have computed the wass diss with sinkhorn = True and w = 0.30000000000000004
2022/03/28 04:45:06: ready to compute the wass diss with sinkhorn = True and w = 0.4
2022/03/28 06:27:16: have computed the wass diss with sinkhorn = True and w = 0.4
2022/03/28 06:27:16: ready to compute the wass diss with sinkhorn = True and w = 0.5
2022/03/28 08:10:27: have computed the wass diss with sinkhorn = True and w = 0.5
2022/03/28 08:10:27: ready to compute the wass diss with sinkhorn = True and w = 0.6000000000000001
2022/03/28 09:56:03: have computed the wass diss with sinkhorn = True and w = 0.6000000000000001
2022/03/28 09:56:03: ready to compute the wass diss with sinkhorn = True and w = 0.7000000000000001
2022/03/28 11:48:39: have computed the wass diss with sinkhorn = True and w = 0.7000000000000001
2022/03/28 11:48:40: have saved wasserstein_distance_matrix_sinkhorn_it2_0.30_True.npy
2022/03/28 11:48:40: have saved wasserstein_distance_matrix_sinkhorn_it2_0.40_True.npy
2022/03/28 11:48:40: have saved wasserstein_distance_matrix_sinkhorn_it2_0.50_True.npy
2022/03/28 11:48:40: have saved wasserstein_distance_matrix_sinkhorn_it2_0.60_True.npy
2022/03/28 11:48:40: have saved wasserstein_distance_matrix_sinkhorn_it2_0.70_True.npy
2022/03/28 11:48:40: Wasserstein distances computation done. Saved to file.
2022/03/28 11:48:43: Running SVMs, crossvalidation: True, gridsearch: True.
2022/03/29 12:29:12: gridsearch and crossvalidation done
