[00:28:19] /opt/dgl/src/runtime/tensordispatch.cc:43: TensorDispatcher: dlopen failed: /public1/home/scfa1517/anaconda3/envs/myenv/lib/python3.9/site-packages/dgl/tensoradapter/pytorch/libtensoradapter_pytorch_1.10.2.so: cannot open shared object file: No such file or directory
Using backend: pytorch
Traceback (most recent call last):
  File "/public1/home/scfa1517/HKS-Wasserstein-kernel/main.py", line 234, in <module>
    main()
  File "/public1/home/scfa1517/HKS-Wasserstein-kernel/main.py", line 77, in main
    output_path = os.path.join(output_path,method_dict[args.samplemethods])
KeyError: 2
[00:28:26] /opt/dgl/src/runtime/tensordispatch.cc:43: TensorDispatcher: dlopen failed: /public1/home/scfa1517/anaconda3/envs/myenv/lib/python3.9/site-packages/dgl/tensoradapter/pytorch/libtensoradapter_pytorch_1.10.2.so: cannot open shared object file: No such file or directory
Using backend: pytorch
2022/03/28 12:28:30: before drop huge graphs, there are 4110 graphs in NCI1
2022/03/28 12:28:30: after drop huge graphs, there are 4110 graphs in NCI1
2022/03/28 12:28:30: ready to generate node embeddings
/public1/home/scfa1517/HKS-Wasserstein-kernel/signature.py:99: ComplexWarning: Casting complex values to real discards the imaginary part
  wks[i] = np.array([np.sum(np.exp(-(e-log_eigenvalue)*(e-log_eigenvalue)/(2*sigma*sigma))*eigenvectors[i]*eigenvectors[i])/np.sum(np.exp(-(e-log_eigenvalue)*(e-log_eigenvalue)/(2*sigma*sigma))) for e in sample_points])
2022/03/28 01:05:23: the node embedding have been generated
2022/03/28 01:05:24: ready to compute the wass diss with sinkhorn = True and w = 0.4
2022/03/28 02:44:53: have computed the wass diss with sinkhorn = True and w = 0.4
2022/03/28 02:44:54: ready to compute the wass diss with sinkhorn = True and w = 0.5
2022/03/28 04:24:10: have computed the wass diss with sinkhorn = True and w = 0.5
2022/03/28 04:24:11: ready to compute the wass diss with sinkhorn = True and w = 0.6000000000000001
2022/03/28 06:03:20: have computed the wass diss with sinkhorn = True and w = 0.6000000000000001
2022/03/28 06:03:20: Wasserstein distances computation done. Saved to file.
2022/03/28 06:03:22: Running SVMs, crossvalidation: True, gridsearch: True.
2022/03/28 06:27:45: gridsearch and crossvalidation done
