[00:35:05] /opt/dgl/src/runtime/tensordispatch.cc:43: TensorDispatcher: dlopen failed: /public1/home/scfa1517/anaconda3/envs/myenv/lib/python3.9/site-packages/dgl/tensoradapter/pytorch/libtensoradapter_pytorch_1.10.2.so: cannot open shared object file: No such file or directory
Using backend: pytorch
2022/03/29 12:35:27: before drop huge graphs, there are 4110 graphs in NCI1
2022/03/29 12:35:27: after drop huge graphs, there are 4110 graphs in NCI1
2022/03/29 12:35:27: ready to load the pre-computed wass distances
2022/03/29 12:35:28: after loading pre-computed wass distances, there are distance with w=[0.45, 0.55] remained
2022/03/29 12:35:28: ready to generate node embeddings
/public1/home/scfa1517/HKS-Wasserstein-kernel/signature.py:135: ComplexWarning: Casting complex values to real discards the imaginary part
  hks[i] = np.array([np.sum(np.exp(-eigenvalues*t)*eigenvectors[i]*eigenvectors[i]) for t in sample_points])
2022/03/29 12:54:05: the node embedding have been generated
2022/03/29 12:54:06: ready to compute the wass diss with sinkhorn = True and w = 0.45
/public1/home/scfa1517/anaconda3/envs/myenv/lib/python3.9/site-packages/ot/bregman.py:517: UserWarning: Sinkhorn did not converge. You might want to increase the number of iterations `numItermax` or the regularization parameter `reg`.
  warnings.warn("Sinkhorn did not converge. You might want to "
2022/03/29 03:25:05: have computed the wass diss with sinkhorn = True and w = 0.45
2022/03/29 03:25:05: ready to compute the wass diss with sinkhorn = True and w = 0.55
2022/03/29 05:59:42: have computed the wass diss with sinkhorn = True and w = 0.55
2022/03/29 05:59:42: have saved wasserstein_distance_matrix_sinkhorn_it2_0.45_True.npy
2022/03/29 05:59:42: have saved wasserstein_distance_matrix_sinkhorn_it2_0.55_True.npy
2022/03/29 05:59:42: Wasserstein distances computation done. Saved to file.
2022/03/29 05:59:47: Running SVMs, crossvalidation: True, gridsearch: True.
2022/03/29 06:55:07: gridsearch and crossvalidation done
[06:55:43] /opt/dgl/src/runtime/tensordispatch.cc:43: TensorDispatcher: dlopen failed: /public1/home/scfa1517/anaconda3/envs/myenv/lib/python3.9/site-packages/dgl/tensoradapter/pytorch/libtensoradapter_pytorch_1.10.2.so: cannot open shared object file: No such file or directory
Using backend: pytorch
2022/03/29 06:56:07: before drop huge graphs, there are 4110 graphs in NCI1
2022/03/29 06:56:07: after drop huge graphs, there are 4110 graphs in NCI1
2022/03/29 06:56:07: ready to load the pre-computed wass distances
2022/03/29 06:56:08: after loading pre-computed wass distances, there are distance with w=[0.3, 0.45, 0.55, 0.7] remained
2022/03/29 06:56:08: ready to generate node embeddings
/public1/home/scfa1517/HKS-Wasserstein-kernel/signature.py:99: ComplexWarning: Casting complex values to real discards the imaginary part
  wks[i] = np.array([np.sum(np.exp(-(e-log_eigenvalue)*(e-log_eigenvalue)/(2*sigma*sigma))*eigenvectors[i]*eigenvectors[i])/np.sum(np.exp(-(e-log_eigenvalue)*(e-log_eigenvalue)/(2*sigma*sigma))) for e in sample_points])
2022/03/29 07:35:00: the node embedding have been generated
2022/03/29 07:35:01: ready to compute the wass diss with sinkhorn = True and w = 0.3
2022/03/29 09:40:18: have computed the wass diss with sinkhorn = True and w = 0.3
2022/03/29 09:40:19: ready to compute the wass diss with sinkhorn = True and w = 0.45
2022/03/29 11:18:57: have computed the wass diss with sinkhorn = True and w = 0.45
2022/03/29 11:18:58: ready to compute the wass diss with sinkhorn = True and w = 0.55
2022/03/29 12:57:45: have computed the wass diss with sinkhorn = True and w = 0.55
2022/03/29 12:57:46: ready to compute the wass diss with sinkhorn = True and w = 0.7
2022/03/29 02:38:26: have computed the wass diss with sinkhorn = True and w = 0.7
2022/03/29 02:38:26: have saved wasserstein_distance_matrix_sinkhorn_it0_0.30_True.npy
2022/03/29 02:38:26: have saved wasserstein_distance_matrix_sinkhorn_it0_0.45_True.npy
2022/03/29 02:38:27: have saved wasserstein_distance_matrix_sinkhorn_it0_0.55_True.npy
2022/03/29 02:38:27: have saved wasserstein_distance_matrix_sinkhorn_it0_0.70_True.npy
2022/03/29 02:38:27: Wasserstein distances computation done. Saved to file.
2022/03/29 02:38:31: Running SVMs, crossvalidation: True, gridsearch: True.
2022/03/29 03:33:36: gridsearch and crossvalidation done
