
=============================================================
Graph classification using the HKS/WKS and Wassertain kernel.
=============================================================

Generating HKS embeddings by <function get_random_samples_based_exp_dual at 0x2ac1599d31f0> with hl=800 for DD.

Kernel matrices computed.

Mean 10-fold accuracy: 77.98 +- 5.08 %
Results saved in results/DD/HKS/results_DD_HKS_2022-03-31 00:52_crossvalidation_gridsearch.csv.

=============================================================
Graph classification using the HKS/WKS and Wassertain kernel.
=============================================================

Generating HKS embeddings by <function get_random_samples_based_exp_dual at 0x2b58916a51f0> with hl=800 for ENZYMES.

Kernel matrices computed.

Mean 10-fold accuracy: 66.83 +- 5.45 %
Results saved in results/ENZYMES/HKS/results_ENZYMES_HKS_2022-03-31 01:29_crossvalidation_gridsearch.csv.

=============================================================
Graph classification using the HKS/WKS and Wassertain kernel.
=============================================================

Generating WKS embeddings by <function get_sample4WKS at 0x2b3067eba550> with hl=800 for ENZYMES.

Kernel matrices computed.

Mean 10-fold accuracy: 67.33 +- 3.51 %
Results saved in results/ENZYMES/WKS/results_ENZYMES_WKS_2022-03-31 02:10_crossvalidation_gridsearch.csv.
