[18:38:20] /opt/dgl/src/runtime/tensordispatch.cc:43: TensorDispatcher: dlopen failed: /public1/home/scfa1517/anaconda3/envs/myenv/lib/python3.9/site-packages/dgl/tensoradapter/pytorch/libtensoradapter_pytorch_1.10.2.so: cannot open shared object file: No such file or directory
Using backend: pytorch
2022/03/31 06:38:22: before drop huge graphs, there are 1178 graphs in DD
2022/03/31 06:38:22: after drop huge graphs, there are 1126 graphs in DD
2022/03/31 06:38:22: ready to load the pre-computed wass distances
2022/03/31 06:38:23: after loading pre-computed wass distances, there are distance with w=[0.0, 1.0, 0.1, 0.2, 0.8, 0.9] remained
2022/03/31 06:38:23: ready to generate node embeddings
/public1/home/scfa1517/HKS-Wasserstein-kernel/signature.py:135: ComplexWarning: Casting complex values to real discards the imaginary part
  hks[i] = np.array([np.sum(np.exp(-eigenvalues*t)*eigenvectors[i]*eigenvectors[i]) for t in sample_points])
2022/03/31 07:13:02: the node embedding have been generated
2022/03/31 07:13:04: ready to compute the wass diss with sinkhorn = True and w = 0.0
2022/03/31 07:43:52: have computed the wass diss with sinkhorn = True and w = 0.0
2022/03/31 07:43:53: ready to compute the wass diss with sinkhorn = True and w = 1.0
/public1/home/scfa1517/anaconda3/envs/myenv/lib/python3.9/site-packages/ot/bregman.py:517: UserWarning: Sinkhorn did not converge. You might want to increase the number of iterations `numItermax` or the regularization parameter `reg`.
  warnings.warn("Sinkhorn did not converge. You might want to "
2022/03/31 08:21:53: have computed the wass diss with sinkhorn = True and w = 1.0
2022/03/31 08:21:54: ready to compute the wass diss with sinkhorn = True and w = 0.1
2022/03/31 08:51:55: have computed the wass diss with sinkhorn = True and w = 0.1
2022/03/31 08:51:56: ready to compute the wass diss with sinkhorn = True and w = 0.2
2022/03/31 09:22:02: have computed the wass diss with sinkhorn = True and w = 0.2
2022/03/31 09:22:03: ready to compute the wass diss with sinkhorn = True and w = 0.8
2022/03/31 09:52:07: have computed the wass diss with sinkhorn = True and w = 0.8
2022/03/31 09:52:07: ready to compute the wass diss with sinkhorn = True and w = 0.9
2022/03/31 10:24:45: have computed the wass diss with sinkhorn = True and w = 0.9
2022/03/31 10:24:46: have saved wasserstein_distance_matrix_sinkhorn_it2_0.00_True.npy
2022/03/31 10:24:46: have saved wasserstein_distance_matrix_sinkhorn_it2_1.00_True.npy
2022/03/31 10:24:46: have saved wasserstein_distance_matrix_sinkhorn_it2_0.10_True.npy
2022/03/31 10:24:46: have saved wasserstein_distance_matrix_sinkhorn_it2_0.20_True.npy
2022/03/31 10:24:46: have saved wasserstein_distance_matrix_sinkhorn_it2_0.80_True.npy
2022/03/31 10:24:46: have saved wasserstein_distance_matrix_sinkhorn_it2_0.90_True.npy
2022/03/31 10:24:46: Wasserstein distances computation done. Saved to file.
2022/03/31 10:24:46: Running SVMs, crossvalidation: True, gridsearch: True.
2022/03/31 10:29:19: gridsearch and crossvalidation done
