[15:09:47] /opt/dgl/src/runtime/tensordispatch.cc:43: TensorDispatcher: dlopen failed: /public1/home/scfa1517/anaconda3/envs/myenv/lib/python3.9/site-packages/dgl/tensoradapter/pytorch/libtensoradapter_pytorch_1.10.2.so: cannot open shared object file: No such file or directory
Using backend: pytorch
2022/04/01 03:10:16: before drop huge graphs, there are 1178 graphs in DD
2022/04/01 03:10:16: after drop huge graphs, there are 1126 graphs in DD
2022/04/01 03:10:16: ready to load the pre-computed wass distances
2022/04/01 03:10:18: after loading pre-computed wass distances, there are distance with w=[0.05, 0.15, 0.25, 0.35, 0.65, 0.75, 0.85, 0.95] remained
2022/04/01 03:10:18: ready to generate node embeddings
/public1/home/scfa1517/HKS-Wasserstein-kernel/signature.py:99: ComplexWarning: Casting complex values to real discards the imaginary part
  wks[i] = np.array([np.sum(np.exp(-(e-log_eigenvalue)*(e-log_eigenvalue)/(2*sigma*sigma))*eigenvectors[i]*eigenvectors[i])/np.sum(np.exp(-(e-log_eigenvalue)*(e-log_eigenvalue)/(2*sigma*sigma))) for e in sample_points])
2022/04/01 04:38:17: the node embedding have been generated
2022/04/01 04:38:18: ready to compute the wass diss with sinkhorn = True and w = 0.05
2022/04/01 05:09:08: have computed the wass diss with sinkhorn = True and w = 0.05
2022/04/01 05:09:09: ready to compute the wass diss with sinkhorn = True and w = 0.15
2022/04/01 05:39:26: have computed the wass diss with sinkhorn = True and w = 0.15
2022/04/01 05:39:26: ready to compute the wass diss with sinkhorn = True and w = 0.25
2022/04/01 06:09:27: have computed the wass diss with sinkhorn = True and w = 0.25
2022/04/01 06:09:28: ready to compute the wass diss with sinkhorn = True and w = 0.35
2022/04/01 06:39:38: have computed the wass diss with sinkhorn = True and w = 0.35
2022/04/01 06:39:39: ready to compute the wass diss with sinkhorn = True and w = 0.65
2022/04/01 07:10:08: have computed the wass diss with sinkhorn = True and w = 0.65
2022/04/01 07:10:09: ready to compute the wass diss with sinkhorn = True and w = 0.75
2022/04/01 07:40:43: have computed the wass diss with sinkhorn = True and w = 0.75
2022/04/01 07:40:44: ready to compute the wass diss with sinkhorn = True and w = 0.85
2022/04/01 08:11:15: have computed the wass diss with sinkhorn = True and w = 0.85
2022/04/01 08:11:16: ready to compute the wass diss with sinkhorn = True and w = 0.95
2022/04/01 08:40:28: have computed the wass diss with sinkhorn = True and w = 0.95
2022/04/01 08:40:28: have saved wasserstein_distance_matrix_sinkhorn_it0_0.05_True.npy
2022/04/01 08:40:28: have saved wasserstein_distance_matrix_sinkhorn_it0_0.15_True.npy
2022/04/01 08:40:28: have saved wasserstein_distance_matrix_sinkhorn_it0_0.25_True.npy
2022/04/01 08:40:28: have saved wasserstein_distance_matrix_sinkhorn_it0_0.35_True.npy
2022/04/01 08:40:28: have saved wasserstein_distance_matrix_sinkhorn_it0_0.65_True.npy
2022/04/01 08:40:28: have saved wasserstein_distance_matrix_sinkhorn_it0_0.75_True.npy
2022/04/01 08:40:28: have saved wasserstein_distance_matrix_sinkhorn_it0_0.85_True.npy
2022/04/01 08:40:28: have saved wasserstein_distance_matrix_sinkhorn_it0_0.95_True.npy
2022/04/01 08:40:28: Wasserstein distances computation done. Saved to file.
2022/04/01 08:40:28: Running SVMs, crossvalidation: True, gridsearch: True.
2022/04/01 08:49:19: gridsearch and crossvalidation done
