[00:24:52] /opt/dgl/src/runtime/tensordispatch.cc:43: TensorDispatcher: dlopen failed: /public1/home/scfa1517/anaconda3/envs/myenv/lib/python3.9/site-packages/dgl/tensoradapter/pytorch/libtensoradapter_pytorch_1.10.2.so: cannot open shared object file: No such file or directory
Using backend: pytorch
2022/04/02 12:25:26: before drop huge graphs, there are 1113 graphs in PROTEINS
2022/04/02 12:25:26: after drop huge graphs, there are 1112 graphs in PROTEINS
2022/04/02 12:25:26: ready to load the pre-computed wass distances
2022/04/02 12:25:26: after loading pre-computed wass distances, there are distance with w=[0.0, 1.0, 0.05, 0.1, 0.15, 0.2, 0.25, 0.3, 0.35, 0.4, 0.45, 0.5, 0.55, 0.6, 0.65, 0.7, 0.75, 0.8, 0.85, 0.9, 0.95] remained
2022/04/02 12:25:26: ready to generate node embeddings
/public1/home/scfa1517/HKS-Wasserstein-kernel/signature.py:135: ComplexWarning: Casting complex values to real discards the imaginary part
  hks[i] = np.array([np.sum(np.exp(-eigenvalues*t)*eigenvectors[i]*eigenvectors[i]) for t in sample_points])
2022/04/02 12:30:37: the node embedding have been generated
2022/04/02 12:30:38: ready to compute the wass diss with sinkhorn = False and w = 0.0
2022/04/02 12:35:51: have computed the wass diss with sinkhorn = False and w = 0.0
2022/04/02 12:35:52: ready to compute the wass diss with sinkhorn = False and w = 1.0
2022/04/02 12:42:27: have computed the wass diss with sinkhorn = False and w = 1.0
2022/04/02 12:42:27: ready to compute the wass diss with sinkhorn = False and w = 0.05
2022/04/02 12:48:50: have computed the wass diss with sinkhorn = False and w = 0.05
2022/04/02 12:48:50: ready to compute the wass diss with sinkhorn = False and w = 0.1
2022/04/02 12:55:11: have computed the wass diss with sinkhorn = False and w = 0.1
2022/04/02 12:55:11: ready to compute the wass diss with sinkhorn = False and w = 0.15
2022/04/02 01:01:31: have computed the wass diss with sinkhorn = False and w = 0.15
2022/04/02 01:01:32: ready to compute the wass diss with sinkhorn = False and w = 0.2
2022/04/02 01:07:51: have computed the wass diss with sinkhorn = False and w = 0.2
2022/04/02 01:07:51: ready to compute the wass diss with sinkhorn = False and w = 0.25
2022/04/02 01:14:10: have computed the wass diss with sinkhorn = False and w = 0.25
2022/04/02 01:14:10: ready to compute the wass diss with sinkhorn = False and w = 0.3
2022/04/02 01:20:28: have computed the wass diss with sinkhorn = False and w = 0.3
2022/04/02 01:20:28: ready to compute the wass diss with sinkhorn = False and w = 0.35
2022/04/02 01:26:47: have computed the wass diss with sinkhorn = False and w = 0.35
2022/04/02 01:26:47: ready to compute the wass diss with sinkhorn = False and w = 0.4
2022/04/02 01:33:10: have computed the wass diss with sinkhorn = False and w = 0.4
2022/04/02 01:33:10: ready to compute the wass diss with sinkhorn = False and w = 0.45
2022/04/02 01:39:31: have computed the wass diss with sinkhorn = False and w = 0.45
2022/04/02 01:39:32: ready to compute the wass diss with sinkhorn = False and w = 0.5
2022/04/02 01:45:53: have computed the wass diss with sinkhorn = False and w = 0.5
2022/04/02 01:45:54: ready to compute the wass diss with sinkhorn = False and w = 0.55
2022/04/02 01:52:17: have computed the wass diss with sinkhorn = False and w = 0.55
2022/04/02 01:52:17: ready to compute the wass diss with sinkhorn = False and w = 0.6
2022/04/02 01:58:44: have computed the wass diss with sinkhorn = False and w = 0.6
2022/04/02 01:58:44: ready to compute the wass diss with sinkhorn = False and w = 0.65
2022/04/02 02:05:12: have computed the wass diss with sinkhorn = False and w = 0.65
2022/04/02 02:05:13: ready to compute the wass diss with sinkhorn = False and w = 0.7
2022/04/02 02:11:42: have computed the wass diss with sinkhorn = False and w = 0.7
2022/04/02 02:11:42: ready to compute the wass diss with sinkhorn = False and w = 0.75
2022/04/02 02:18:12: have computed the wass diss with sinkhorn = False and w = 0.75
2022/04/02 02:18:13: ready to compute the wass diss with sinkhorn = False and w = 0.8
2022/04/02 02:24:43: have computed the wass diss with sinkhorn = False and w = 0.8
2022/04/02 02:24:43: ready to compute the wass diss with sinkhorn = False and w = 0.85
2022/04/02 02:31:15: have computed the wass diss with sinkhorn = False and w = 0.85
2022/04/02 02:31:15: ready to compute the wass diss with sinkhorn = False and w = 0.9
2022/04/02 02:37:47: have computed the wass diss with sinkhorn = False and w = 0.9
2022/04/02 02:37:48: ready to compute the wass diss with sinkhorn = False and w = 0.95
2022/04/02 02:44:20: have computed the wass diss with sinkhorn = False and w = 0.95
2022/04/02 02:44:21: have saved wasserstein_distance_matrix_it2_0.00_False.npy
2022/04/02 02:44:21: have saved wasserstein_distance_matrix_it2_1.00_False.npy
2022/04/02 02:44:21: have saved wasserstein_distance_matrix_it2_0.05_False.npy
2022/04/02 02:44:21: have saved wasserstein_distance_matrix_it2_0.10_False.npy
2022/04/02 02:44:21: have saved wasserstein_distance_matrix_it2_0.15_False.npy
2022/04/02 02:44:21: have saved wasserstein_distance_matrix_it2_0.20_False.npy
2022/04/02 02:44:21: have saved wasserstein_distance_matrix_it2_0.25_False.npy
2022/04/02 02:44:21: have saved wasserstein_distance_matrix_it2_0.30_False.npy
2022/04/02 02:44:21: have saved wasserstein_distance_matrix_it2_0.35_False.npy
2022/04/02 02:44:21: have saved wasserstein_distance_matrix_it2_0.40_False.npy
2022/04/02 02:44:21: have saved wasserstein_distance_matrix_it2_0.45_False.npy
2022/04/02 02:44:21: have saved wasserstein_distance_matrix_it2_0.50_False.npy
2022/04/02 02:44:21: have saved wasserstein_distance_matrix_it2_0.55_False.npy
2022/04/02 02:44:21: have saved wasserstein_distance_matrix_it2_0.60_False.npy
2022/04/02 02:44:21: have saved wasserstein_distance_matrix_it2_0.65_False.npy
2022/04/02 02:44:21: have saved wasserstein_distance_matrix_it2_0.70_False.npy
2022/04/02 02:44:21: have saved wasserstein_distance_matrix_it2_0.75_False.npy
2022/04/02 02:44:21: have saved wasserstein_distance_matrix_it2_0.80_False.npy
2022/04/02 02:44:21: have saved wasserstein_distance_matrix_it2_0.85_False.npy
2022/04/02 02:44:21: have saved wasserstein_distance_matrix_it2_0.90_False.npy
2022/04/02 02:44:21: have saved wasserstein_distance_matrix_it2_0.95_False.npy
2022/04/02 02:44:21: Wasserstein distances computation done. Saved to file.
2022/04/02 02:44:22: Running SVMs, crossvalidation: True, gridsearch: True.
2022/04/02 02:56:03: gridsearch and crossvalidation done
[02:56:55] /opt/dgl/src/runtime/tensordispatch.cc:43: TensorDispatcher: dlopen failed: /public1/home/scfa1517/anaconda3/envs/myenv/lib/python3.9/site-packages/dgl/tensoradapter/pytorch/libtensoradapter_pytorch_1.10.2.so: cannot open shared object file: No such file or directory
Using backend: pytorch
2022/04/02 02:57:28: before drop huge graphs, there are 1113 graphs in PROTEINS
2022/04/02 02:57:28: after drop huge graphs, there are 1112 graphs in PROTEINS
2022/04/02 02:57:28: ready to load the pre-computed wass distances
2022/04/02 02:57:28: after loading pre-computed wass distances, there are distance with w=[0.0, 1.0, 0.05, 0.1, 0.15, 0.2, 0.25, 0.3, 0.35, 0.4, 0.45, 0.5, 0.55, 0.6, 0.65, 0.7, 0.75, 0.8, 0.85, 0.9, 0.95] remained
2022/04/02 02:57:28: ready to generate node embeddings
/public1/home/scfa1517/HKS-Wasserstein-kernel/signature.py:99: ComplexWarning: Casting complex values to real discards the imaginary part
  wks[i] = np.array([np.sum(np.exp(-(e-log_eigenvalue)*(e-log_eigenvalue)/(2*sigma*sigma))*eigenvectors[i]*eigenvectors[i])/np.sum(np.exp(-(e-log_eigenvalue)*(e-log_eigenvalue)/(2*sigma*sigma))) for e in sample_points])
2022/04/02 03:10:06: the node embedding have been generated
2022/04/02 03:10:06: ready to compute the wass diss with sinkhorn = False and w = 0.0
2022/04/02 03:15:18: have computed the wass diss with sinkhorn = False and w = 0.0
2022/04/02 03:15:19: ready to compute the wass diss with sinkhorn = False and w = 1.0
2022/04/02 03:22:33: have computed the wass diss with sinkhorn = False and w = 1.0
2022/04/02 03:22:34: ready to compute the wass diss with sinkhorn = False and w = 0.05
2022/04/02 03:29:15: have computed the wass diss with sinkhorn = False and w = 0.05
2022/04/02 03:29:15: ready to compute the wass diss with sinkhorn = False and w = 0.1
2022/04/02 03:35:56: have computed the wass diss with sinkhorn = False and w = 0.1
2022/04/02 03:35:56: ready to compute the wass diss with sinkhorn = False and w = 0.15
2022/04/02 03:42:36: have computed the wass diss with sinkhorn = False and w = 0.15
2022/04/02 03:42:37: ready to compute the wass diss with sinkhorn = False and w = 0.2
2022/04/02 03:49:16: have computed the wass diss with sinkhorn = False and w = 0.2
2022/04/02 03:49:16: ready to compute the wass diss with sinkhorn = False and w = 0.25
2022/04/02 03:55:57: have computed the wass diss with sinkhorn = False and w = 0.25
2022/04/02 03:55:57: ready to compute the wass diss with sinkhorn = False and w = 0.3
2022/04/02 04:02:39: have computed the wass diss with sinkhorn = False and w = 0.3
2022/04/02 04:02:40: ready to compute the wass diss with sinkhorn = False and w = 0.35
2022/04/02 04:09:20: have computed the wass diss with sinkhorn = False and w = 0.35
2022/04/02 04:09:20: ready to compute the wass diss with sinkhorn = False and w = 0.4
2022/04/02 04:15:59: have computed the wass diss with sinkhorn = False and w = 0.4
2022/04/02 04:15:59: ready to compute the wass diss with sinkhorn = False and w = 0.45
2022/04/02 04:22:38: have computed the wass diss with sinkhorn = False and w = 0.45
2022/04/02 04:22:38: ready to compute the wass diss with sinkhorn = False and w = 0.5
2022/04/02 04:29:18: have computed the wass diss with sinkhorn = False and w = 0.5
2022/04/02 04:29:18: ready to compute the wass diss with sinkhorn = False and w = 0.55
2022/04/02 04:35:58: have computed the wass diss with sinkhorn = False and w = 0.55
2022/04/02 04:35:58: ready to compute the wass diss with sinkhorn = False and w = 0.6
2022/04/02 04:42:39: have computed the wass diss with sinkhorn = False and w = 0.6
2022/04/02 04:42:39: ready to compute the wass diss with sinkhorn = False and w = 0.65
2022/04/02 04:49:20: have computed the wass diss with sinkhorn = False and w = 0.65
2022/04/02 04:49:20: ready to compute the wass diss with sinkhorn = False and w = 0.7
2022/04/02 04:56:03: have computed the wass diss with sinkhorn = False and w = 0.7
2022/04/02 04:56:03: ready to compute the wass diss with sinkhorn = False and w = 0.75
2022/04/02 05:02:49: have computed the wass diss with sinkhorn = False and w = 0.75
2022/04/02 05:02:49: ready to compute the wass diss with sinkhorn = False and w = 0.8
2022/04/02 05:09:41: have computed the wass diss with sinkhorn = False and w = 0.8
2022/04/02 05:09:41: ready to compute the wass diss with sinkhorn = False and w = 0.85
2022/04/02 05:16:37: have computed the wass diss with sinkhorn = False and w = 0.85
2022/04/02 05:16:38: ready to compute the wass diss with sinkhorn = False and w = 0.9
2022/04/02 05:23:42: have computed the wass diss with sinkhorn = False and w = 0.9
2022/04/02 05:23:42: ready to compute the wass diss with sinkhorn = False and w = 0.95
2022/04/02 05:30:54: have computed the wass diss with sinkhorn = False and w = 0.95
2022/04/02 05:30:54: have saved wasserstein_distance_matrix_it0_0.00_False.npy
2022/04/02 05:30:54: have saved wasserstein_distance_matrix_it0_1.00_False.npy
2022/04/02 05:30:54: have saved wasserstein_distance_matrix_it0_0.05_False.npy
2022/04/02 05:30:54: have saved wasserstein_distance_matrix_it0_0.10_False.npy
2022/04/02 05:30:54: have saved wasserstein_distance_matrix_it0_0.15_False.npy
2022/04/02 05:30:54: have saved wasserstein_distance_matrix_it0_0.20_False.npy
2022/04/02 05:30:54: have saved wasserstein_distance_matrix_it0_0.25_False.npy
2022/04/02 05:30:54: have saved wasserstein_distance_matrix_it0_0.30_False.npy
2022/04/02 05:30:54: have saved wasserstein_distance_matrix_it0_0.35_False.npy
2022/04/02 05:30:54: have saved wasserstein_distance_matrix_it0_0.40_False.npy
2022/04/02 05:30:54: have saved wasserstein_distance_matrix_it0_0.45_False.npy
2022/04/02 05:30:54: have saved wasserstein_distance_matrix_it0_0.50_False.npy
2022/04/02 05:30:54: have saved wasserstein_distance_matrix_it0_0.55_False.npy
2022/04/02 05:30:54: have saved wasserstein_distance_matrix_it0_0.60_False.npy
2022/04/02 05:30:54: have saved wasserstein_distance_matrix_it0_0.65_False.npy
2022/04/02 05:30:54: have saved wasserstein_distance_matrix_it0_0.70_False.npy
2022/04/02 05:30:54: have saved wasserstein_distance_matrix_it0_0.75_False.npy
2022/04/02 05:30:54: have saved wasserstein_distance_matrix_it0_0.80_False.npy
2022/04/02 05:30:54: have saved wasserstein_distance_matrix_it0_0.85_False.npy
2022/04/02 05:30:54: have saved wasserstein_distance_matrix_it0_0.90_False.npy
2022/04/02 05:30:54: have saved wasserstein_distance_matrix_it0_0.95_False.npy
2022/04/02 05:30:54: Wasserstein distances computation done. Saved to file.
2022/04/02 05:30:55: Running SVMs, crossvalidation: True, gridsearch: True.
2022/04/02 05:42:39: gridsearch and crossvalidation done
