
=============================================================
Graph classification using the HKS/WKS and Wassertain kernel.
=============================================================

Generating HKS embeddings for MUTAG.
Kernel matrices computed.

Running SVMs, crossvalidation: True, gridsearch: True.
(10, 210)
(210,)
The best result is  [0.89304813 0.86934046 0.86951872 0.86934046 0.86951872 0.8573975
 0.88716578 0.86934046 0.88235294 0.87058824]
The best params is  {'K_idx': 18, 'params': {'C': 1000.0}} (900, 0.1)
Mean 10-fold accuracy: 87.38 +- 1.00 %
Mean 10-fold accuracy: 86.20 +- 7.09 %
Results saved in results/MUTAG/HKS/results_MUTAG_HKS_2022-02-22 23:14_crossvalidation_gridsearch.csv.

=============================================================
Graph classification using the HKS/WKS and Wassertain kernel.
=============================================================

Generating HKS embeddings for PTC_MR.
Kernel matrices computed.

Running SVMs, crossvalidation: True, gridsearch: True.
(10, 210)
(210,)
The best result is  [0.55674246 0.57599154 0.59238498 0.54050767 0.57096774 0.59032258
 0.58709677 0.57419355 0.6        0.57419355]
The best params is  {'K_idx': 11, 'params': {'C': 1.0}} (800, 0.01)
Mean 10-fold accuracy: 57.62 +- 1.68 %
Mean 10-fold accuracy: 53.77 +- 6.63 %
Results saved in results/PTC_MR/HKS/results_PTC_MR_HKS_2022-02-22 23:19_crossvalidation_gridsearch.csv.

=============================================================
Graph classification using the HKS/WKS and Wassertain kernel.
=============================================================

Generating HKS embeddings for ENZYMES.
Kernel matrices computed.

Running SVMs, crossvalidation: True, gridsearch: True.
(10, 210)
(210,)
The best result is  [0.17777778 0.19259259 0.19444444 0.18703704 0.1962963  0.19259259
 0.18703704 0.19074074 0.19259259 0.19814815]
The best params is  {'K_idx': 6, 'params': {'C': 10.0}} (600, 0.0001)
Mean 10-fold accuracy: 19.09 +- 0.55 %
Mean 10-fold accuracy: 21.00 +- 4.16 %
Results saved in results/ENZYMES/HKS/results_ENZYMES_HKS_2022-02-22 23:38_crossvalidation_gridsearch.csv.
