
=============================================================
Graph classification using the HKS/WKS and Wassertain kernel.
=============================================================

Generating HKS embeddings for MUTAG.
Kernel matrices computed.

Running SVMs, crossvalidation: True, gridsearch: True.
(10, 210)
(210,)
The best result is  [0.88698752 0.82816399 0.84010695 0.8399287  0.87557932 0.82816399
 0.85793226 0.8399287  0.87647059 0.83529412]
The best params is  {'K_idx': 28, 'params': {'C': 1.0}} (600, 1.0)
Mean 10-fold accuracy: 85.09 +- 2.06 %
Mean 10-fold accuracy: 84.04 +- 7.85 %
Results saved in results/MUTAG/HKS/results_MUTAG_HKS_2022-02-23 00:08_crossvalidation_gridsearch.csv.

=============================================================
Graph classification using the HKS/WKS and Wassertain kernel.
=============================================================

Generating HKS embeddings for PTC_MR.
Kernel matrices computed.

Running SVMs, crossvalidation: True, gridsearch: True.
(10, 210)
(210,)
The best result is  [0.58577472 0.57604442 0.5858276  0.55658382 0.56129032 0.62580645
 0.59677419 0.62903226 0.61612903 0.59032258]
The best params is  {'K_idx': 11, 'params': {'C': 1000.0}} (500, 10.0)
Mean 10-fold accuracy: 59.24 +- 2.38 %
Mean 10-fold accuracy: 59.02 +- 4.72 %
Results saved in results/PTC_MR/HKS/results_PTC_MR_HKS_2022-02-23 00:13_crossvalidation_gridsearch.csv.

=============================================================
Graph classification using the HKS/WKS and Wassertain kernel.
=============================================================

Generating HKS embeddings for ENZYMES.
Kernel matrices computed.

Running SVMs, crossvalidation: True, gridsearch: True.
(10, 210)
(210,)
The best result is  [0.32777778 0.3537037  0.34444444 0.35555556 0.3462963  0.33518519
 0.32777778 0.31666667 0.34814815 0.33703704]
The best params is  {'K_idx': 26, 'params': {'C': 100.0}} (500, 0.01)
Mean 10-fold accuracy: 33.93 +- 1.19 %
Mean 10-fold accuracy: 67.83 +- 5.82 %
Results saved in results/ENZYMES/HKS/results_ENZYMES_HKS_2022-02-23 00:35_crossvalidation_gridsearch.csv.
