
=============================================================
Graph classification using the HKS/WKS and Wassertain kernel.
=============================================================

Generating HKS embeddings by <function get_random_samples_based_exp_dual at 0x7fe1de2c78b0> with hl=800 for MUTAG.

Kernel matrices computed.

Mean 10-fold accuracy: 85.64 +- 2.38 %
Results saved in results/MUTAG/HKS/results_MUTAG_HKS_2022-04-10 12:17_crossvalidation_gridsearch.csv.

=============================================================
Graph classification using the HKS/WKS and Wassertain kernel.
=============================================================

Generating WKS embeddings by <function get_sample4WKS at 0x7f5374489670> with hl=800 for MUTAG.

Kernel matrices computed.

Mean 10-fold accuracy: 82.43 +- 2.28 %
Results saved in results/MUTAG/WKS/results_MUTAG_WKS_2022-04-10 12:17_crossvalidation_gridsearch.csv.

=============================================================
Graph classification using the HKS/WKS and Wassertain kernel.
=============================================================

Generating HKS embeddings by <function get_random_samples_based_exp_dual at 0x7feadfb168b0> with hl=800 for PTC_MR.

Kernel matrices computed.

Mean 10-fold accuracy: 54.66 +- 2.02 %
Results saved in results/PTC_MR/HKS/results_PTC_MR_HKS_2022-04-10 12:17_crossvalidation_gridsearch.csv.

=============================================================
Graph classification using the HKS/WKS and Wassertain kernel.
=============================================================

Generating WKS embeddings by <function get_sample4WKS at 0x7f6905837670> with hl=800 for PTC_MR.

Kernel matrices computed.

Mean 10-fold accuracy: 58.97 +- 1.98 %
Results saved in results/PTC_MR/WKS/results_PTC_MR_WKS_2022-04-10 12:17_crossvalidation_gridsearch.csv.

=============================================================
Graph classification using the HKS/WKS and Wassertain kernel.
=============================================================

Generating HKS embeddings by <function get_random_samples_based_exp_dual at 0x7f16c97fc8b0> with hl=800 for PROTEINS.

Kernel matrices computed.

Mean 10-fold accuracy: 72.84 +- 0.95 %
Results saved in results/PROTEINS/HKS/results_PROTEINS_HKS_2022-04-10 12:18_crossvalidation_gridsearch.csv.

=============================================================
Graph classification using the HKS/WKS and Wassertain kernel.
=============================================================

Generating WKS embeddings by <function get_sample4WKS at 0x7f093e5a6670> with hl=800 for PROTEINS.

Kernel matrices computed.

Mean 10-fold accuracy: 71.13 +- 0.82 %
Results saved in results/PROTEINS/WKS/results_PROTEINS_WKS_2022-04-10 12:18_crossvalidation_gridsearch.csv.

=============================================================
Graph classification using the HKS/WKS and Wassertain kernel.
=============================================================

Generating HKS embeddings by <function get_random_samples_based_exp_dual at 0x7f0e6ceb28b0> with hl=800 for ENZYMES.

Kernel matrices computed.

Mean 10-fold accuracy: 28.83 +- 2.16 %
Results saved in results/ENZYMES/HKS/results_ENZYMES_HKS_2022-04-10 12:19_crossvalidation_gridsearch.csv.

=============================================================
Graph classification using the HKS/WKS and Wassertain kernel.
=============================================================

Generating WKS embeddings by <function get_sample4WKS at 0x7f83e99df670> with hl=800 for ENZYMES.

Kernel matrices computed.

Mean 10-fold accuracy: 32.50 +- 1.77 %
Results saved in results/ENZYMES/WKS/results_ENZYMES_WKS_2022-04-10 12:19_crossvalidation_gridsearch.csv.

=============================================================
Graph classification using the HKS/WKS and Wassertain kernel.
=============================================================

Generating HKS embeddings by <function get_random_samples_based_exp_dual at 0x7fcd727458b0> with hl=800 for DD.

Kernel matrices computed.

Mean 10-fold accuracy: 75.21 +- 1.17 %
Results saved in results/DD/HKS/results_DD_HKS_2022-04-10 12:20_crossvalidation_gridsearch.csv.

=============================================================
Graph classification using the HKS/WKS and Wassertain kernel.
=============================================================

Generating WKS embeddings by <function get_sample4WKS at 0x7fba70cd6670> with hl=800 for DD.

Kernel matrices computed.

Mean 10-fold accuracy: 74.69 +- 1.18 %
Results saved in results/DD/WKS/results_DD_WKS_2022-04-10 12:20_crossvalidation_gridsearch.csv.
