
=============================================================
Graph classification using the HKS/WKS and Wassertain kernel.
=============================================================

Generating HKS embeddings by <function get_random_samples_li at 0x2b34b3afa160> with w=0.4 for MUTAG.
Kernel matrices computed.

Running SVMs, crossvalidation: True, gridsearch: True.
Mean 10-fold accuracy: 78.16 +- 7.71 %
Results saved in results/MUTAG/HKS/results_MUTAG_HKS_2022-03-04 10:46_crossvalidation_gridsearch.csv.

=============================================================
Graph classification using the HKS/WKS and Wassertain kernel.
=============================================================

Generating HKS embeddings by <function get_random_samples_li at 0x2b9cc4697160> with w=0.4 for PTC_MR.
Kernel matrices computed.

Running SVMs, crossvalidation: True, gridsearch: True.
Mean 10-fold accuracy: 52.64 +- 6.55 %
Results saved in results/PTC_MR/HKS/results_PTC_MR_HKS_2022-03-04 10:58_crossvalidation_gridsearch.csv.

=============================================================
Graph classification using the HKS/WKS and Wassertain kernel.
=============================================================

Generating WKS embeddings by <function get_sample4WKS at 0x2b66cc4f7700> with w=0.4 for MUTAG.
Kernel matrices computed.

Running SVMs, crossvalidation: True, gridsearch: True.
Mean 10-fold accuracy: 82.37 +- 7.34 %
Results saved in results/MUTAG/WKS/results_MUTAG_WKS_2022-03-04 11:06_crossvalidation_gridsearch.csv.

=============================================================
Graph classification using the HKS/WKS and Wassertain kernel.
=============================================================

Generating WKS embeddings by <function get_sample4WKS at 0x2ba398df8700> with w=0.4 for PTC_MR.
Kernel matrices computed.

Running SVMs, crossvalidation: True, gridsearch: True.
Mean 10-fold accuracy: 59.02 +- 5.69 %
Results saved in results/PTC_MR/WKS/results_PTC_MR_WKS_2022-03-04 11:24_crossvalidation_gridsearch.csv.
