/public1/home/scfa2295/HKS-Wasserstein-kernel/exp/exphl
/public1/home/scfa2295/HKS-Wasserstein-kernel/exp/w

=============================================================
Graph classification using the HKS/WKS and Wassertain kernel.
=============================================================

Generating HKS embeddings by <function get_random_samples_based_exp_dual at 0x2b566019a160> with hl=100 for PTC_MR.
with hlen = 100, C = 1000.0 and gammas = 1.0

Kernel matrices computed.

Mean 10-fold accuracy: 61.02 +- 1.82 %
Results saved in /public1/home/scfa2295/HKS-Wasserstein-kernel/exp/exphl/results/PTC_MR/HKS/results_PTC_MR_HKS_0.35_2022-04-08 16:50_crossvalidation.csv.

=============================================================
Graph classification using the HKS/WKS and Wassertain kernel.
=============================================================

Generating HKS embeddings by <function get_random_samples_based_exp_dual at 0x2b6145b68160> with hl=200 for PTC_MR.
with hlen = 200, C = 1000.0 and gammas = 1.0

Kernel matrices computed.

Mean 10-fold accuracy: 56.42 +- 1.93 %
Results saved in /public1/home/scfa2295/HKS-Wasserstein-kernel/exp/exphl/results/PTC_MR/HKS/results_PTC_MR_HKS_0.35_2022-04-08 16:51_crossvalidation.csv.

=============================================================
Graph classification using the HKS/WKS and Wassertain kernel.
=============================================================

Generating HKS embeddings by <function get_random_samples_based_exp_dual at 0x2ac67a04f160> with hl=300 for PTC_MR.
with hlen = 300, C = 1000.0 and gammas = 1.0

Kernel matrices computed.

Mean 10-fold accuracy: 60.76 +- 2.27 %
Results saved in /public1/home/scfa2295/HKS-Wasserstein-kernel/exp/exphl/results/PTC_MR/HKS/results_PTC_MR_HKS_0.35_2022-04-08 16:53_crossvalidation.csv.

=============================================================
Graph classification using the HKS/WKS and Wassertain kernel.
=============================================================

Generating HKS embeddings by <function get_random_samples_based_exp_dual at 0x2ab6f3092160> with hl=400 for PTC_MR.
with hlen = 400, C = 1000.0 and gammas = 1.0

Kernel matrices computed.

Mean 10-fold accuracy: 54.66 +- 2.10 %
Results saved in /public1/home/scfa2295/HKS-Wasserstein-kernel/exp/exphl/results/PTC_MR/HKS/results_PTC_MR_HKS_0.35_2022-04-08 16:54_crossvalidation.csv.

=============================================================
Graph classification using the HKS/WKS and Wassertain kernel.
=============================================================

Generating HKS embeddings by <function get_random_samples_based_exp_dual at 0x2b7b35a64160> with hl=500 for PTC_MR.
with hlen = 500, C = 1000.0 and gammas = 1.0

Kernel matrices computed.

Mean 10-fold accuracy: 56.13 +- 2.36 %
Results saved in /public1/home/scfa2295/HKS-Wasserstein-kernel/exp/exphl/results/PTC_MR/HKS/results_PTC_MR_HKS_0.35_2022-04-08 16:56_crossvalidation.csv.

=============================================================
Graph classification using the HKS/WKS and Wassertain kernel.
=============================================================

Generating HKS embeddings by <function get_random_samples_based_exp_dual at 0x2b9bf5778160> with hl=600 for PTC_MR.
with hlen = 600, C = 1000.0 and gammas = 1.0

Kernel matrices computed.

Mean 10-fold accuracy: 56.97 +- 1.66 %
Results saved in /public1/home/scfa2295/HKS-Wasserstein-kernel/exp/exphl/results/PTC_MR/HKS/results_PTC_MR_HKS_0.35_2022-04-08 16:57_crossvalidation.csv.

=============================================================
Graph classification using the HKS/WKS and Wassertain kernel.
=============================================================

Generating HKS embeddings by <function get_random_samples_based_exp_dual at 0x2b6b8068b160> with hl=700 for PTC_MR.
with hlen = 700, C = 1000.0 and gammas = 1.0

Kernel matrices computed.

Mean 10-fold accuracy: 57.87 +- 2.95 %
Results saved in /public1/home/scfa2295/HKS-Wasserstein-kernel/exp/exphl/results/PTC_MR/HKS/results_PTC_MR_HKS_0.35_2022-04-08 16:57_crossvalidation.csv.

=============================================================
Graph classification using the HKS/WKS and Wassertain kernel.
=============================================================

Generating HKS embeddings by <function get_random_samples_based_exp_dual at 0x2b6cff174160> with hl=800 for PTC_MR.
with hlen = 800, C = 1000.0 and gammas = 1.0

Kernel matrices computed.

Mean 10-fold accuracy: 57.55 +- 2.07 %
Results saved in /public1/home/scfa2295/HKS-Wasserstein-kernel/exp/exphl/results/PTC_MR/HKS/results_PTC_MR_HKS_0.35_2022-04-08 16:58_crossvalidation.csv.

=============================================================
Graph classification using the HKS/WKS and Wassertain kernel.
=============================================================

Generating HKS embeddings by <function get_random_samples_based_exp_dual at 0x2ab0bffab160> with hl=900 for PTC_MR.
with hlen = 900, C = 1000.0 and gammas = 1.0

Kernel matrices computed.

Mean 10-fold accuracy: 59.28 +- 2.06 %
Results saved in /public1/home/scfa2295/HKS-Wasserstein-kernel/exp/exphl/results/PTC_MR/HKS/results_PTC_MR_HKS_0.35_2022-04-08 16:59_crossvalidation.csv.

=============================================================
Graph classification using the HKS/WKS and Wassertain kernel.
=============================================================

Generating HKS embeddings by <function get_random_samples_based_exp_dual at 0x2af031c06160> with hl=1000 for PTC_MR.
with hlen = 1000, C = 1000.0 and gammas = 1.0

Kernel matrices computed.

Mean 10-fold accuracy: 58.15 +- 2.25 %
Results saved in /public1/home/scfa2295/HKS-Wasserstein-kernel/exp/exphl/results/PTC_MR/HKS/results_PTC_MR_HKS_0.35_2022-04-08 17:00_crossvalidation.csv.

=============================================================
Graph classification using the HKS/WKS and Wassertain kernel.
=============================================================

Generating HKS embeddings by <function get_random_samples_based_exp_dual at 0x2b677c19b160> with hl=1100 for PTC_MR.
with hlen = 1100, C = 1000.0 and gammas = 1.0

Kernel matrices computed.

Mean 10-fold accuracy: 57.86 +- 2.36 %
Results saved in /public1/home/scfa2295/HKS-Wasserstein-kernel/exp/exphl/results/PTC_MR/HKS/results_PTC_MR_HKS_0.35_2022-04-08 17:01_crossvalidation.csv.

=============================================================
Graph classification using the HKS/WKS and Wassertain kernel.
=============================================================

Generating HKS embeddings by <function get_random_samples_based_exp_dual at 0x2b89528c5160> with hl=1200 for PTC_MR.
with hlen = 1200, C = 1000.0 and gammas = 1.0

Kernel matrices computed.

Mean 10-fold accuracy: 59.33 +- 2.27 %
Results saved in /public1/home/scfa2295/HKS-Wasserstein-kernel/exp/exphl/results/PTC_MR/HKS/results_PTC_MR_HKS_0.35_2022-04-08 17:03_crossvalidation.csv.

=============================================================
Graph classification using the HKS/WKS and Wassertain kernel.
=============================================================

Generating HKS embeddings by <function get_random_samples_based_exp_dual at 0x2af0d04fe160> with hl=1300 for PTC_MR.
with hlen = 1300, C = 1000.0 and gammas = 1.0

Kernel matrices computed.

Mean 10-fold accuracy: 60.44 +- 1.45 %
Results saved in /public1/home/scfa2295/HKS-Wasserstein-kernel/exp/exphl/results/PTC_MR/HKS/results_PTC_MR_HKS_0.35_2022-04-08 17:04_crossvalidation.csv.
  adding: public1/home/scfa2295/HKS-Wasserstein-kernel/exp/exphl/results/ (stored 0%)
  adding: public1/home/scfa2295/HKS-Wasserstein-kernel/exp/exphl/results/PTC_MR/ (stored 0%)
  adding: public1/home/scfa2295/HKS-Wasserstein-kernel/exp/exphl/results/PTC_MR/WKS/ (stored 0%)
  adding: public1/home/scfa2295/HKS-Wasserstein-kernel/exp/exphl/results/PTC_MR/WKS/results_PTC_MR_WKS_0.60_2022-04-08 15:04_crossvalidation.csv (deflated 69%)
  adding: public1/home/scfa2295/HKS-Wasserstein-kernel/exp/exphl/results/PTC_MR/WKS/results_PTC_MR_WKS_0.60_2022-04-08 15:14_crossvalidation.csv (deflated 72%)
  adding: public1/home/scfa2295/HKS-Wasserstein-kernel/exp/exphl/results/PTC_MR/WKS/results_PTC_MR_WKS_0.60_2022-04-08 15:00_crossvalidation.csv (deflated 72%)
  adding: public1/home/scfa2295/HKS-Wasserstein-kernel/exp/exphl/results/PTC_MR/WKS/results_PTC_MR_WKS_0.60_2022-04-08 14:58_crossvalidation.csv (deflated 72%)
  adding: public1/home/scfa2295/HKS-Wasserstein-kernel/exp/exphl/results/PTC_MR/WKS/results_PTC_MR_WKS_0.60_2022-04-08 14:57_crossvalidation.csv (deflated 69%)
  adding: public1/home/scfa2295/HKS-Wasserstein-kernel/exp/exphl/results/PTC_MR/WKS/results_PTC_MR_WKS_0.60_2022-04-08 14:59_crossvalidation.csv (deflated 71%)
  adding: public1/home/scfa2295/HKS-Wasserstein-kernel/exp/exphl/results/PTC_MR/WKS/results_PTC_MR_WKS_0.60_2022-04-08 15:12_crossvalidation.csv (deflated 71%)
  adding: public1/home/scfa2295/HKS-Wasserstein-kernel/exp/exphl/results/PTC_MR/WKS/results_PTC_MR_WKS_0.60_2022-04-08 15:01_crossvalidation.csv (deflated 72%)
  adding: public1/home/scfa2295/HKS-Wasserstein-kernel/exp/exphl/results/PTC_MR/WKS/results_PTC_MR_WKS_0.60_2022-04-08 15:17_crossvalidation.csv (deflated 71%)
  adding: public1/home/scfa2295/HKS-Wasserstein-kernel/exp/exphl/results/PTC_MR/WKS/results_PTC_MR_WKS_0.60_2022-04-08 15:07_crossvalidation.csv (deflated 70%)
  adding: public1/home/scfa2295/HKS-Wasserstein-kernel/exp/exphl/results/PTC_MR/WKS/results_PTC_MR_WKS_0.60_2022-04-08 15:03_crossvalidation.csv (deflated 72%)
  adding: public1/home/scfa2295/HKS-Wasserstein-kernel/exp/exphl/results/PTC_MR/WKS/results_PTC_MR_WKS_0.60_2022-04-08 15:09_crossvalidation.csv (deflated 70%)
  adding: public1/home/scfa2295/HKS-Wasserstein-kernel/exp/exphl/results/PTC_MR/WKS/results_PTC_MR_WKS_0.60_2022-04-08 14:56_crossvalidation.csv (deflated 71%)
  adding: public1/home/scfa2295/HKS-Wasserstein-kernel/exp/exphl/results/PTC_MR/HKS/ (stored 0%)
  adding: public1/home/scfa2295/HKS-Wasserstein-kernel/exp/exphl/results/PTC_MR/HKS/results_PTC_MR_HKS_0.35_2022-04-08 17:03_crossvalidation.csv (deflated 73%)
  adding: public1/home/scfa2295/HKS-Wasserstein-kernel/exp/exphl/results/PTC_MR/HKS/results_PTC_MR_HKS_0.35_2022-04-08 16:54_crossvalidation.csv (deflated 71%)
  adding: public1/home/scfa2295/HKS-Wasserstein-kernel/exp/exphl/results/PTC_MR/HKS/results_PTC_MR_HKS_0.35_2022-04-08 16:57_crossvalidation.csv (deflated 68%)
  adding: public1/home/scfa2295/HKS-Wasserstein-kernel/exp/exphl/results/PTC_MR/HKS/results_PTC_MR_HKS_0.35_2022-04-08 16:56_crossvalidation.csv (deflated 71%)
  adding: public1/home/scfa2295/HKS-Wasserstein-kernel/exp/exphl/results/PTC_MR/HKS/results_PTC_MR_HKS_0.35_2022-04-08 17:04_crossvalidation.csv (deflated 70%)
  adding: public1/home/scfa2295/HKS-Wasserstein-kernel/exp/exphl/results/PTC_MR/HKS/results_PTC_MR_HKS_0.35_2022-04-08 17:00_crossvalidation.csv (deflated 72%)
  adding: public1/home/scfa2295/HKS-Wasserstein-kernel/exp/exphl/results/PTC_MR/HKS/results_PTC_MR_HKS_0.35_2022-04-08 16:58_crossvalidation.csv (deflated 70%)
  adding: public1/home/scfa2295/HKS-Wasserstein-kernel/exp/exphl/results/PTC_MR/HKS/results_PTC_MR_HKS_0.35_2022-04-08 16:50_crossvalidation.csv (deflated 69%)
  adding: public1/home/scfa2295/HKS-Wasserstein-kernel/exp/exphl/results/PTC_MR/HKS/results_PTC_MR_HKS_0.35_2022-04-08 17:01_crossvalidation.csv (deflated 70%)
  adding: public1/home/scfa2295/HKS-Wasserstein-kernel/exp/exphl/results/PTC_MR/HKS/results_PTC_MR_HKS_0.35_2022-04-08 16:53_crossvalidation.csv (deflated 71%)
  adding: public1/home/scfa2295/HKS-Wasserstein-kernel/exp/exphl/results/PTC_MR/HKS/results_PTC_MR_HKS_0.35_2022-04-08 16:51_crossvalidation.csv (deflated 71%)
  adding: public1/home/scfa2295/HKS-Wasserstein-kernel/exp/exphl/results/PTC_MR/HKS/results_PTC_MR_HKS_0.35_2022-04-08 16:59_crossvalidation.csv (deflated 71%)
  adding: public1/home/scfa2295/HKS-Wasserstein-kernel/exp/exphl/results/PROTEINS/ (stored 0%)
  adding: public1/home/scfa2295/HKS-Wasserstein-kernel/exp/exphl/results/PROTEINS/HKS/ (stored 0%)
  adding: public1/home/scfa2295/HKS-Wasserstein-kernel/exp/exphl/results/PROTEINS/HKS/results_PROTEINS_HKS_0.25_2022-04-08 13:40_crossvalidation.csv (deflated 70%)
  adding: public1/home/scfa2295/HKS-Wasserstein-kernel/exp/exphl/results/PROTEINS/HKS/results_PROTEINS_HKS_0.25_2022-04-08 14:30_crossvalidation.csv (deflated 72%)
  adding: public1/home/scfa2295/HKS-Wasserstein-kernel/exp/exphl/results/PROTEINS/HKS/results_PROTEINS_HKS_0.25_2022-04-08 13:48_crossvalidation.csv (deflated 73%)
  adding: public1/home/scfa2295/HKS-Wasserstein-kernel/exp/exphl/results/PROTEINS/HKS/results_PROTEINS_HKS_0.25_2022-04-08 14:43_crossvalidation.csv (deflated 71%)
  adding: public1/home/scfa2295/HKS-Wasserstein-kernel/exp/exphl/results/PROTEINS/HKS/results_PROTEINS_HKS_0.25_2022-04-08 14:19_crossvalidation.csv (deflated 72%)
  adding: public1/home/scfa2295/HKS-Wasserstein-kernel/exp/exphl/results/PROTEINS/HKS/results_PROTEINS_HKS_0.25_2022-04-08 13:25_crossvalidation.csv (deflated 71%)
  adding: public1/home/scfa2295/HKS-Wasserstein-kernel/exp/exphl/results/PROTEINS/HKS/results_PROTEINS_HKS_0.25_2022-04-08 14:08_crossvalidation.csv (deflated 72%)
  adding: public1/home/scfa2295/HKS-Wasserstein-kernel/exp/exphl/results/PROTEINS/HKS/results_PROTEINS_HKS_0.25_2022-04-08 13:58_crossvalidation.csv (deflated 71%)
  adding: public1/home/scfa2295/HKS-Wasserstein-kernel/exp/exphl/results/PROTEINS/HKS/results_PROTEINS_HKS_0.25_2022-04-08 13:32_crossvalidation.csv (deflated 71%)
