[[16:53:3916:53:39] ] /opt/dgl/src/runtime/tensordispatch.cc/opt/dgl/src/runtime/tensordispatch.cc::4343: : TensorDispatcher: dlopen failed: TensorDispatcher: dlopen failed: /public1/home/scfa1517/anaconda3/envs/myenv/lib/python3.9/site-packages/dgl/tensoradapter/pytorch/libtensoradapter_pytorch_1.10.2.so: cannot open shared object file: No such file or directory/public1/home/scfa1517/anaconda3/envs/myenv/lib/python3.9/site-packages/dgl/tensoradapter/pytorch/libtensoradapter_pytorch_1.10.2.so: cannot open shared object file: No such file or directory

[Using backend: pytorch
Using backend: pytorch
16:53:39] /opt/dgl/src/runtime/tensordispatch.cc:[43: 16:53:39TensorDispatcher: dlopen failed: ] /public1/home/scfa1517/anaconda3/envs/myenv/lib/python3.9/site-packages/dgl/tensoradapter/pytorch/libtensoradapter_pytorch_1.10.2.so: cannot open shared object file: No such file or directory/opt/dgl/src/runtime/tensordispatch.cc
:[43: 16:53:39TensorDispatcher: dlopen failed: Using backend: pytorch
] /public1/home/scfa1517/anaconda3/envs/myenv/lib/python3.9/site-packages/dgl/tensoradapter/pytorch/libtensoradapter_pytorch_1.10.2.so: cannot open shared object file: No such file or directory/opt/dgl/src/runtime/tensordispatch.cc
:43: TensorDispatcher: dlopen failed: /public1/home/scfa1517/anaconda3/envs/myenv/lib/python3.9/site-packages/dgl/tensoradapter/pytorch/libtensoradapter_pytorch_1.10.2.so: cannot open shared object file: No such file or directoryUsing backend: pytorch

Using backend: pytorch
/public1/home/scfa1517/HKS-Wasserstein-kernel/signature.py:137: ComplexWarning: Casting complex values to real discards the imaginary part
  hks[i] = np.array([np.sum(np.exp(-eigenvalues*t)*eigenvectors[i]*eigenvectors[i]) for t in sample_points])
/public1/home/scfa1517/HKS-Wasserstein-kernel/signature.py:137: ComplexWarning: Casting complex values to real discards the imaginary part
  hks[i] = np.array([np.sum(np.exp(-eigenvalues*t)*eigenvectors[i]*eigenvectors[i]) for t in sample_points])
/public1/home/scfa1517/HKS-Wasserstein-kernel/signature.py:137: ComplexWarning: Casting complex values to real discards the imaginary part
  hks[i] = np.array([np.sum(np.exp(-eigenvalues*t)*eigenvectors[i]*eigenvectors[i]) for t in sample_points])
/public1/home/scfa1517/HKS-Wasserstein-kernel/signature.py:101: ComplexWarning: Casting complex values to real discards the imaginary part
  wks[i] = np.array([np.sum(np.exp(-(e-log_eigenvalue)*(e-log_eigenvalue)/(2*sigma*sigma))*eigenvectors[i]*eigenvectors[i])/np.sum(np.exp(-(e-log_eigenvalue)*(e-log_eigenvalue)/(2*sigma*sigma))) for e in sample_points])
/public1/home/scfa1517/HKS-Wasserstein-kernel/signature.py:101: RuntimeWarning: overflow encountered in cfloat_scalars
  wks[i] = np.array([np.sum(np.exp(-(e-log_eigenvalue)*(e-log_eigenvalue)/(2*sigma*sigma))*eigenvectors[i]*eigenvectors[i])/np.sum(np.exp(-(e-log_eigenvalue)*(e-log_eigenvalue)/(2*sigma*sigma))) for e in sample_points])
/public1/home/scfa1517/HKS-Wasserstein-kernel/signature.py:101: RuntimeWarning: invalid value encountered in cfloat_scalars
  wks[i] = np.array([np.sum(np.exp(-(e-log_eigenvalue)*(e-log_eigenvalue)/(2*sigma*sigma))*eigenvectors[i]*eigenvectors[i])/np.sum(np.exp(-(e-log_eigenvalue)*(e-log_eigenvalue)/(2*sigma*sigma))) for e in sample_points])
/public1/home/scfa1517/HKS-Wasserstein-kernel/signature.py:101: ComplexWarning: Casting complex values to real discards the imaginary part
  wks[i] = np.array([np.sum(np.exp(-(e-log_eigenvalue)*(e-log_eigenvalue)/(2*sigma*sigma))*eigenvectors[i]*eigenvectors[i])/np.sum(np.exp(-(e-log_eigenvalue)*(e-log_eigenvalue)/(2*sigma*sigma))) for e in sample_points])
/public1/home/scfa1517/HKS-Wasserstein-kernel/signature.py:39: RuntimeWarning: invalid value encountered in log
  points = np.log(np.linspace(start=np.log(t_min),stop=np.log(t_max),num=T))
/public1/home/scfa1517/HKS-Wasserstein-kernel/signature.py:37: RuntimeWarning: divide by zero encountered in double_scalars
  t_min = 4*np.log(10)/sorted_eigen[1]
/public1/home/scfa1517/anaconda3/envs/myenv/lib/python3.9/site-packages/numpy/core/function_base.py:151: RuntimeWarning: invalid value encountered in multiply
  y *= step
/public1/home/scfa1517/anaconda3/envs/myenv/lib/python3.9/site-packages/numpy/core/function_base.py:161: RuntimeWarning: invalid value encountered in add
  y += start
/public1/home/scfa1517/HKS-Wasserstein-kernel/signature.py:137: RuntimeWarning: overflow encountered in exp
  hks[i] = np.array([np.sum(np.exp(-eigenvalues*t)*eigenvectors[i]*eigenvectors[i]) for t in sample_points])
/public1/home/scfa1517/HKS-Wasserstein-kernel/signature.py:137: RuntimeWarning: invalid value encountered in multiply
  hks[i] = np.array([np.sum(np.exp(-eigenvalues*t)*eigenvectors[i]*eigenvectors[i]) for t in sample_points])
