/public1/home/scfa1517/HKS-Wasserstein-kernel/exp/searchw
/public1/home/scfa1517/HKS-Wasserstein-kernel

=============================================================
Graph classification using the HKS/WKS and Wassertain kernel.
=============================================================

Generating HKS embeddings by <function get_random_samples_based_exp_dual at 0x2b64e36f9700> with hl=800 for PROTEINS.
Downloading /public1/home/scfa1517/.dgl/PROTEINS.zip from https://www.chrsmrrs.com/graphkerneldatasets/PROTEINS.zip...
Extracting file to /public1/home/scfa1517/.dgl/PROTEINS
Kernel matrices computed.

Running SVMs, crossvalidation: True, gridsearch: True.
Mean 10-fold accuracy: 74.31 +- 3.39 %
Results saved in /public1/home/scfa1517/HKS-Wasserstein-kernel/exp/searchw/PROTEINS/HKS/results_PROTEINS_HKS_2022-03-27 00:24_crossvalidation_gridsearch.csv.

=============================================================
Graph classification using the HKS/WKS and Wassertain kernel.
=============================================================

Generating WKS embeddings by <function get_sample4WKS at 0x2b973625aa60> with hl=800 for PROTEINS.
Kernel matrices computed.

Running SVMs, crossvalidation: True, gridsearch: True.
Mean 10-fold accuracy: 73.67 +- 3.07 %
Results saved in /public1/home/scfa1517/HKS-Wasserstein-kernel/exp/searchw/PROTEINS/WKS/results_PROTEINS_WKS_2022-03-27 01:19_crossvalidation_gridsearch.csv.
  adding: PROTEINS/ (stored 0%)
  adding: PROTEINS/WKS/ (stored 0%)
  adding: PROTEINS/WKS/results_PROTEINS_WKS_2022-03-27 01:19_crossvalidation_gridsearch.csv (deflated 69%)
  adding: PROTEINS/HKS/ (stored 0%)
  adding: PROTEINS/HKS/results_PROTEINS_HKS_2022-03-27 00:24_crossvalidation_gridsearch.csv (deflated 70%)
