/public1/home/scfa1517/HKS-Wasserstein-kernel/exp/searchw
/public1/home/scfa1517/HKS-Wasserstein-kernel

=============================================================
Graph classification using the HKS/WKS and Wassertain kernel.
=============================================================

Generating HKS embeddings by <function get_random_samples_based_exp_dual at 0x2b94b11931f0> with hl=800 for PROTEINS.

Kernel matrices computed.

Mean 10-fold accuracy: 75.27 +- 3.46 %
Results saved in /public1/home/scfa1517/HKS-Wasserstein-kernel/exp/searchw/PROTEINS/HKS/results_PROTEINS_HKS_2022-03-28 21:59_crossvalidation_gridsearch.csv.

=============================================================
Graph classification using the HKS/WKS and Wassertain kernel.
=============================================================

Generating WKS embeddings by <function get_sample4WKS at 0x2b549d61b550> with hl=800 for PROTEINS.

Kernel matrices computed.

Mean 10-fold accuracy: 75.18 +- 2.50 %
Results saved in /public1/home/scfa1517/HKS-Wasserstein-kernel/exp/searchw/PROTEINS/WKS/results_PROTEINS_WKS_2022-03-28 22:58_crossvalidation_gridsearch.csv.
  adding: PROTEINS/ (stored 0%)
  adding: PROTEINS/WKS/ (stored 0%)
  adding: PROTEINS/WKS/results_PROTEINS_WKS_2022-03-27 01:19_crossvalidation_gridsearch.csv (deflated 69%)
  adding: PROTEINS/WKS/results_PROTEINS_WKS_2022-03-28 22:58_crossvalidation_gridsearch.csv (deflated 68%)
  adding: PROTEINS/HKS/ (stored 0%)
  adding: PROTEINS/HKS/results_PROTEINS_HKS_2022-03-27 00:24_crossvalidation_gridsearch.csv (deflated 70%)
  adding: PROTEINS/HKS/results_PROTEINS_HKS_2022-03-28 21:59_crossvalidation_gridsearch.csv (deflated 68%)
