/public1/home/scfa1517/HKS-Wasserstein-kernel/exp/searchw
/public1/home/scfa1517/HKS-Wasserstein-kernel

=============================================================
Graph classification using the HKS/WKS and Wassertain kernel.
=============================================================

Generating WKS embeddings by <function get_sample4WKS at 0x2ac042863550> with hl=800 for DD.

Kernel matrices computed.

Mean 10-fold accuracy: 78.06 +- 3.97 %
Results saved in /public1/home/scfa1517/HKS-Wasserstein-kernel/exp/searchw/DD/WKS/results_DD_WKS_2022-03-28 19:54_crossvalidation_gridsearch.csv.
  adding: DD/ (stored 0%)
  adding: DD/WKS/ (stored 0%)
  adding: DD/WKS/results_DD_WKS_2022-03-28 19:54_crossvalidation_gridsearch.csv (deflated 62%)
  adding: DD/HKS/ (stored 0%)
  adding: DD/HKS/results_DD_HKS_2022-03-27 23:26_gridsearch.csv (deflated 16%)
[master d4d878e] exp:record for DD_w_hl=800_no_cv--sinkhorn.zip
 6 files changed, 36 insertions(+), 15 deletions(-)
 delete mode 100644 exp/searchw/1121130.err
 create mode 100644 exp/searchw/1121140.err
 rename exp/searchw/{1121130.out => 1121140.out} (63%)
 delete mode 100644 exp/searchw/DD/WKS/results_DD_WKS_2022-03-28 19:49_gridsearch.csv
 create mode 100644 exp/searchw/DD/WKS/results_DD_WKS_2022-03-28 19:54_crossvalidation_gridsearch.csv
 rewrite exp/searchw/DD_w_hl=800_no_cv--sinkhorn.zip (74%)
