
=============================================================
Graph classification using the HKS/WKS and Wassertain kernel.
=============================================================

Generating HKS embeddings by <function get_random_samples_based_exp_dual at 0x7f9b6a6d78b0> with hl=800 for MUTAG.
with hlen = 800, C = 10.0 and gammas = 1.0

Kernel matrices computed.

Mean 10-fold accuracy: 80.35 +- 2.57 %
Results saved in /home/ricardo/HKS-Wasserstein-kernel/exp/ablation_exp/results/MUTAG/HKS/results_MUTAG_HKS_1.00_2022-04-10 15:47:49_crossvalidation.csv.

=============================================================
Graph classification using the HKS/WKS and Wassertain kernel.
=============================================================

Generating HKS embeddings by <function get_random_samples_based_exp_dual at 0x7fb291a828b0> with hl=800 for MUTAG.
with hlen = 800, C = 100.0 and gammas = 0.1

Kernel matrices computed.

Mean 10-fold accuracy: 77.69 +- 2.84 %
Results saved in /home/ricardo/HKS-Wasserstein-kernel/exp/ablation_exp/results/MUTAG/HKS/results_MUTAG_HKS_1.00_2022-04-10 15:47:51_crossvalidation.csv.

=============================================================
Graph classification using the HKS/WKS and Wassertain kernel.
=============================================================

Generating HKS embeddings by <function get_random_samples_based_exp_dual at 0x7fc6dcb8b8b0> with hl=800 for MUTAG.
with hlen = 800, C = 10.0 and gammas = 1.0

Kernel matrices computed.

Mean 10-fold accuracy: 80.35 +- 2.57 %
Results saved in /home/ricardo/HKS-Wasserstein-kernel/exp/ablation_exp/results/MUTAG/HKS/results_MUTAG_HKS_1.00_2022-04-10 15:47:53_crossvalidation.csv.

=============================================================
Graph classification using the HKS/WKS and Wassertain kernel.
=============================================================

Generating HKS embeddings by <function get_random_samples_based_exp_dual at 0x7ff64c9e98b0> with hl=800 for MUTAG.
with hlen = 800, C = 10.0 and gammas = 1.0

Kernel matrices computed.

Mean 10-fold accuracy: 80.35 +- 2.57 %
Results saved in /home/ricardo/HKS-Wasserstein-kernel/exp/ablation_exp/results/MUTAG/HKS/results_MUTAG_HKS_1.00_2022-04-10 15:47:55_crossvalidation.csv.

=============================================================
Graph classification using the HKS/WKS and Wassertain kernel.
=============================================================

Generating HKS embeddings by <function get_random_samples_based_exp_dual at 0x7f33c03bc8b0> with hl=800 for MUTAG.
with hlen = 800, C = 10.0 and gammas = 0.1

Kernel matrices computed.

Mean 10-fold accuracy: 84.59 +- 2.75 %
Results saved in /home/ricardo/HKS-Wasserstein-kernel/exp/ablation_exp/results/MUTAG/HKS/results_MUTAG_HKS_1.00_2022-04-10 15:47:56_crossvalidation.csv.

=============================================================
Graph classification using the HKS/WKS and Wassertain kernel.
=============================================================

Generating HKS embeddings by <function get_random_samples_based_exp_dual at 0x7f46713468b0> with hl=800 for MUTAG.
with hlen = 800, C = 100.0 and gammas = 0.1

Kernel matrices computed.

Mean 10-fold accuracy: 77.69 +- 2.84 %
Results saved in /home/ricardo/HKS-Wasserstein-kernel/exp/ablation_exp/results/MUTAG/HKS/results_MUTAG_HKS_1.00_2022-04-10 15:47:57_crossvalidation.csv.

=============================================================
Graph classification using the HKS/WKS and Wassertain kernel.
=============================================================

Generating HKS embeddings by <function get_random_samples_based_exp_dual at 0x7f766fe7d8b0> with hl=800 for MUTAG.
with hlen = 800, C = 1.0 and gammas = 10.0

Kernel matrices computed.

Mean 10-fold accuracy: 79.74 +- 2.14 %
Results saved in /home/ricardo/HKS-Wasserstein-kernel/exp/ablation_exp/results/MUTAG/HKS/results_MUTAG_HKS_1.00_2022-04-10 15:47:59_crossvalidation.csv.

=============================================================
Graph classification using the HKS/WKS and Wassertain kernel.
=============================================================

Generating HKS embeddings by <function get_random_samples_based_exp_dual at 0x7fc5731d68b0> with hl=800 for MUTAG.
with hlen = 800, C = 10.0 and gammas = 1.0

Kernel matrices computed.

Mean 10-fold accuracy: 80.35 +- 2.57 %
Results saved in /home/ricardo/HKS-Wasserstein-kernel/exp/ablation_exp/results/MUTAG/HKS/results_MUTAG_HKS_1.00_2022-04-10 15:48:00_crossvalidation.csv.

=============================================================
Graph classification using the HKS/WKS and Wassertain kernel.
=============================================================

Generating HKS embeddings by <function get_random_samples_based_exp_dual at 0x7f3c830188b0> with hl=800 for MUTAG.
with hlen = 800, C = 1000.0 and gammas = 0.01

Kernel matrices computed.

Mean 10-fold accuracy: 79.77 +- 2.69 %
Results saved in /home/ricardo/HKS-Wasserstein-kernel/exp/ablation_exp/results/MUTAG/HKS/results_MUTAG_HKS_1.00_2022-04-10 15:48:02_crossvalidation.csv.

=============================================================
Graph classification using the HKS/WKS and Wassertain kernel.
=============================================================

Generating HKS embeddings by <function get_random_samples_based_exp_dual at 0x7f9d84ab88b0> with hl=800 for MUTAG.
with hlen = 800, C = 10.0 and gammas = 1.0

Kernel matrices computed.

Mean 10-fold accuracy: 80.35 +- 2.57 %
Results saved in /home/ricardo/HKS-Wasserstein-kernel/exp/ablation_exp/results/MUTAG/HKS/results_MUTAG_HKS_1.00_2022-04-10 15:48:03_crossvalidation.csv.

=============================================================
Graph classification using the HKS/WKS and Wassertain kernel.
=============================================================

Generating WKS embeddings by <function get_sample4WKS at 0x7f8a538dc670> with hl=800 for MUTAG.
with hlen = 800, C = 100.0 and gammas = 1.0

Kernel matrices computed.

Mean 10-fold accuracy: 83.48 +- 1.77 %
Results saved in /home/ricardo/HKS-Wasserstein-kernel/exp/ablation_exp/results/MUTAG/WKS/results_MUTAG_WKS_1.00_2022-04-10 15:48:05_crossvalidation.csv.

=============================================================
Graph classification using the HKS/WKS and Wassertain kernel.
=============================================================

Generating WKS embeddings by <function get_sample4WKS at 0x7fe0a6b92670> with hl=800 for MUTAG.
with hlen = 800, C = 1000.0 and gammas = 0.1

Kernel matrices computed.

Mean 10-fold accuracy: 85.12 +- 1.82 %
Results saved in /home/ricardo/HKS-Wasserstein-kernel/exp/ablation_exp/results/MUTAG/WKS/results_MUTAG_WKS_1.00_2022-04-10 15:48:06_crossvalidation.csv.

=============================================================
Graph classification using the HKS/WKS and Wassertain kernel.
=============================================================

Generating WKS embeddings by <function get_sample4WKS at 0x7fc5fcf2c670> with hl=800 for MUTAG.
with hlen = 800, C = 100.0 and gammas = 1.0

Kernel matrices computed.

Mean 10-fold accuracy: 83.48 +- 1.77 %
Results saved in /home/ricardo/HKS-Wasserstein-kernel/exp/ablation_exp/results/MUTAG/WKS/results_MUTAG_WKS_1.00_2022-04-10 15:48:08_crossvalidation.csv.

=============================================================
Graph classification using the HKS/WKS and Wassertain kernel.
=============================================================

Generating WKS embeddings by <function get_sample4WKS at 0x7f0760773670> with hl=800 for MUTAG.
with hlen = 800, C = 100.0 and gammas = 0.1

Kernel matrices computed.

Mean 10-fold accuracy: 87.25 +- 1.99 %
Results saved in /home/ricardo/HKS-Wasserstein-kernel/exp/ablation_exp/results/MUTAG/WKS/results_MUTAG_WKS_1.00_2022-04-10 15:48:10_crossvalidation.csv.

=============================================================
Graph classification using the HKS/WKS and Wassertain kernel.
=============================================================

Generating WKS embeddings by <function get_sample4WKS at 0x7faf37788670> with hl=800 for MUTAG.
with hlen = 800, C = 1000.0 and gammas = 0.1

Kernel matrices computed.

Mean 10-fold accuracy: 85.12 +- 1.82 %
Results saved in /home/ricardo/HKS-Wasserstein-kernel/exp/ablation_exp/results/MUTAG/WKS/results_MUTAG_WKS_1.00_2022-04-10 15:48:11_crossvalidation.csv.

=============================================================
Graph classification using the HKS/WKS and Wassertain kernel.
=============================================================

Generating WKS embeddings by <function get_sample4WKS at 0x7ff713960670> with hl=800 for MUTAG.
with hlen = 800, C = 100.0 and gammas = 1.0

Kernel matrices computed.

Mean 10-fold accuracy: 83.48 +- 1.77 %
Results saved in /home/ricardo/HKS-Wasserstein-kernel/exp/ablation_exp/results/MUTAG/WKS/results_MUTAG_WKS_1.00_2022-04-10 15:48:13_crossvalidation.csv.

=============================================================
Graph classification using the HKS/WKS and Wassertain kernel.
=============================================================

Generating WKS embeddings by <function get_sample4WKS at 0x7f5f40fcb670> with hl=800 for MUTAG.
with hlen = 800, C = 100.0 and gammas = 1.0

Kernel matrices computed.

Mean 10-fold accuracy: 83.48 +- 1.77 %
Results saved in /home/ricardo/HKS-Wasserstein-kernel/exp/ablation_exp/results/MUTAG/WKS/results_MUTAG_WKS_1.00_2022-04-10 15:48:14_crossvalidation.csv.

=============================================================
Graph classification using the HKS/WKS and Wassertain kernel.
=============================================================

Generating WKS embeddings by <function get_sample4WKS at 0x7f54fba63670> with hl=800 for MUTAG.
with hlen = 800, C = 100.0 and gammas = 1.0

Kernel matrices computed.

Mean 10-fold accuracy: 83.48 +- 1.77 %
Results saved in /home/ricardo/HKS-Wasserstein-kernel/exp/ablation_exp/results/MUTAG/WKS/results_MUTAG_WKS_1.00_2022-04-10 15:48:15_crossvalidation.csv.

=============================================================
Graph classification using the HKS/WKS and Wassertain kernel.
=============================================================

Generating WKS embeddings by <function get_sample4WKS at 0x7eff63c2b670> with hl=800 for MUTAG.
with hlen = 800, C = 1000.0 and gammas = 0.1

Kernel matrices computed.

Mean 10-fold accuracy: 85.12 +- 1.82 %
Results saved in /home/ricardo/HKS-Wasserstein-kernel/exp/ablation_exp/results/MUTAG/WKS/results_MUTAG_WKS_1.00_2022-04-10 15:48:17_crossvalidation.csv.

=============================================================
Graph classification using the HKS/WKS and Wassertain kernel.
=============================================================

Generating WKS embeddings by <function get_sample4WKS at 0x7f3aad375670> with hl=800 for MUTAG.
with hlen = 800, C = 100.0 and gammas = 1.0

Kernel matrices computed.

Mean 10-fold accuracy: 83.48 +- 1.77 %
Results saved in /home/ricardo/HKS-Wasserstein-kernel/exp/ablation_exp/results/MUTAG/WKS/results_MUTAG_WKS_1.00_2022-04-10 15:48:18_crossvalidation.csv.

=============================================================
Graph classification using the HKS/WKS and Wassertain kernel.
=============================================================

Generating HKS embeddings by <function get_random_samples_based_exp_dual at 0x7fbea57c88b0> with hl=800 for PTC_MR.
with hlen = 800, C = 1000.0 and gammas = 0.01

Kernel matrices computed.

Mean 10-fold accuracy: 54.36 +- 2.74 %
Results saved in /home/ricardo/HKS-Wasserstein-kernel/exp/ablation_exp/results/PTC_MR/HKS/results_PTC_MR_HKS_1.00_2022-04-10 15:48:20_crossvalidation.csv.

=============================================================
Graph classification using the HKS/WKS and Wassertain kernel.
=============================================================

Generating HKS embeddings by <function get_random_samples_based_exp_dual at 0x7f8ed94188b0> with hl=800 for PTC_MR.
with hlen = 800, C = 1000.0 and gammas = 0.01

Kernel matrices computed.

Mean 10-fold accuracy: 54.36 +- 2.74 %
Results saved in /home/ricardo/HKS-Wasserstein-kernel/exp/ablation_exp/results/PTC_MR/HKS/results_PTC_MR_HKS_1.00_2022-04-10 15:48:22_crossvalidation.csv.

=============================================================
Graph classification using the HKS/WKS and Wassertain kernel.
=============================================================

Generating HKS embeddings by <function get_random_samples_based_exp_dual at 0x7f31e71be8b0> with hl=800 for PTC_MR.
with hlen = 800, C = 10.0 and gammas = 1.0

Kernel matrices computed.

Mean 10-fold accuracy: 58.71 +- 1.45 %
Results saved in /home/ricardo/HKS-Wasserstein-kernel/exp/ablation_exp/results/PTC_MR/HKS/results_PTC_MR_HKS_1.00_2022-04-10 15:48:23_crossvalidation.csv.

=============================================================
Graph classification using the HKS/WKS and Wassertain kernel.
=============================================================

Generating HKS embeddings by <function get_random_samples_based_exp_dual at 0x7f88a05478b0> with hl=800 for PTC_MR.
with hlen = 800, C = 10.0 and gammas = 1.0

Kernel matrices computed.

Mean 10-fold accuracy: 58.71 +- 1.45 %
Results saved in /home/ricardo/HKS-Wasserstein-kernel/exp/ablation_exp/results/PTC_MR/HKS/results_PTC_MR_HKS_1.00_2022-04-10 15:48:25_crossvalidation.csv.

=============================================================
Graph classification using the HKS/WKS and Wassertain kernel.
=============================================================

Generating HKS embeddings by <function get_random_samples_based_exp_dual at 0x7fef696258b0> with hl=800 for PTC_MR.
with hlen = 800, C = 1000.0 and gammas = 0.01

Kernel matrices computed.

Mean 10-fold accuracy: 54.36 +- 2.74 %
Results saved in /home/ricardo/HKS-Wasserstein-kernel/exp/ablation_exp/results/PTC_MR/HKS/results_PTC_MR_HKS_1.00_2022-04-10 15:48:26_crossvalidation.csv.

=============================================================
Graph classification using the HKS/WKS and Wassertain kernel.
=============================================================

Generating HKS embeddings by <function get_random_samples_based_exp_dual at 0x7f6eb4a838b0> with hl=800 for PTC_MR.
with hlen = 800, C = 1000.0 and gammas = 0.01

Kernel matrices computed.

Mean 10-fold accuracy: 54.36 +- 2.74 %
Results saved in /home/ricardo/HKS-Wasserstein-kernel/exp/ablation_exp/results/PTC_MR/HKS/results_PTC_MR_HKS_1.00_2022-04-10 15:48:28_crossvalidation.csv.

=============================================================
Graph classification using the HKS/WKS and Wassertain kernel.
=============================================================

Generating HKS embeddings by <function get_random_samples_based_exp_dual at 0x7f5d5164b8b0> with hl=800 for PTC_MR.
with hlen = 800, C = 10.0 and gammas = 1.0

Kernel matrices computed.

Mean 10-fold accuracy: 58.71 +- 1.45 %
Results saved in /home/ricardo/HKS-Wasserstein-kernel/exp/ablation_exp/results/PTC_MR/HKS/results_PTC_MR_HKS_1.00_2022-04-10 15:48:29_crossvalidation.csv.

=============================================================
Graph classification using the HKS/WKS and Wassertain kernel.
=============================================================

Generating HKS embeddings by <function get_random_samples_based_exp_dual at 0x7f1e3c3538b0> with hl=800 for PTC_MR.
with hlen = 800, C = 100.0 and gammas = 0.1

Kernel matrices computed.

Mean 10-fold accuracy: 57.26 +- 3.43 %
Results saved in /home/ricardo/HKS-Wasserstein-kernel/exp/ablation_exp/results/PTC_MR/HKS/results_PTC_MR_HKS_1.00_2022-04-10 15:48:31_crossvalidation.csv.

=============================================================
Graph classification using the HKS/WKS and Wassertain kernel.
=============================================================

Generating HKS embeddings by <function get_random_samples_based_exp_dual at 0x7f3ada9d78b0> with hl=800 for PTC_MR.
with hlen = 800, C = 100.0 and gammas = 1.0

Kernel matrices computed.

Mean 10-fold accuracy: 59.32 +- 1.74 %
Results saved in /home/ricardo/HKS-Wasserstein-kernel/exp/ablation_exp/results/PTC_MR/HKS/results_PTC_MR_HKS_1.00_2022-04-10 15:48:32_crossvalidation.csv.

=============================================================
Graph classification using the HKS/WKS and Wassertain kernel.
=============================================================

Generating HKS embeddings by <function get_random_samples_based_exp_dual at 0x7f8fe007b8b0> with hl=800 for PTC_MR.
with hlen = 800, C = 1000.0 and gammas = 0.01

Kernel matrices computed.

Mean 10-fold accuracy: 54.36 +- 2.74 %
Results saved in /home/ricardo/HKS-Wasserstein-kernel/exp/ablation_exp/results/PTC_MR/HKS/results_PTC_MR_HKS_1.00_2022-04-10 15:48:34_crossvalidation.csv.

=============================================================
Graph classification using the HKS/WKS and Wassertain kernel.
=============================================================

Generating WKS embeddings by <function get_sample4WKS at 0x7f1c4ca79670> with hl=800 for PTC_MR.
with hlen = 800, C = 1.0 and gammas = 10.0

Kernel matrices computed.

Mean 10-fold accuracy: 63.36 +- 1.90 %
Results saved in /home/ricardo/HKS-Wasserstein-kernel/exp/ablation_exp/results/PTC_MR/WKS/results_PTC_MR_WKS_1.00_2022-04-10 15:48:36_crossvalidation.csv.

=============================================================
Graph classification using the HKS/WKS and Wassertain kernel.
=============================================================

Generating WKS embeddings by <function get_sample4WKS at 0x7f64d8405670> with hl=800 for PTC_MR.
with hlen = 800, C = 1000.0 and gammas = 10.0

Kernel matrices computed.

Mean 10-fold accuracy: 58.40 +- 1.45 %
Results saved in /home/ricardo/HKS-Wasserstein-kernel/exp/ablation_exp/results/PTC_MR/WKS/results_PTC_MR_WKS_1.00_2022-04-10 15:48:37_crossvalidation.csv.

=============================================================
Graph classification using the HKS/WKS and Wassertain kernel.
=============================================================

Generating WKS embeddings by <function get_sample4WKS at 0x7fb155897670> with hl=800 for PTC_MR.
with hlen = 800, C = 1.0 and gammas = 10.0

Kernel matrices computed.

Mean 10-fold accuracy: 63.36 +- 1.90 %
Results saved in /home/ricardo/HKS-Wasserstein-kernel/exp/ablation_exp/results/PTC_MR/WKS/results_PTC_MR_WKS_1.00_2022-04-10 15:48:39_crossvalidation.csv.

=============================================================
Graph classification using the HKS/WKS and Wassertain kernel.
=============================================================

Generating WKS embeddings by <function get_sample4WKS at 0x7f3022069670> with hl=800 for PTC_MR.
with hlen = 800, C = 1.0 and gammas = 10.0

Kernel matrices computed.

Mean 10-fold accuracy: 63.36 +- 1.90 %
Results saved in /home/ricardo/HKS-Wasserstein-kernel/exp/ablation_exp/results/PTC_MR/WKS/results_PTC_MR_WKS_1.00_2022-04-10 15:48:40_crossvalidation.csv.

=============================================================
Graph classification using the HKS/WKS and Wassertain kernel.
=============================================================

Generating WKS embeddings by <function get_sample4WKS at 0x7f1e866bd670> with hl=800 for PTC_MR.
with hlen = 800, C = 10.0 and gammas = 10.0

Kernel matrices computed.

Mean 10-fold accuracy: 58.10 +- 2.15 %
Results saved in /home/ricardo/HKS-Wasserstein-kernel/exp/ablation_exp/results/PTC_MR/WKS/results_PTC_MR_WKS_1.00_2022-04-10 15:48:42_crossvalidation.csv.

=============================================================
Graph classification using the HKS/WKS and Wassertain kernel.
=============================================================

Generating WKS embeddings by <function get_sample4WKS at 0x7fc6888b5670> with hl=800 for PTC_MR.
with hlen = 800, C = 1.0 and gammas = 10.0

Kernel matrices computed.

Mean 10-fold accuracy: 63.36 +- 1.90 %
Results saved in /home/ricardo/HKS-Wasserstein-kernel/exp/ablation_exp/results/PTC_MR/WKS/results_PTC_MR_WKS_1.00_2022-04-10 15:48:43_crossvalidation.csv.

=============================================================
Graph classification using the HKS/WKS and Wassertain kernel.
=============================================================

Generating WKS embeddings by <function get_sample4WKS at 0x7fba50d13670> with hl=800 for PTC_MR.
with hlen = 800, C = 1.0 and gammas = 10.0

Kernel matrices computed.

Mean 10-fold accuracy: 63.36 +- 1.90 %
Results saved in /home/ricardo/HKS-Wasserstein-kernel/exp/ablation_exp/results/PTC_MR/WKS/results_PTC_MR_WKS_1.00_2022-04-10 15:48:45_crossvalidation.csv.

=============================================================
Graph classification using the HKS/WKS and Wassertain kernel.
=============================================================

Generating WKS embeddings by <function get_sample4WKS at 0x7fc12fc14670> with hl=800 for PTC_MR.
with hlen = 800, C = 100.0 and gammas = 10.0

Kernel matrices computed.

Mean 10-fold accuracy: 58.40 +- 1.45 %
Results saved in /home/ricardo/HKS-Wasserstein-kernel/exp/ablation_exp/results/PTC_MR/WKS/results_PTC_MR_WKS_1.00_2022-04-10 15:48:46_crossvalidation.csv.

=============================================================
Graph classification using the HKS/WKS and Wassertain kernel.
=============================================================

Generating WKS embeddings by <function get_sample4WKS at 0x7f21c2b52670> with hl=800 for PTC_MR.
with hlen = 800, C = 1.0 and gammas = 10.0

Kernel matrices computed.

Mean 10-fold accuracy: 63.36 +- 1.90 %
Results saved in /home/ricardo/HKS-Wasserstein-kernel/exp/ablation_exp/results/PTC_MR/WKS/results_PTC_MR_WKS_1.00_2022-04-10 15:48:48_crossvalidation.csv.

=============================================================
Graph classification using the HKS/WKS and Wassertain kernel.
=============================================================

Generating WKS embeddings by <function get_sample4WKS at 0x7f5ab145e670> with hl=800 for PTC_MR.
with hlen = 800, C = 10.0 and gammas = 1.0

Kernel matrices computed.

Mean 10-fold accuracy: 57.86 +- 1.27 %
Results saved in /home/ricardo/HKS-Wasserstein-kernel/exp/ablation_exp/results/PTC_MR/WKS/results_PTC_MR_WKS_1.00_2022-04-10 15:48:49_crossvalidation.csv.

=============================================================
Graph classification using the HKS/WKS and Wassertain kernel.
=============================================================

Generating HKS embeddings by <function get_random_samples_based_exp_dual at 0x7f3b69ba98b0> with hl=800 for ENZYMES.
with hlen = 800, C = 1.0 and gammas = 0.01

Kernel matrices computed.

Mean 10-fold accuracy: 19.83 +- 0.72 %
Results saved in /home/ricardo/HKS-Wasserstein-kernel/exp/ablation_exp/results/ENZYMES/HKS/results_ENZYMES_HKS_1.00_2022-04-10 15:48:51_crossvalidation.csv.

=============================================================
Graph classification using the HKS/WKS and Wassertain kernel.
=============================================================

Generating HKS embeddings by <function get_random_samples_based_exp_dual at 0x7fa91c30b8b0> with hl=800 for ENZYMES.
with hlen = 800, C = 100.0 and gammas = 0.01

Kernel matrices computed.

Mean 10-fold accuracy: 28.00 +- 1.58 %
Results saved in /home/ricardo/HKS-Wasserstein-kernel/exp/ablation_exp/results/ENZYMES/HKS/results_ENZYMES_HKS_1.00_2022-04-10 15:48:53_crossvalidation.csv.

=============================================================
Graph classification using the HKS/WKS and Wassertain kernel.
=============================================================

Generating HKS embeddings by <function get_random_samples_based_exp_dual at 0x7fa63806a8b0> with hl=800 for ENZYMES.
with hlen = 800, C = 10.0 and gammas = 0.01

Kernel matrices computed.

Mean 10-fold accuracy: 24.67 +- 1.26 %
Results saved in /home/ricardo/HKS-Wasserstein-kernel/exp/ablation_exp/results/ENZYMES/HKS/results_ENZYMES_HKS_1.00_2022-04-10 15:48:55_crossvalidation.csv.

=============================================================
Graph classification using the HKS/WKS and Wassertain kernel.
=============================================================

Generating HKS embeddings by <function get_random_samples_based_exp_dual at 0x7f56df1b48b0> with hl=800 for ENZYMES.
with hlen = 800, C = 100.0 and gammas = 0.001

Kernel matrices computed.

Mean 10-fold accuracy: 25.17 +- 1.01 %
Results saved in /home/ricardo/HKS-Wasserstein-kernel/exp/ablation_exp/results/ENZYMES/HKS/results_ENZYMES_HKS_1.00_2022-04-10 15:48:56_crossvalidation.csv.

=============================================================
Graph classification using the HKS/WKS and Wassertain kernel.
=============================================================

Generating HKS embeddings by <function get_random_samples_based_exp_dual at 0x7f19859d58b0> with hl=800 for ENZYMES.
with hlen = 800, C = 1000.0 and gammas = 0.001

Kernel matrices computed.

Mean 10-fold accuracy: 27.83 +- 1.93 %
Results saved in /home/ricardo/HKS-Wasserstein-kernel/exp/ablation_exp/results/ENZYMES/HKS/results_ENZYMES_HKS_1.00_2022-04-10 15:48:58_crossvalidation.csv.

=============================================================
Graph classification using the HKS/WKS and Wassertain kernel.
=============================================================

Generating HKS embeddings by <function get_random_samples_based_exp_dual at 0x7f0a2603b8b0> with hl=800 for ENZYMES.
with hlen = 800, C = 100.0 and gammas = 0.001

Kernel matrices computed.

Mean 10-fold accuracy: 25.17 +- 1.01 %
Results saved in /home/ricardo/HKS-Wasserstein-kernel/exp/ablation_exp/results/ENZYMES/HKS/results_ENZYMES_HKS_1.00_2022-04-10 15:49:00_crossvalidation.csv.

=============================================================
Graph classification using the HKS/WKS and Wassertain kernel.
=============================================================

Generating HKS embeddings by <function get_random_samples_based_exp_dual at 0x7fcfc61fe8b0> with hl=800 for ENZYMES.
with hlen = 800, C = 10.0 and gammas = 0.1

Kernel matrices computed.

Mean 10-fold accuracy: 28.67 +- 1.73 %
Results saved in /home/ricardo/HKS-Wasserstein-kernel/exp/ablation_exp/results/ENZYMES/HKS/results_ENZYMES_HKS_1.00_2022-04-10 15:49:01_crossvalidation.csv.

=============================================================
Graph classification using the HKS/WKS and Wassertain kernel.
=============================================================

Generating HKS embeddings by <function get_random_samples_based_exp_dual at 0x7f38ac08c8b0> with hl=800 for ENZYMES.
with hlen = 800, C = 1000.0 and gammas = 0.001

Kernel matrices computed.

Mean 10-fold accuracy: 27.83 +- 1.93 %
Results saved in /home/ricardo/HKS-Wasserstein-kernel/exp/ablation_exp/results/ENZYMES/HKS/results_ENZYMES_HKS_1.00_2022-04-10 15:49:03_crossvalidation.csv.

=============================================================
Graph classification using the HKS/WKS and Wassertain kernel.
=============================================================

Generating HKS embeddings by <function get_random_samples_based_exp_dual at 0x7fa44f0bf8b0> with hl=800 for ENZYMES.
with hlen = 800, C = 100.0 and gammas = 0.01

Kernel matrices computed.

Mean 10-fold accuracy: 28.00 +- 1.58 %
Results saved in /home/ricardo/HKS-Wasserstein-kernel/exp/ablation_exp/results/ENZYMES/HKS/results_ENZYMES_HKS_1.00_2022-04-10 15:49:05_crossvalidation.csv.

=============================================================
Graph classification using the HKS/WKS and Wassertain kernel.
=============================================================

Generating HKS embeddings by <function get_random_samples_based_exp_dual at 0x7fb225b4b8b0> with hl=800 for ENZYMES.
with hlen = 800, C = 100.0 and gammas = 0.01

Kernel matrices computed.

Mean 10-fold accuracy: 28.00 +- 1.58 %
Results saved in /home/ricardo/HKS-Wasserstein-kernel/exp/ablation_exp/results/ENZYMES/HKS/results_ENZYMES_HKS_1.00_2022-04-10 15:49:06_crossvalidation.csv.

=============================================================
Graph classification using the HKS/WKS and Wassertain kernel.
=============================================================

Generating WKS embeddings by <function get_sample4WKS at 0x7f3fbf65f670> with hl=800 for ENZYMES.
with hlen = 800, C = 1.0 and gammas = 0.01

Kernel matrices computed.

Mean 10-fold accuracy: 20.50 +- 0.58 %
Results saved in /home/ricardo/HKS-Wasserstein-kernel/exp/ablation_exp/results/ENZYMES/WKS/results_ENZYMES_WKS_1.00_2022-04-10 15:49:08_crossvalidation.csv.

=============================================================
Graph classification using the HKS/WKS and Wassertain kernel.
=============================================================

Generating WKS embeddings by <function get_sample4WKS at 0x7f390e159670> with hl=800 for ENZYMES.
with hlen = 800, C = 100.0 and gammas = 0.1

Kernel matrices computed.

Mean 10-fold accuracy: 25.83 +- 1.03 %
Results saved in /home/ricardo/HKS-Wasserstein-kernel/exp/ablation_exp/results/ENZYMES/WKS/results_ENZYMES_WKS_1.00_2022-04-10 15:49:10_crossvalidation.csv.

=============================================================
Graph classification using the HKS/WKS and Wassertain kernel.
=============================================================

Generating WKS embeddings by <function get_sample4WKS at 0x7f51e559c670> with hl=800 for ENZYMES.
with hlen = 800, C = 100.0 and gammas = 0.1

Kernel matrices computed.

Mean 10-fold accuracy: 25.83 +- 1.03 %
Results saved in /home/ricardo/HKS-Wasserstein-kernel/exp/ablation_exp/results/ENZYMES/WKS/results_ENZYMES_WKS_1.00_2022-04-10 15:49:11_crossvalidation.csv.

=============================================================
Graph classification using the HKS/WKS and Wassertain kernel.
=============================================================

Generating WKS embeddings by <function get_sample4WKS at 0x7fb72136f670> with hl=800 for ENZYMES.
with hlen = 800, C = 100.0 and gammas = 0.01

Kernel matrices computed.

Mean 10-fold accuracy: 23.50 +- 0.90 %
Results saved in /home/ricardo/HKS-Wasserstein-kernel/exp/ablation_exp/results/ENZYMES/WKS/results_ENZYMES_WKS_1.00_2022-04-10 15:49:13_crossvalidation.csv.

=============================================================
Graph classification using the HKS/WKS and Wassertain kernel.
=============================================================

Generating WKS embeddings by <function get_sample4WKS at 0x7f2b411a2670> with hl=800 for ENZYMES.
with hlen = 800, C = 100.0 and gammas = 0.1

Kernel matrices computed.

Mean 10-fold accuracy: 25.83 +- 1.03 %
Results saved in /home/ricardo/HKS-Wasserstein-kernel/exp/ablation_exp/results/ENZYMES/WKS/results_ENZYMES_WKS_1.00_2022-04-10 15:49:15_crossvalidation.csv.

=============================================================
Graph classification using the HKS/WKS and Wassertain kernel.
=============================================================

Generating WKS embeddings by <function get_sample4WKS at 0x7fe28eae5670> with hl=800 for ENZYMES.
with hlen = 800, C = 1000.0 and gammas = 0.001

Kernel matrices computed.

Mean 10-fold accuracy: 21.83 +- 1.19 %
Results saved in /home/ricardo/HKS-Wasserstein-kernel/exp/ablation_exp/results/ENZYMES/WKS/results_ENZYMES_WKS_1.00_2022-04-10 15:49:16_crossvalidation.csv.

=============================================================
Graph classification using the HKS/WKS and Wassertain kernel.
=============================================================

Generating WKS embeddings by <function get_sample4WKS at 0x7f703d93b670> with hl=800 for ENZYMES.
with hlen = 800, C = 1000.0 and gammas = 0.01

Kernel matrices computed.

Mean 10-fold accuracy: 26.17 +- 1.18 %
Results saved in /home/ricardo/HKS-Wasserstein-kernel/exp/ablation_exp/results/ENZYMES/WKS/results_ENZYMES_WKS_1.00_2022-04-10 15:49:18_crossvalidation.csv.

=============================================================
Graph classification using the HKS/WKS and Wassertain kernel.
=============================================================

Generating WKS embeddings by <function get_sample4WKS at 0x7f8242ca3670> with hl=800 for ENZYMES.
with hlen = 800, C = 1000.0 and gammas = 0.001

Kernel matrices computed.

Mean 10-fold accuracy: 21.83 +- 1.19 %
Results saved in /home/ricardo/HKS-Wasserstein-kernel/exp/ablation_exp/results/ENZYMES/WKS/results_ENZYMES_WKS_1.00_2022-04-10 15:49:20_crossvalidation.csv.

=============================================================
Graph classification using the HKS/WKS and Wassertain kernel.
=============================================================

Generating WKS embeddings by <function get_sample4WKS at 0x7f18fa658670> with hl=800 for ENZYMES.
with hlen = 800, C = 100.0 and gammas = 0.01

Kernel matrices computed.

Mean 10-fold accuracy: 23.50 +- 0.90 %
Results saved in /home/ricardo/HKS-Wasserstein-kernel/exp/ablation_exp/results/ENZYMES/WKS/results_ENZYMES_WKS_1.00_2022-04-10 15:49:21_crossvalidation.csv.

=============================================================
Graph classification using the HKS/WKS and Wassertain kernel.
=============================================================

Generating WKS embeddings by <function get_sample4WKS at 0x7f2f671f4670> with hl=800 for ENZYMES.
with hlen = 800, C = 10.0 and gammas = 0.01

Kernel matrices computed.

Mean 10-fold accuracy: 20.67 +- 0.79 %
Results saved in /home/ricardo/HKS-Wasserstein-kernel/exp/ablation_exp/results/ENZYMES/WKS/results_ENZYMES_WKS_1.00_2022-04-10 15:49:23_crossvalidation.csv.

=============================================================
Graph classification using the HKS/WKS and Wassertain kernel.
=============================================================

Generating HKS embeddings by <function get_random_samples_based_exp_dual at 0x7f0a29d8a8b0> with hl=800 for PROTEINS.
with hlen = 800, C = 10.0 and gammas = 0.1

Kernel matrices computed.

Mean 10-fold accuracy: 71.22 +- 1.16 %
Results saved in /home/ricardo/HKS-Wasserstein-kernel/exp/ablation_exp/results/PROTEINS/HKS/results_PROTEINS_HKS_1.00_2022-04-10 15:49:25_crossvalidation.csv.

=============================================================
Graph classification using the HKS/WKS and Wassertain kernel.
=============================================================

Generating HKS embeddings by <function get_random_samples_based_exp_dual at 0x7fa5a75908b0> with hl=800 for PROTEINS.
with hlen = 800, C = 1.0 and gammas = 1.0

Kernel matrices computed.

Mean 10-fold accuracy: 73.74 +- 0.90 %
Results saved in /home/ricardo/HKS-Wasserstein-kernel/exp/ablation_exp/results/PROTEINS/HKS/results_PROTEINS_HKS_1.00_2022-04-10 15:49:27_crossvalidation.csv.

=============================================================
Graph classification using the HKS/WKS and Wassertain kernel.
=============================================================

Generating HKS embeddings by <function get_random_samples_based_exp_dual at 0x7f373a58d8b0> with hl=800 for PROTEINS.
with hlen = 800, C = 1.0 and gammas = 1.0

Kernel matrices computed.

Mean 10-fold accuracy: 73.74 +- 0.90 %
Results saved in /home/ricardo/HKS-Wasserstein-kernel/exp/ablation_exp/results/PROTEINS/HKS/results_PROTEINS_HKS_1.00_2022-04-10 15:49:29_crossvalidation.csv.

=============================================================
Graph classification using the HKS/WKS and Wassertain kernel.
=============================================================

Generating HKS embeddings by <function get_random_samples_based_exp_dual at 0x7fce2b38e8b0> with hl=800 for PROTEINS.
with hlen = 800, C = 10.0 and gammas = 0.1

Kernel matrices computed.

Mean 10-fold accuracy: 71.22 +- 1.16 %
Results saved in /home/ricardo/HKS-Wasserstein-kernel/exp/ablation_exp/results/PROTEINS/HKS/results_PROTEINS_HKS_1.00_2022-04-10 15:49:31_crossvalidation.csv.

=============================================================
Graph classification using the HKS/WKS and Wassertain kernel.
=============================================================

Generating HKS embeddings by <function get_random_samples_based_exp_dual at 0x7fac9ffb18b0> with hl=800 for PROTEINS.
with hlen = 800, C = 1.0 and gammas = 1.0

Kernel matrices computed.

Mean 10-fold accuracy: 73.74 +- 0.90 %
Results saved in /home/ricardo/HKS-Wasserstein-kernel/exp/ablation_exp/results/PROTEINS/HKS/results_PROTEINS_HKS_1.00_2022-04-10 15:49:32_crossvalidation.csv.

=============================================================
Graph classification using the HKS/WKS and Wassertain kernel.
=============================================================

Generating HKS embeddings by <function get_random_samples_based_exp_dual at 0x7f8dccd448b0> with hl=800 for PROTEINS.
with hlen = 800, C = 10.0 and gammas = 0.1

Kernel matrices computed.

Mean 10-fold accuracy: 71.22 +- 1.16 %
Results saved in /home/ricardo/HKS-Wasserstein-kernel/exp/ablation_exp/results/PROTEINS/HKS/results_PROTEINS_HKS_1.00_2022-04-10 15:49:34_crossvalidation.csv.

=============================================================
Graph classification using the HKS/WKS and Wassertain kernel.
=============================================================

Generating HKS embeddings by <function get_random_samples_based_exp_dual at 0x7fd2e2e6d8b0> with hl=800 for PROTEINS.
with hlen = 800, C = 1.0 and gammas = 1.0

Kernel matrices computed.

Mean 10-fold accuracy: 73.74 +- 0.90 %
Results saved in /home/ricardo/HKS-Wasserstein-kernel/exp/ablation_exp/results/PROTEINS/HKS/results_PROTEINS_HKS_1.00_2022-04-10 15:49:36_crossvalidation.csv.

=============================================================
Graph classification using the HKS/WKS and Wassertain kernel.
=============================================================

Generating HKS embeddings by <function get_random_samples_based_exp_dual at 0x7f7417b348b0> with hl=800 for PROTEINS.
with hlen = 800, C = 1.0 and gammas = 1.0

Kernel matrices computed.

Mean 10-fold accuracy: 73.74 +- 0.90 %
Results saved in /home/ricardo/HKS-Wasserstein-kernel/exp/ablation_exp/results/PROTEINS/HKS/results_PROTEINS_HKS_1.00_2022-04-10 15:49:38_crossvalidation.csv.

=============================================================
Graph classification using the HKS/WKS and Wassertain kernel.
=============================================================

Generating HKS embeddings by <function get_random_samples_based_exp_dual at 0x7faea07968b0> with hl=800 for PROTEINS.
with hlen = 800, C = 1.0 and gammas = 1.0

Kernel matrices computed.

Mean 10-fold accuracy: 73.74 +- 0.90 %
Results saved in /home/ricardo/HKS-Wasserstein-kernel/exp/ablation_exp/results/PROTEINS/HKS/results_PROTEINS_HKS_1.00_2022-04-10 15:49:40_crossvalidation.csv.

=============================================================
Graph classification using the HKS/WKS and Wassertain kernel.
=============================================================

Generating HKS embeddings by <function get_random_samples_based_exp_dual at 0x7f66412678b0> with hl=800 for PROTEINS.
with hlen = 800, C = 1.0 and gammas = 1.0

Kernel matrices computed.

Mean 10-fold accuracy: 73.74 +- 0.90 %
Results saved in /home/ricardo/HKS-Wasserstein-kernel/exp/ablation_exp/results/PROTEINS/HKS/results_PROTEINS_HKS_1.00_2022-04-10 15:49:41_crossvalidation.csv.

=============================================================
Graph classification using the HKS/WKS and Wassertain kernel.
=============================================================

Generating WKS embeddings by <function get_sample4WKS at 0x7f4562015670> with hl=800 for PROTEINS.
with hlen = 800, C = 100.0 and gammas = 0.01

Kernel matrices computed.

Mean 10-fold accuracy: 71.67 +- 0.99 %
Results saved in /home/ricardo/HKS-Wasserstein-kernel/exp/ablation_exp/results/PROTEINS/WKS/results_PROTEINS_WKS_1.00_2022-04-10 15:49:43_crossvalidation.csv.

=============================================================
Graph classification using the HKS/WKS and Wassertain kernel.
=============================================================

Generating WKS embeddings by <function get_sample4WKS at 0x7fd2d922c670> with hl=800 for PROTEINS.
with hlen = 800, C = 1.0 and gammas = 1.0

Kernel matrices computed.

Mean 10-fold accuracy: 72.21 +- 0.77 %
Results saved in /home/ricardo/HKS-Wasserstein-kernel/exp/ablation_exp/results/PROTEINS/WKS/results_PROTEINS_WKS_1.00_2022-04-10 15:49:45_crossvalidation.csv.

=============================================================
Graph classification using the HKS/WKS and Wassertain kernel.
=============================================================

Generating WKS embeddings by <function get_sample4WKS at 0x7fabeee89670> with hl=800 for PROTEINS.
with hlen = 800, C = 10.0 and gammas = 10.0

Kernel matrices computed.

Mean 10-fold accuracy: 69.87 +- 0.78 %
Results saved in /home/ricardo/HKS-Wasserstein-kernel/exp/ablation_exp/results/PROTEINS/WKS/results_PROTEINS_WKS_1.00_2022-04-10 15:49:47_crossvalidation.csv.

=============================================================
Graph classification using the HKS/WKS and Wassertain kernel.
=============================================================

Generating WKS embeddings by <function get_sample4WKS at 0x7fd1d110e670> with hl=800 for PROTEINS.
with hlen = 800, C = 1.0 and gammas = 1.0

Kernel matrices computed.

Mean 10-fold accuracy: 72.21 +- 0.77 %
Results saved in /home/ricardo/HKS-Wasserstein-kernel/exp/ablation_exp/results/PROTEINS/WKS/results_PROTEINS_WKS_1.00_2022-04-10 15:49:49_crossvalidation.csv.

=============================================================
Graph classification using the HKS/WKS and Wassertain kernel.
=============================================================

Generating WKS embeddings by <function get_sample4WKS at 0x7f0a89442670> with hl=800 for PROTEINS.
with hlen = 800, C = 1000.0 and gammas = 0.001

Kernel matrices computed.

Mean 10-fold accuracy: 71.94 +- 0.99 %
Results saved in /home/ricardo/HKS-Wasserstein-kernel/exp/ablation_exp/results/PROTEINS/WKS/results_PROTEINS_WKS_1.00_2022-04-10 15:49:51_crossvalidation.csv.

=============================================================
Graph classification using the HKS/WKS and Wassertain kernel.
=============================================================

Generating WKS embeddings by <function get_sample4WKS at 0x7fdb8715e670> with hl=800 for PROTEINS.
with hlen = 800, C = 1.0 and gammas = 1.0

Kernel matrices computed.

Mean 10-fold accuracy: 72.21 +- 0.77 %
Results saved in /home/ricardo/HKS-Wasserstein-kernel/exp/ablation_exp/results/PROTEINS/WKS/results_PROTEINS_WKS_1.00_2022-04-10 15:49:53_crossvalidation.csv.

=============================================================
Graph classification using the HKS/WKS and Wassertain kernel.
=============================================================

Generating WKS embeddings by <function get_sample4WKS at 0x7f816a018670> with hl=800 for PROTEINS.
with hlen = 800, C = 1.0 and gammas = 1.0

Kernel matrices computed.

Mean 10-fold accuracy: 72.21 +- 0.77 %
Results saved in /home/ricardo/HKS-Wasserstein-kernel/exp/ablation_exp/results/PROTEINS/WKS/results_PROTEINS_WKS_1.00_2022-04-10 15:49:55_crossvalidation.csv.

=============================================================
Graph classification using the HKS/WKS and Wassertain kernel.
=============================================================

Generating WKS embeddings by <function get_sample4WKS at 0x7f5242867670> with hl=800 for PROTEINS.
with hlen = 800, C = 1.0 and gammas = 1.0

Kernel matrices computed.

Mean 10-fold accuracy: 72.21 +- 0.77 %
Results saved in /home/ricardo/HKS-Wasserstein-kernel/exp/ablation_exp/results/PROTEINS/WKS/results_PROTEINS_WKS_1.00_2022-04-10 15:49:56_crossvalidation.csv.

=============================================================
Graph classification using the HKS/WKS and Wassertain kernel.
=============================================================

Generating WKS embeddings by <function get_sample4WKS at 0x7fe2eb4e4670> with hl=800 for PROTEINS.
with hlen = 800, C = 1.0 and gammas = 1.0

Kernel matrices computed.

Mean 10-fold accuracy: 72.21 +- 0.77 %
Results saved in /home/ricardo/HKS-Wasserstein-kernel/exp/ablation_exp/results/PROTEINS/WKS/results_PROTEINS_WKS_1.00_2022-04-10 15:49:58_crossvalidation.csv.

=============================================================
Graph classification using the HKS/WKS and Wassertain kernel.
=============================================================

Generating WKS embeddings by <function get_sample4WKS at 0x7f07a51e8670> with hl=800 for PROTEINS.
with hlen = 800, C = 10.0 and gammas = 0.1

Kernel matrices computed.

Mean 10-fold accuracy: 72.30 +- 0.85 %
Results saved in /home/ricardo/HKS-Wasserstein-kernel/exp/ablation_exp/results/PROTEINS/WKS/results_PROTEINS_WKS_1.00_2022-04-10 15:50:00_crossvalidation.csv.

=============================================================
Graph classification using the HKS/WKS and Wassertain kernel.
=============================================================

Generating HKS embeddings by <function get_random_samples_based_exp_dual at 0x7f5bac24b8b0> with hl=800 for DD.
with hlen = 800, C = 1000.0 and gammas = 0.1

Kernel matrices computed.

Mean 10-fold accuracy: 74.51 +- 0.96 %
Results saved in /home/ricardo/HKS-Wasserstein-kernel/exp/ablation_exp/results/DD/HKS/results_DD_HKS_1.00_2022-04-10 15:50:02_crossvalidation.csv.

=============================================================
Graph classification using the HKS/WKS and Wassertain kernel.
=============================================================

Generating HKS embeddings by <function get_random_samples_based_exp_dual at 0x7ff24a53c8b0> with hl=800 for DD.
with hlen = 800, C = 1000.0 and gammas = 0.1

Kernel matrices computed.

Mean 10-fold accuracy: 74.51 +- 0.96 %
Results saved in /home/ricardo/HKS-Wasserstein-kernel/exp/ablation_exp/results/DD/HKS/results_DD_HKS_1.00_2022-04-10 15:50:04_crossvalidation.csv.

=============================================================
Graph classification using the HKS/WKS and Wassertain kernel.
=============================================================

Generating HKS embeddings by <function get_random_samples_based_exp_dual at 0x7f0fd98368b0> with hl=800 for DD.
with hlen = 800, C = 1000.0 and gammas = 0.1

Kernel matrices computed.

Mean 10-fold accuracy: 74.51 +- 0.96 %
Results saved in /home/ricardo/HKS-Wasserstein-kernel/exp/ablation_exp/results/DD/HKS/results_DD_HKS_1.00_2022-04-10 15:50:06_crossvalidation.csv.

=============================================================
Graph classification using the HKS/WKS and Wassertain kernel.
=============================================================

Generating HKS embeddings by <function get_random_samples_based_exp_dual at 0x7f48bd5958b0> with hl=800 for DD.
with hlen = 800, C = 1000.0 and gammas = 0.1

Kernel matrices computed.

Mean 10-fold accuracy: 74.51 +- 0.96 %
Results saved in /home/ricardo/HKS-Wasserstein-kernel/exp/ablation_exp/results/DD/HKS/results_DD_HKS_1.00_2022-04-10 15:50:08_crossvalidation.csv.

=============================================================
Graph classification using the HKS/WKS and Wassertain kernel.
=============================================================

Generating HKS embeddings by <function get_random_samples_based_exp_dual at 0x7fd6582198b0> with hl=800 for DD.
with hlen = 800, C = 1000.0 and gammas = 0.1

Kernel matrices computed.

Mean 10-fold accuracy: 74.51 +- 0.96 %
Results saved in /home/ricardo/HKS-Wasserstein-kernel/exp/ablation_exp/results/DD/HKS/results_DD_HKS_1.00_2022-04-10 15:50:10_crossvalidation.csv.

=============================================================
Graph classification using the HKS/WKS and Wassertain kernel.
=============================================================

Generating HKS embeddings by <function get_random_samples_based_exp_dual at 0x7f6354d6d8b0> with hl=800 for DD.
with hlen = 800, C = 1000.0 and gammas = 0.1

Kernel matrices computed.

Mean 10-fold accuracy: 74.51 +- 0.96 %
Results saved in /home/ricardo/HKS-Wasserstein-kernel/exp/ablation_exp/results/DD/HKS/results_DD_HKS_1.00_2022-04-10 15:50:11_crossvalidation.csv.

=============================================================
Graph classification using the HKS/WKS and Wassertain kernel.
=============================================================

Generating HKS embeddings by <function get_random_samples_based_exp_dual at 0x7f064efbb8b0> with hl=800 for DD.
with hlen = 800, C = 1000.0 and gammas = 1.0

Kernel matrices computed.

Mean 10-fold accuracy: 74.24 +- 1.25 %
Results saved in /home/ricardo/HKS-Wasserstein-kernel/exp/ablation_exp/results/DD/HKS/results_DD_HKS_1.00_2022-04-10 15:50:13_crossvalidation.csv.

=============================================================
Graph classification using the HKS/WKS and Wassertain kernel.
=============================================================

Generating HKS embeddings by <function get_random_samples_based_exp_dual at 0x7f475325c8b0> with hl=800 for DD.
with hlen = 800, C = 1000.0 and gammas = 0.1

Kernel matrices computed.

Mean 10-fold accuracy: 74.51 +- 0.96 %
Results saved in /home/ricardo/HKS-Wasserstein-kernel/exp/ablation_exp/results/DD/HKS/results_DD_HKS_1.00_2022-04-10 15:50:15_crossvalidation.csv.

=============================================================
Graph classification using the HKS/WKS and Wassertain kernel.
=============================================================

Generating HKS embeddings by <function get_random_samples_based_exp_dual at 0x7fb56dd6d8b0> with hl=800 for DD.
with hlen = 800, C = 1000.0 and gammas = 1.0

Kernel matrices computed.

Mean 10-fold accuracy: 74.24 +- 1.25 %
Results saved in /home/ricardo/HKS-Wasserstein-kernel/exp/ablation_exp/results/DD/HKS/results_DD_HKS_1.00_2022-04-10 15:50:17_crossvalidation.csv.

=============================================================
Graph classification using the HKS/WKS and Wassertain kernel.
=============================================================

Generating HKS embeddings by <function get_random_samples_based_exp_dual at 0x7f1a7141c8b0> with hl=800 for DD.
with hlen = 800, C = 1000.0 and gammas = 1.0

Kernel matrices computed.

Mean 10-fold accuracy: 74.24 +- 1.25 %
Results saved in /home/ricardo/HKS-Wasserstein-kernel/exp/ablation_exp/results/DD/HKS/results_DD_HKS_1.00_2022-04-10 15:50:19_crossvalidation.csv.

=============================================================
Graph classification using the HKS/WKS and Wassertain kernel.
=============================================================

Generating WKS embeddings by <function get_sample4WKS at 0x7fa949a7d670> with hl=800 for DD.
with hlen = 800, C = 1000.0 and gammas = 1.0

Kernel matrices computed.

Mean 10-fold accuracy: 74.78 +- 1.12 %
Results saved in /home/ricardo/HKS-Wasserstein-kernel/exp/ablation_exp/results/DD/WKS/results_DD_WKS_1.00_2022-04-10 15:50:21_crossvalidation.csv.

=============================================================
Graph classification using the HKS/WKS and Wassertain kernel.
=============================================================

Generating WKS embeddings by <function get_sample4WKS at 0x7f2408a1e670> with hl=800 for DD.
with hlen = 800, C = 1000.0 and gammas = 1.0

Kernel matrices computed.

Mean 10-fold accuracy: 74.78 +- 1.12 %
Results saved in /home/ricardo/HKS-Wasserstein-kernel/exp/ablation_exp/results/DD/WKS/results_DD_WKS_1.00_2022-04-10 15:50:23_crossvalidation.csv.

=============================================================
Graph classification using the HKS/WKS and Wassertain kernel.
=============================================================

Generating WKS embeddings by <function get_sample4WKS at 0x7fee4427c670> with hl=800 for DD.
with hlen = 800, C = 1000.0 and gammas = 1.0

Kernel matrices computed.

Mean 10-fold accuracy: 74.78 +- 1.12 %
Results saved in /home/ricardo/HKS-Wasserstein-kernel/exp/ablation_exp/results/DD/WKS/results_DD_WKS_1.00_2022-04-10 15:50:25_crossvalidation.csv.

=============================================================
Graph classification using the HKS/WKS and Wassertain kernel.
=============================================================

Generating WKS embeddings by <function get_sample4WKS at 0x7f2fcd8bd670> with hl=800 for DD.
with hlen = 800, C = 1000.0 and gammas = 1.0

Kernel matrices computed.

Mean 10-fold accuracy: 74.78 +- 1.12 %
Results saved in /home/ricardo/HKS-Wasserstein-kernel/exp/ablation_exp/results/DD/WKS/results_DD_WKS_1.00_2022-04-10 15:50:27_crossvalidation.csv.

=============================================================
Graph classification using the HKS/WKS and Wassertain kernel.
=============================================================

Generating WKS embeddings by <function get_sample4WKS at 0x7f2417b59670> with hl=800 for DD.
with hlen = 800, C = 100.0 and gammas = 1.0

Kernel matrices computed.

Mean 10-fold accuracy: 74.95 +- 1.20 %
Results saved in /home/ricardo/HKS-Wasserstein-kernel/exp/ablation_exp/results/DD/WKS/results_DD_WKS_1.00_2022-04-10 15:50:29_crossvalidation.csv.

=============================================================
Graph classification using the HKS/WKS and Wassertain kernel.
=============================================================

Generating WKS embeddings by <function get_sample4WKS at 0x7f2f9fcc5670> with hl=800 for DD.
with hlen = 800, C = 1000.0 and gammas = 10.0

Kernel matrices computed.

Mean 10-fold accuracy: 75.13 +- 1.10 %
Results saved in /home/ricardo/HKS-Wasserstein-kernel/exp/ablation_exp/results/DD/WKS/results_DD_WKS_1.00_2022-04-10 15:50:30_crossvalidation.csv.

=============================================================
Graph classification using the HKS/WKS and Wassertain kernel.
=============================================================

Generating WKS embeddings by <function get_sample4WKS at 0x7fdf60267670> with hl=800 for DD.
with hlen = 800, C = 1000.0 and gammas = 1.0

Kernel matrices computed.

Mean 10-fold accuracy: 74.78 +- 1.12 %
Results saved in /home/ricardo/HKS-Wasserstein-kernel/exp/ablation_exp/results/DD/WKS/results_DD_WKS_1.00_2022-04-10 15:50:32_crossvalidation.csv.

=============================================================
Graph classification using the HKS/WKS and Wassertain kernel.
=============================================================

Generating WKS embeddings by <function get_sample4WKS at 0x7f6dc096b670> with hl=800 for DD.
with hlen = 800, C = 1000.0 and gammas = 1.0

Kernel matrices computed.

Mean 10-fold accuracy: 74.78 +- 1.12 %
Results saved in /home/ricardo/HKS-Wasserstein-kernel/exp/ablation_exp/results/DD/WKS/results_DD_WKS_1.00_2022-04-10 15:50:34_crossvalidation.csv.

=============================================================
Graph classification using the HKS/WKS and Wassertain kernel.
=============================================================

Generating WKS embeddings by <function get_sample4WKS at 0x7faf46e8f670> with hl=800 for DD.
with hlen = 800, C = 1000.0 and gammas = 1.0

Kernel matrices computed.

Mean 10-fold accuracy: 74.78 +- 1.12 %
Results saved in /home/ricardo/HKS-Wasserstein-kernel/exp/ablation_exp/results/DD/WKS/results_DD_WKS_1.00_2022-04-10 15:50:36_crossvalidation.csv.

=============================================================
Graph classification using the HKS/WKS and Wassertain kernel.
=============================================================

Generating WKS embeddings by <function get_sample4WKS at 0x7f10362dd670> with hl=800 for DD.
with hlen = 800, C = 1000.0 and gammas = 1.0

Kernel matrices computed.

Mean 10-fold accuracy: 74.78 +- 1.12 %
Results saved in /home/ricardo/HKS-Wasserstein-kernel/exp/ablation_exp/results/DD/WKS/results_DD_WKS_1.00_2022-04-10 15:50:38_crossvalidation.csv.
