[01:29:35] /opt/dgl/src/runtime/tensordispatch.cc:43: TensorDispatcher: dlopen failed: /public1/home/scfa1517/anaconda3/envs/myenv/lib/python3.9/site-packages/dgl/tensoradapter/pytorch/libtensoradapter_pytorch_1.10.2.so: cannot open shared object file: No such file or directory
Using backend: pytorch
2022/03/31 01:29:36: before drop huge graphs, there are 600 graphs in ENZYMES
2022/03/31 01:29:36: after drop huge graphs, there are 600 graphs in ENZYMES
2022/03/31 01:29:36: ready to load the pre-computed wass distances
2022/03/31 01:29:36: after loading pre-computed wass distances, there are distance with w=[0.0, 0.05, 0.1, 0.15, 0.2, 0.25, 0.3, 0.35, 0.4, 0.45, 0.5, 0.55, 0.6, 0.65, 0.7, 0.75, 0.8, 0.85, 0.9, 0.95, 1.0] remained
2022/03/31 01:29:36: ready to generate node embeddings
/public1/home/scfa1517/HKS-Wasserstein-kernel/signature.py:99: ComplexWarning: Casting complex values to real discards the imaginary part
  wks[i] = np.array([np.sum(np.exp(-(e-log_eigenvalue)*(e-log_eigenvalue)/(2*sigma*sigma))*eigenvectors[i]*eigenvectors[i])/np.sum(np.exp(-(e-log_eigenvalue)*(e-log_eigenvalue)/(2*sigma*sigma))) for e in sample_points])
2022/03/31 01:35:20: the node embedding have been generated
2022/03/31 01:35:20: ready to compute the wass diss with sinkhorn = False and w = 0.0
2022/03/31 01:36:44: have computed the wass diss with sinkhorn = False and w = 0.0
2022/03/31 01:36:44: ready to compute the wass diss with sinkhorn = False and w = 0.05
2022/03/31 01:38:09: have computed the wass diss with sinkhorn = False and w = 0.05
2022/03/31 01:38:09: ready to compute the wass diss with sinkhorn = False and w = 0.1
2022/03/31 01:39:34: have computed the wass diss with sinkhorn = False and w = 0.1
2022/03/31 01:39:34: ready to compute the wass diss with sinkhorn = False and w = 0.15
2022/03/31 01:40:58: have computed the wass diss with sinkhorn = False and w = 0.15
2022/03/31 01:40:58: ready to compute the wass diss with sinkhorn = False and w = 0.2
2022/03/31 01:42:23: have computed the wass diss with sinkhorn = False and w = 0.2
2022/03/31 01:42:23: ready to compute the wass diss with sinkhorn = False and w = 0.25
2022/03/31 01:43:48: have computed the wass diss with sinkhorn = False and w = 0.25
2022/03/31 01:43:48: ready to compute the wass diss with sinkhorn = False and w = 0.3
2022/03/31 01:45:13: have computed the wass diss with sinkhorn = False and w = 0.3
2022/03/31 01:45:13: ready to compute the wass diss with sinkhorn = False and w = 0.35
2022/03/31 01:46:38: have computed the wass diss with sinkhorn = False and w = 0.35
2022/03/31 01:46:38: ready to compute the wass diss with sinkhorn = False and w = 0.4
2022/03/31 01:48:03: have computed the wass diss with sinkhorn = False and w = 0.4
2022/03/31 01:48:03: ready to compute the wass diss with sinkhorn = False and w = 0.45
2022/03/31 01:49:27: have computed the wass diss with sinkhorn = False and w = 0.45
2022/03/31 01:49:27: ready to compute the wass diss with sinkhorn = False and w = 0.5
2022/03/31 01:50:51: have computed the wass diss with sinkhorn = False and w = 0.5
2022/03/31 01:50:51: ready to compute the wass diss with sinkhorn = False and w = 0.55
2022/03/31 01:52:16: have computed the wass diss with sinkhorn = False and w = 0.55
2022/03/31 01:52:16: ready to compute the wass diss with sinkhorn = False and w = 0.6
2022/03/31 01:53:40: have computed the wass diss with sinkhorn = False and w = 0.6
2022/03/31 01:53:41: ready to compute the wass diss with sinkhorn = False and w = 0.65
2022/03/31 01:55:05: have computed the wass diss with sinkhorn = False and w = 0.65
2022/03/31 01:55:05: ready to compute the wass diss with sinkhorn = False and w = 0.7
2022/03/31 01:56:29: have computed the wass diss with sinkhorn = False and w = 0.7
2022/03/31 01:56:29: ready to compute the wass diss with sinkhorn = False and w = 0.75
2022/03/31 01:57:53: have computed the wass diss with sinkhorn = False and w = 0.75
2022/03/31 01:57:53: ready to compute the wass diss with sinkhorn = False and w = 0.8
2022/03/31 01:59:17: have computed the wass diss with sinkhorn = False and w = 0.8
2022/03/31 01:59:17: ready to compute the wass diss with sinkhorn = False and w = 0.85
2022/03/31 02:00:42: have computed the wass diss with sinkhorn = False and w = 0.85
2022/03/31 02:00:42: ready to compute the wass diss with sinkhorn = False and w = 0.9
2022/03/31 02:02:06: have computed the wass diss with sinkhorn = False and w = 0.9
2022/03/31 02:02:06: ready to compute the wass diss with sinkhorn = False and w = 0.95
2022/03/31 02:03:31: have computed the wass diss with sinkhorn = False and w = 0.95
2022/03/31 02:03:31: ready to compute the wass diss with sinkhorn = False and w = 1.0
2022/03/31 02:05:01: have computed the wass diss with sinkhorn = False and w = 1.0
2022/03/31 02:05:01: have saved wasserstein_distance_matrix_it0_0.00_False.npy
2022/03/31 02:05:01: have saved wasserstein_distance_matrix_it0_0.05_False.npy
2022/03/31 02:05:01: have saved wasserstein_distance_matrix_it0_0.10_False.npy
2022/03/31 02:05:01: have saved wasserstein_distance_matrix_it0_0.15_False.npy
2022/03/31 02:05:01: have saved wasserstein_distance_matrix_it0_0.20_False.npy
2022/03/31 02:05:01: have saved wasserstein_distance_matrix_it0_0.25_False.npy
2022/03/31 02:05:01: have saved wasserstein_distance_matrix_it0_0.30_False.npy
2022/03/31 02:05:01: have saved wasserstein_distance_matrix_it0_0.35_False.npy
2022/03/31 02:05:01: have saved wasserstein_distance_matrix_it0_0.40_False.npy
2022/03/31 02:05:01: have saved wasserstein_distance_matrix_it0_0.45_False.npy
2022/03/31 02:05:01: have saved wasserstein_distance_matrix_it0_0.50_False.npy
2022/03/31 02:05:01: have saved wasserstein_distance_matrix_it0_0.55_False.npy
2022/03/31 02:05:01: have saved wasserstein_distance_matrix_it0_0.60_False.npy
2022/03/31 02:05:01: have saved wasserstein_distance_matrix_it0_0.65_False.npy
2022/03/31 02:05:01: have saved wasserstein_distance_matrix_it0_0.70_False.npy
2022/03/31 02:05:01: have saved wasserstein_distance_matrix_it0_0.75_False.npy
2022/03/31 02:05:01: have saved wasserstein_distance_matrix_it0_0.80_False.npy
2022/03/31 02:05:01: have saved wasserstein_distance_matrix_it0_0.85_False.npy
2022/03/31 02:05:01: have saved wasserstein_distance_matrix_it0_0.90_False.npy
2022/03/31 02:05:01: have saved wasserstein_distance_matrix_it0_0.95_False.npy
2022/03/31 02:05:01: have saved wasserstein_distance_matrix_it0_1.00_False.npy
2022/03/31 02:05:01: Wasserstein distances computation done. Saved to file.
2022/03/31 02:05:01: Running SVMs, crossvalidation: True, gridsearch: True.
2022/03/31 02:10:32: gridsearch and crossvalidation done
