/public1/home/scfa1517/HKS-Wasserstein-kernel/exp/best
/public1/home/scfa1517/HKS-Wasserstein-kernel

=============================================================
Graph classification using the HKS/WKS and Wassertain kernel.
=============================================================

Generating WKS embeddings by <function get_sample4WKS at 0x2ae598f4a550> with hl=800 for MUTAG.
with hlen = 800, C = 100.0 and gammas = 1.0

Kernel matrices computed.

Mean 10-fold accuracy: 89.88 +- 1.63 %
Results saved in /public1/home/scfa1517/HKS-Wasserstein-kernel/exp/best/results/MUTAG/WKS/results_MUTAG_WKS_0.60_2022-03-31 11:43_crossvalidation.csv.

=============================================================
Graph classification using the HKS/WKS and Wassertain kernel.
=============================================================

Generating WKS embeddings by <function get_sample4WKS at 0x2b63060c7550> with hl=800 for PTC_MR.
with hlen = 800, C = 1.0 and gammas = 10.0

Kernel matrices computed.

Mean 10-fold accuracy: 64.55 +- 6.38 %
Results saved in /public1/home/scfa1517/HKS-Wasserstein-kernel/exp/best/results/PTC_MR/WKS/results_PTC_MR_WKS_0.40_2022-03-31 11:43_crossvalidation.csv.

=============================================================
Graph classification using the HKS/WKS and Wassertain kernel.
=============================================================

Generating HKS embeddings by <function get_random_samples_based_exp_dual at 0x2b059d16c1f0> with hl=800 for ENZYMES.
with hlen = 800, C = 100.0 and gammas = 0.01

Kernel matrices computed.

Mean 10-fold accuracy: 68.83 +- 5.63 %
Results saved in /public1/home/scfa1517/HKS-Wasserstein-kernel/exp/best/results/ENZYMES/HKS/results_ENZYMES_HKS_0.60_2022-03-31 11:43_crossvalidation.csv.

=============================================================
Graph classification using the HKS/WKS and Wassertain kernel.
=============================================================

Generating HKS embeddings by <function get_random_samples_based_exp_dual at 0x2b6832eaa1f0> with hl=800 for PROTEINS.
with hlen = 800, C = 1.0 and gammas = 10.0

Kernel matrices computed.

Mean 10-fold accuracy: 60.07 +- 0.65 %
Results saved in /public1/home/scfa1517/HKS-Wasserstein-kernel/exp/best/results/PROTEINS/HKS/results_PROTEINS_HKS_0.50_2022-03-31 11:43_crossvalidation.csv.

=============================================================
Graph classification using the HKS/WKS and Wassertain kernel.
=============================================================

Generating WKS embeddings by <function get_sample4WKS at 0x2b0e3d659550> with hl=800 for DD.
with hlen = 800, C = 1000.0 and gammas = 1.0

Kernel matrices computed.

Mean 10-fold accuracy: 78.59 +- 4.93 %
Results saved in /public1/home/scfa1517/HKS-Wasserstein-kernel/exp/best/results/DD/WKS/results_DD_WKS_0.50_2022-03-31 11:43_crossvalidation.csv.
  adding: public1/home/scfa1517/HKS-Wasserstein-kernel/exp/best/results/ (stored 0%)
  adding: public1/home/scfa1517/HKS-Wasserstein-kernel/exp/best/results/PTC_MR/ (stored 0%)
  adding: public1/home/scfa1517/HKS-Wasserstein-kernel/exp/best/results/PTC_MR/WKS/ (stored 0%)
  adding: public1/home/scfa1517/HKS-Wasserstein-kernel/exp/best/results/PTC_MR/WKS/results_PTC_MR_WKS_0.40_2022-03-31 11:43_crossvalidation.csv (deflated 70%)
  adding: public1/home/scfa1517/HKS-Wasserstein-kernel/exp/best/results/ENZYMES/ (stored 0%)
  adding: public1/home/scfa1517/HKS-Wasserstein-kernel/exp/best/results/ENZYMES/HKS/ (stored 0%)
  adding: public1/home/scfa1517/HKS-Wasserstein-kernel/exp/best/results/ENZYMES/HKS/results_ENZYMES_HKS_0.60_2022-03-31 11:43_crossvalidation.csv (deflated 75%)
  adding: public1/home/scfa1517/HKS-Wasserstein-kernel/exp/best/results/PROTEINS/ (stored 0%)
  adding: public1/home/scfa1517/HKS-Wasserstein-kernel/exp/best/results/PROTEINS/HKS/ (stored 0%)
  adding: public1/home/scfa1517/HKS-Wasserstein-kernel/exp/best/results/PROTEINS/HKS/results_PROTEINS_HKS_0.50_2022-03-31 11:43_crossvalidation.csv (deflated 76%)
  adding: public1/home/scfa1517/HKS-Wasserstein-kernel/exp/best/results/DD/ (stored 0%)
  adding: public1/home/scfa1517/HKS-Wasserstein-kernel/exp/best/results/DD/WKS/ (stored 0%)
  adding: public1/home/scfa1517/HKS-Wasserstein-kernel/exp/best/results/DD/WKS/results_DD_WKS_0.50_2022-03-31 11:43_crossvalidation.csv (deflated 66%)
  adding: public1/home/scfa1517/HKS-Wasserstein-kernel/exp/best/results/MUTAG/ (stored 0%)
  adding: public1/home/scfa1517/HKS-Wasserstein-kernel/exp/best/results/MUTAG/WKS/ (stored 0%)
  adding: public1/home/scfa1517/HKS-Wasserstein-kernel/exp/best/results/MUTAG/WKS/results_MUTAG_WKS_0.60_2022-03-31 11:43_crossvalidation.csv (deflated 77%)
[master 8d03350] exp:record for best.zip
 3 files changed, 130 insertions(+)
 create mode 100644 exp/best/1125785.err
 create mode 100644 exp/best/1125785.out
 create mode 100644 exp/best/best.zip
