[11:55:45] /opt/dgl/src/runtime/tensordispatch.cc:43: TensorDispatcher: dlopen failed: /public1/home/scfa1517/anaconda3/envs/myenv/lib/python3.9/site-packages/dgl/tensoradapter/pytorch/libtensoradapter_pytorch_1.10.2.so: cannot open shared object file: No such file or directory
Using backend: pytorch
2022/03/31 11:55:48: before drop huge graphs, there are 188 graphs in MUTAG
2022/03/31 11:55:48: after drop huge graphs, there are 188 graphs in MUTAG
2022/03/31 11:55:48: ready to load the pre-computed wass distances
2022/03/31 11:55:48: after loading pre-computed wass distances, there are distance with w=[] remained
2022/03/31 11:55:48: Wasserstein distances computation done. Saved to file.
2022/03/31 11:55:48: Running SVMs, crossvalidation: True, gridsearch: False.
2022/03/31 11:55:48: gridsearch and crossvalidation done
[11:55:50] /opt/dgl/src/runtime/tensordispatch.cc:43: TensorDispatcher: dlopen failed: /public1/home/scfa1517/anaconda3/envs/myenv/lib/python3.9/site-packages/dgl/tensoradapter/pytorch/libtensoradapter_pytorch_1.10.2.so: cannot open shared object file: No such file or directory
Using backend: pytorch
2022/03/31 11:55:51: before drop huge graphs, there are 344 graphs in PTC_MR
2022/03/31 11:55:51: after drop huge graphs, there are 344 graphs in PTC_MR
2022/03/31 11:55:51: ready to load the pre-computed wass distances
2022/03/31 11:55:51: after loading pre-computed wass distances, there are distance with w=[] remained
2022/03/31 11:55:51: Wasserstein distances computation done. Saved to file.
2022/03/31 11:55:51: Running SVMs, crossvalidation: True, gridsearch: False.
2022/03/31 11:55:51: gridsearch and crossvalidation done
[11:55:52] /opt/dgl/src/runtime/tensordispatch.cc:43: TensorDispatcher: dlopen failed: /public1/home/scfa1517/anaconda3/envs/myenv/lib/python3.9/site-packages/dgl/tensoradapter/pytorch/libtensoradapter_pytorch_1.10.2.so: cannot open shared object file: No such file or directory
Using backend: pytorch
2022/03/31 11:55:53: before drop huge graphs, there are 600 graphs in ENZYMES
2022/03/31 11:55:53: after drop huge graphs, there are 600 graphs in ENZYMES
2022/03/31 11:55:53: ready to load the pre-computed wass distances
2022/03/31 11:55:53: after loading pre-computed wass distances, there are distance with w=[] remained
2022/03/31 11:55:53: Wasserstein distances computation done. Saved to file.
2022/03/31 11:55:53: Running SVMs, crossvalidation: True, gridsearch: False.
2022/03/31 11:55:54: gridsearch and crossvalidation done
[11:55:55] /opt/dgl/src/runtime/tensordispatch.cc:43: TensorDispatcher: dlopen failed: /public1/home/scfa1517/anaconda3/envs/myenv/lib/python3.9/site-packages/dgl/tensoradapter/pytorch/libtensoradapter_pytorch_1.10.2.so: cannot open shared object file: No such file or directory
Using backend: pytorch
2022/03/31 11:55:56: before drop huge graphs, there are 1113 graphs in PROTEINS
2022/03/31 11:55:56: after drop huge graphs, there are 1112 graphs in PROTEINS
2022/03/31 11:55:56: ready to load the pre-computed wass distances
2022/03/31 11:55:56: after loading pre-computed wass distances, there are distance with w=[] remained
2022/03/31 11:55:56: Wasserstein distances computation done. Saved to file.
2022/03/31 11:55:56: Running SVMs, crossvalidation: True, gridsearch: False.
2022/03/31 11:55:57: gridsearch and crossvalidation done
[11:55:58] /opt/dgl/src/runtime/tensordispatch.cc:43: TensorDispatcher: dlopen failed: /public1/home/scfa1517/anaconda3/envs/myenv/lib/python3.9/site-packages/dgl/tensoradapter/pytorch/libtensoradapter_pytorch_1.10.2.so: cannot open shared object file: No such file or directory
Using backend: pytorch
2022/03/31 11:56:00: before drop huge graphs, there are 1178 graphs in DD
2022/03/31 11:56:00: after drop huge graphs, there are 1126 graphs in DD
2022/03/31 11:56:00: ready to load the pre-computed wass distances
2022/03/31 11:56:00: after loading pre-computed wass distances, there are distance with w=[] remained
2022/03/31 11:56:00: Wasserstein distances computation done. Saved to file.
2022/03/31 11:56:00: Running SVMs, crossvalidation: True, gridsearch: False.
2022/03/31 11:56:00: gridsearch and crossvalidation done
