/public1/home/scfa1517/HKS-Wasserstein-kernel/exp/fig1:w_versue_hl
/public1/home/scfa1517/HKS-Wasserstein-kernel

=============================================================
Graph classification using the HKS/WKS and Wassertain kernel.
=============================================================

Generating WKS embeddings by <function get_sample4WKS at 0x2ac87633c8b0> with w=0.45 for PTC_MR.
with hlen = 100, C = 1 and gammas = 10
Kernel matrices computed.

Running SVMs, crossvalidation: True, gridsearch: False.
Mean 10-fold accuracy: 59.89 +- 4.41 %
Results saved in exp/fig1:w_versue_hl/PTC_MR/WKS/results_PTC_MR_WKS_2022-03-24 19:58_crossvalidation.csv.

=============================================================
Graph classification using the HKS/WKS and Wassertain kernel.
=============================================================

Generating WKS embeddings by <function get_sample4WKS at 0x2aee763e98b0> with w=0.45 for PTC_MR.
with hlen = 200, C = 1 and gammas = 10
Kernel matrices computed.

Running SVMs, crossvalidation: True, gridsearch: False.
Mean 10-fold accuracy: 63.38 +- 3.65 %
Results saved in exp/fig1:w_versue_hl/PTC_MR/WKS/results_PTC_MR_WKS_2022-03-24 19:58_crossvalidation.csv.

=============================================================
Graph classification using the HKS/WKS and Wassertain kernel.
=============================================================

Generating WKS embeddings by <function get_sample4WKS at 0x2b16a4b4a8b0> with w=0.45 for PTC_MR.
with hlen = 300, C = 1 and gammas = 10
Kernel matrices computed.

Running SVMs, crossvalidation: True, gridsearch: False.
Mean 10-fold accuracy: 64.55 +- 4.49 %
Results saved in exp/fig1:w_versue_hl/PTC_MR/WKS/results_PTC_MR_WKS_2022-03-24 19:59_crossvalidation.csv.

=============================================================
Graph classification using the HKS/WKS and Wassertain kernel.
=============================================================

Generating WKS embeddings by <function get_sample4WKS at 0x2b6805c058b0> with w=0.45 for PTC_MR.
with hlen = 400, C = 1 and gammas = 10
Kernel matrices computed.

Running SVMs, crossvalidation: True, gridsearch: False.
Mean 10-fold accuracy: 65.13 +- 4.43 %
Results saved in exp/fig1:w_versue_hl/PTC_MR/WKS/results_PTC_MR_WKS_2022-03-24 20:00_crossvalidation.csv.

=============================================================
Graph classification using the HKS/WKS and Wassertain kernel.
=============================================================

Generating WKS embeddings by <function get_sample4WKS at 0x2acd7967f8b0> with w=0.45 for PTC_MR.
with hlen = 500, C = 1 and gammas = 10
Kernel matrices computed.

Running SVMs, crossvalidation: True, gridsearch: False.
Mean 10-fold accuracy: 65.42 +- 3.41 %
Results saved in exp/fig1:w_versue_hl/PTC_MR/WKS/results_PTC_MR_WKS_2022-03-24 20:01_crossvalidation.csv.

=============================================================
Graph classification using the HKS/WKS and Wassertain kernel.
=============================================================

Generating WKS embeddings by <function get_sample4WKS at 0x2b42309898b0> with w=0.45 for PTC_MR.
with hlen = 600, C = 1 and gammas = 10
Kernel matrices computed.

Running SVMs, crossvalidation: True, gridsearch: False.
Mean 10-fold accuracy: 64.55 +- 2.68 %
Results saved in exp/fig1:w_versue_hl/PTC_MR/WKS/results_PTC_MR_WKS_2022-03-24 20:03_crossvalidation.csv.

=============================================================
Graph classification using the HKS/WKS and Wassertain kernel.
=============================================================

Generating WKS embeddings by <function get_sample4WKS at 0x2ab7fd95a8b0> with w=0.45 for PTC_MR.
with hlen = 700, C = 1 and gammas = 10
Kernel matrices computed.

Running SVMs, crossvalidation: True, gridsearch: False.
Mean 10-fold accuracy: 64.84 +- 4.27 %
Results saved in exp/fig1:w_versue_hl/PTC_MR/WKS/results_PTC_MR_WKS_2022-03-24 20:04_crossvalidation.csv.

=============================================================
Graph classification using the HKS/WKS and Wassertain kernel.
=============================================================

Generating WKS embeddings by <function get_sample4WKS at 0x2ad30ea528b0> with w=0.45 for PTC_MR.
with hlen = 800, C = 1 and gammas = 10
Kernel matrices computed.

Running SVMs, crossvalidation: True, gridsearch: False.
Mean 10-fold accuracy: 65.42 +- 3.87 %
Results saved in exp/fig1:w_versue_hl/PTC_MR/WKS/results_PTC_MR_WKS_2022-03-24 20:07_crossvalidation.csv.

=============================================================
Graph classification using the HKS/WKS and Wassertain kernel.
=============================================================

Generating WKS embeddings by <function get_sample4WKS at 0x2b9cd84078b0> with w=0.45 for PTC_MR.
with hlen = 900, C = 1 and gammas = 10
Kernel matrices computed.

Running SVMs, crossvalidation: True, gridsearch: False.
Mean 10-fold accuracy: 65.41 +- 4.14 %
Results saved in exp/fig1:w_versue_hl/PTC_MR/WKS/results_PTC_MR_WKS_2022-03-24 20:09_crossvalidation.csv.

=============================================================
Graph classification using the HKS/WKS and Wassertain kernel.
=============================================================

Generating WKS embeddings by <function get_sample4WKS at 0x2b780fc188b0> with w=0.45 for PTC_MR.
with hlen = 1000, C = 1 and gammas = 10
Kernel matrices computed.

Running SVMs, crossvalidation: True, gridsearch: False.
Mean 10-fold accuracy: 66.00 +- 4.41 %
Results saved in exp/fig1:w_versue_hl/PTC_MR/WKS/results_PTC_MR_WKS_2022-03-24 20:11_crossvalidation.csv.

=============================================================
Graph classification using the HKS/WKS and Wassertain kernel.
=============================================================

Generating WKS embeddings by <function get_sample4WKS at 0x2b8a49a688b0> with w=0.45 for PTC_MR.
with hlen = 1100, C = 1 and gammas = 10
Kernel matrices computed.

Running SVMs, crossvalidation: True, gridsearch: False.
Mean 10-fold accuracy: 66.59 +- 4.76 %
Results saved in exp/fig1:w_versue_hl/PTC_MR/WKS/results_PTC_MR_WKS_2022-03-24 20:13_crossvalidation.csv.

=============================================================
Graph classification using the HKS/WKS and Wassertain kernel.
=============================================================

Generating WKS embeddings by <function get_sample4WKS at 0x2ac5b206f8b0> with w=0.45 for PTC_MR.
with hlen = 1200, C = 1 and gammas = 10
Kernel matrices computed.

Running SVMs, crossvalidation: True, gridsearch: False.
Mean 10-fold accuracy: 65.99 +- 4.28 %
Results saved in exp/fig1:w_versue_hl/PTC_MR/WKS/results_PTC_MR_WKS_2022-03-24 20:16_crossvalidation.csv.

=============================================================
Graph classification using the HKS/WKS and Wassertain kernel.
=============================================================

Generating WKS embeddings by <function get_sample4WKS at 0x2aca2e7f38b0> with w=0.45 for PTC_MR.
with hlen = 1300, C = 1 and gammas = 10
Kernel matrices computed.

Running SVMs, crossvalidation: True, gridsearch: False.
Mean 10-fold accuracy: 65.70 +- 4.05 %
Results saved in exp/fig1:w_versue_hl/PTC_MR/WKS/results_PTC_MR_WKS_2022-03-24 20:18_crossvalidation.csv.
[0.63378151 0.64554622 0.6512605  0.65420168 0.64546218 0.64840336
 0.65420168 0.65411765 0.66       0.66588235 0.65991597 0.65697479] 
[0.03653443 0.04492271 0.04432166 0.03409166 0.0267524  0.04267915
 0.03871068 0.04142133 0.04409195 0.04760814 0.04284569 0.04053662]
