[[00:41:0600:41:06] ] /opt/dgl/src/runtime/tensordispatch.cc/opt/dgl/src/runtime/tensordispatch.cc::4343: : TensorDispatcher: dlopen failed: TensorDispatcher: dlopen failed: /public1/home/scfa1517/anaconda3/envs/myenv/lib/python3.9/site-packages/dgl/tensoradapter/pytorch/libtensoradapter_pytorch_1.10.2.so: cannot open shared object file: No such file or directory/public1/home/scfa1517/anaconda3/envs/myenv/lib/python3.9/site-packages/dgl/tensoradapter/pytorch/libtensoradapter_pytorch_1.10.2.so: cannot open shared object file: No such file or directory

[Using backend: pytorch
Using backend: pytorch
00:41:06] /opt/dgl/src/runtime/tensordispatch.cc:43: TensorDispatcher: dlopen failed: /public1/home/scfa1517/anaconda3/envs/myenv/lib/python3.9/site-packages/dgl/tensoradapter/pytorch/libtensoradapter_pytorch_1.10.2.so: cannot open shared object file: No such file or directory
Using backend: pytorch
[[00:41:0600:41:06] ] /opt/dgl/src/runtime/tensordispatch.cc[/opt/dgl/src/runtime/tensordispatch.cc:[[[[00:41:06:[[4300:41:06[00:41:0600:41:0600:41:06] 4300:41:0600:41:06: ] 00:41:06] ] ] /opt/dgl/src/runtime/tensordispatch.cc: ] ] [[[TensorDispatcher: dlopen failed: [[[/opt/dgl/src/runtime/tensordispatch.cc[[] /opt/dgl/src/runtime/tensordispatch.cc/opt/dgl/src/runtime/tensordispatch.cc/opt/dgl/src/runtime/tensordispatch.cc:TensorDispatcher: dlopen failed: /opt/dgl/src/runtime/tensordispatch.cc/opt/dgl/src/runtime/tensordispatch.cc00:41:0600:41:0600:41:06/public1/home/scfa1517/anaconda3/envs/myenv/lib/python3.9/site-packages/dgl/tensoradapter/pytorch/libtensoradapter_pytorch_1.10.2.so: cannot open shared object file: No such file or directory00:41:0600:41:0600:41:06:00:41:0600:41:06/opt/dgl/src/runtime/tensordispatch.cc:::43/public1/home/scfa1517/anaconda3/envs/myenv/lib/python3.9/site-packages/dgl/tensoradapter/pytorch/libtensoradapter_pytorch_1.10.2.so: cannot open shared object file: No such file or directory::] ] ] 
] ] ] 43] ] :434343: 
4343/opt/dgl/src/runtime/tensordispatch.cc/opt/dgl/src/runtime/tensordispatch.cc/opt/dgl/src/runtime/tensordispatch.cc/opt/dgl/src/runtime/tensordispatch.ccUsing backend: pytorch
/opt/dgl/src/runtime/tensordispatch.cc/opt/dgl/src/runtime/tensordispatch.cc: /opt/dgl/src/runtime/tensordispatch.cc/opt/dgl/src/runtime/tensordispatch.cc43: : : TensorDispatcher: dlopen failed: : Using backend: pytorch
: ::::::TensorDispatcher: dlopen failed: ::: TensorDispatcher: dlopen failed: TensorDispatcher: dlopen failed: TensorDispatcher: dlopen failed: /public1/home/scfa1517/anaconda3/envs/myenv/lib/python3.9/site-packages/dgl/tensoradapter/pytorch/libtensoradapter_pytorch_1.10.2.so: cannot open shared object file: No such file or directoryTensorDispatcher: dlopen failed: TensorDispatcher: dlopen failed: 434343434343/public1/home/scfa1517/anaconda3/envs/myenv/lib/python3.9/site-packages/dgl/tensoradapter/pytorch/libtensoradapter_pytorch_1.10.2.so: cannot open shared object file: No such file or directory4343TensorDispatcher: dlopen failed: /public1/home/scfa1517/anaconda3/envs/myenv/lib/python3.9/site-packages/dgl/tensoradapter/pytorch/libtensoradapter_pytorch_1.10.2.so: cannot open shared object file: No such file or directory/public1/home/scfa1517/anaconda3/envs/myenv/lib/python3.9/site-packages/dgl/tensoradapter/pytorch/libtensoradapter_pytorch_1.10.2.so: cannot open shared object file: No such file or directory/public1/home/scfa1517/anaconda3/envs/myenv/lib/python3.9/site-packages/dgl/tensoradapter/pytorch/libtensoradapter_pytorch_1.10.2.so: cannot open shared object file: No such file or directory
/public1/home/scfa1517/anaconda3/envs/myenv/lib/python3.9/site-packages/dgl/tensoradapter/pytorch/libtensoradapter_pytorch_1.10.2.so: cannot open shared object file: No such file or directory/public1/home/scfa1517/anaconda3/envs/myenv/lib/python3.9/site-packages/dgl/tensoradapter/pytorch/libtensoradapter_pytorch_1.10.2.so: cannot open shared object file: No such file or directory: : : : : : 
: : /public1/home/scfa1517/anaconda3/envs/myenv/lib/python3.9/site-packages/dgl/tensoradapter/pytorch/libtensoradapter_pytorch_1.10.2.so: cannot open shared object file: No such file or directory



Using backend: pytorch

TensorDispatcher: dlopen failed: TensorDispatcher: dlopen failed: TensorDispatcher: dlopen failed: TensorDispatcher: dlopen failed: TensorDispatcher: dlopen failed: TensorDispatcher: dlopen failed: TensorDispatcher: dlopen failed: Using backend: pytorch
TensorDispatcher: dlopen failed: 
Using backend: pytorch
Using backend: pytorch
Using backend: pytorch
Using backend: pytorch
/public1/home/scfa1517/anaconda3/envs/myenv/lib/python3.9/site-packages/dgl/tensoradapter/pytorch/libtensoradapter_pytorch_1.10.2.so: cannot open shared object file: No such file or directoryUsing backend: pytorch
/public1/home/scfa1517/anaconda3/envs/myenv/lib/python3.9/site-packages/dgl/tensoradapter/pytorch/libtensoradapter_pytorch_1.10.2.so: cannot open shared object file: No such file or directory/public1/home/scfa1517/anaconda3/envs/myenv/lib/python3.9/site-packages/dgl/tensoradapter/pytorch/libtensoradapter_pytorch_1.10.2.so: cannot open shared object file: No such file or directory/public1/home/scfa1517/anaconda3/envs/myenv/lib/python3.9/site-packages/dgl/tensoradapter/pytorch/libtensoradapter_pytorch_1.10.2.so: cannot open shared object file: No such file or directory/public1/home/scfa1517/anaconda3/envs/myenv/lib/python3.9/site-packages/dgl/tensoradapter/pytorch/libtensoradapter_pytorch_1.10.2.so: cannot open shared object file: No such file or directory/public1/home/scfa1517/anaconda3/envs/myenv/lib/python3.9/site-packages/dgl/tensoradapter/pytorch/libtensoradapter_pytorch_1.10.2.so: cannot open shared object file: No such file or directory/public1/home/scfa1517/anaconda3/envs/myenv/lib/python3.9/site-packages/dgl/tensoradapter/pytorch/libtensoradapter_pytorch_1.10.2.so: cannot open shared object file: No such file or directory/public1/home/scfa1517/anaconda3/envs/myenv/lib/python3.9/site-packages/dgl/tensoradapter/pytorch/libtensoradapter_pytorch_1.10.2.so: cannot open shared object file: No such file or directoryUsing backend: pytorch








Using backend: pytorch
Using backend: pytorch
Using backend: pytorch
Using backend: pytorch
Using backend: pytorch
Using backend: pytorch
Using backend: pytorch
Using backend: pytorch
/public1/home/scfa1517/HKS-Wasserstein-kernel/signature.py:101: ComplexWarning: Casting complex values to real discards the imaginary part
  wks[i] = np.array([np.sum(np.exp(-(e-log_eigenvalue)*(e-log_eigenvalue)/(2*sigma*sigma))*eigenvectors[i]*eigenvectors[i])/np.sum(np.exp(-(e-log_eigenvalue)*(e-log_eigenvalue)/(2*sigma*sigma))) for e in sample_points])
/public1/home/scfa1517/HKS-Wasserstein-kernel/signature.py:101: ComplexWarning: Casting complex values to real discards the imaginary part
  wks[i] = np.array([np.sum(np.exp(-(e-log_eigenvalue)*(e-log_eigenvalue)/(2*sigma*sigma))*eigenvectors[i]*eigenvectors[i])/np.sum(np.exp(-(e-log_eigenvalue)*(e-log_eigenvalue)/(2*sigma*sigma))) for e in sample_points])
/public1/home/scfa1517/HKS-Wasserstein-kernel/signature.py:101: ComplexWarning: Casting complex values to real discards the imaginary part
  wks[i] = np.array([np.sum(np.exp(-(e-log_eigenvalue)*(e-log_eigenvalue)/(2*sigma*sigma))*eigenvectors[i]*eigenvectors[i])/np.sum(np.exp(-(e-log_eigenvalue)*(e-log_eigenvalue)/(2*sigma*sigma))) for e in sample_points])
/public1/home/scfa1517/HKS-Wasserstein-kernel/signature.py:101: ComplexWarning: Casting complex values to real discards the imaginary part
  wks[i] = np.array([np.sum(np.exp(-(e-log_eigenvalue)*(e-log_eigenvalue)/(2*sigma*sigma))*eigenvectors[i]*eigenvectors[i])/np.sum(np.exp(-(e-log_eigenvalue)*(e-log_eigenvalue)/(2*sigma*sigma))) for e in sample_points])
/public1/home/scfa1517/HKS-Wasserstein-kernel/signature.py:101: ComplexWarning: Casting complex values to real discards the imaginary part
  wks[i] = np.array([np.sum(np.exp(-(e-log_eigenvalue)*(e-log_eigenvalue)/(2*sigma*sigma))*eigenvectors[i]*eigenvectors[i])/np.sum(np.exp(-(e-log_eigenvalue)*(e-log_eigenvalue)/(2*sigma*sigma))) for e in sample_points])
/public1/home/scfa1517/HKS-Wasserstein-kernel/signature.py:101: ComplexWarning: Casting complex values to real discards the imaginary part
  wks[i] = np.array([np.sum(np.exp(-(e-log_eigenvalue)*(e-log_eigenvalue)/(2*sigma*sigma))*eigenvectors[i]*eigenvectors[i])/np.sum(np.exp(-(e-log_eigenvalue)*(e-log_eigenvalue)/(2*sigma*sigma))) for e in sample_points])
/public1/home/scfa1517/HKS-Wasserstein-kernel/signature.py:101: ComplexWarning: Casting complex values to real discards the imaginary part
  wks[i] = np.array([np.sum(np.exp(-(e-log_eigenvalue)*(e-log_eigenvalue)/(2*sigma*sigma))*eigenvectors[i]*eigenvectors[i])/np.sum(np.exp(-(e-log_eigenvalue)*(e-log_eigenvalue)/(2*sigma*sigma))) for e in sample_points])
/public1/home/scfa1517/HKS-Wasserstein-kernel/signature.py:101: ComplexWarning: Casting complex values to real discards the imaginary part
  wks[i] = np.array([np.sum(np.exp(-(e-log_eigenvalue)*(e-log_eigenvalue)/(2*sigma*sigma))*eigenvectors[i]*eigenvectors[i])/np.sum(np.exp(-(e-log_eigenvalue)*(e-log_eigenvalue)/(2*sigma*sigma))) for e in sample_points])
/public1/home/scfa1517/HKS-Wasserstein-kernel/signature.py:101: ComplexWarning: Casting complex values to real discards the imaginary part
  wks[i] = np.array([np.sum(np.exp(-(e-log_eigenvalue)*(e-log_eigenvalue)/(2*sigma*sigma))*eigenvectors[i]*eigenvectors[i])/np.sum(np.exp(-(e-log_eigenvalue)*(e-log_eigenvalue)/(2*sigma*sigma))) for e in sample_points])
/public1/home/scfa1517/HKS-Wasserstein-kernel/signature.py:101: ComplexWarning: Casting complex values to real discards the imaginary part
  wks[i] = np.array([np.sum(np.exp(-(e-log_eigenvalue)*(e-log_eigenvalue)/(2*sigma*sigma))*eigenvectors[i]*eigenvectors[i])/np.sum(np.exp(-(e-log_eigenvalue)*(e-log_eigenvalue)/(2*sigma*sigma))) for e in sample_points])
/public1/home/scfa1517/HKS-Wasserstein-kernel/signature.py:101: ComplexWarning: Casting complex values to real discards the imaginary part
  wks[i] = np.array([np.sum(np.exp(-(e-log_eigenvalue)*(e-log_eigenvalue)/(2*sigma*sigma))*eigenvectors[i]*eigenvectors[i])/np.sum(np.exp(-(e-log_eigenvalue)*(e-log_eigenvalue)/(2*sigma*sigma))) for e in sample_points])
/public1/home/scfa1517/HKS-Wasserstein-kernel/signature.py:101: ComplexWarning: Casting complex values to real discards the imaginary part
  wks[i] = np.array([np.sum(np.exp(-(e-log_eigenvalue)*(e-log_eigenvalue)/(2*sigma*sigma))*eigenvectors[i]*eigenvectors[i])/np.sum(np.exp(-(e-log_eigenvalue)*(e-log_eigenvalue)/(2*sigma*sigma))) for e in sample_points])
/public1/home/scfa1517/HKS-Wasserstein-kernel/signature.py:101: ComplexWarning: Casting complex values to real discards the imaginary part
  wks[i] = np.array([np.sum(np.exp(-(e-log_eigenvalue)*(e-log_eigenvalue)/(2*sigma*sigma))*eigenvectors[i]*eigenvectors[i])/np.sum(np.exp(-(e-log_eigenvalue)*(e-log_eigenvalue)/(2*sigma*sigma))) for e in sample_points])
/public1/home/scfa1517/HKS-Wasserstein-kernel/signature.py:101: ComplexWarning: Casting complex values to real discards the imaginary part
  wks[i] = np.array([np.sum(np.exp(-(e-log_eigenvalue)*(e-log_eigenvalue)/(2*sigma*sigma))*eigenvectors[i]*eigenvectors[i])/np.sum(np.exp(-(e-log_eigenvalue)*(e-log_eigenvalue)/(2*sigma*sigma))) for e in sample_points])
/public1/home/scfa1517/HKS-Wasserstein-kernel/signature.py:101: ComplexWarning: Casting complex values to real discards the imaginary part
  wks[i] = np.array([np.sum(np.exp(-(e-log_eigenvalue)*(e-log_eigenvalue)/(2*sigma*sigma))*eigenvectors[i]*eigenvectors[i])/np.sum(np.exp(-(e-log_eigenvalue)*(e-log_eigenvalue)/(2*sigma*sigma))) for e in sample_points])
/public1/home/scfa1517/HKS-Wasserstein-kernel/signature.py:101: ComplexWarning: Casting complex values to real discards the imaginary part
  wks[i] = np.array([np.sum(np.exp(-(e-log_eigenvalue)*(e-log_eigenvalue)/(2*sigma*sigma))*eigenvectors[i]*eigenvectors[i])/np.sum(np.exp(-(e-log_eigenvalue)*(e-log_eigenvalue)/(2*sigma*sigma))) for e in sample_points])
/public1/home/scfa1517/HKS-Wasserstein-kernel/signature.py:101: ComplexWarning: Casting complex values to real discards the imaginary part
  wks[i] = np.array([np.sum(np.exp(-(e-log_eigenvalue)*(e-log_eigenvalue)/(2*sigma*sigma))*eigenvectors[i]*eigenvectors[i])/np.sum(np.exp(-(e-log_eigenvalue)*(e-log_eigenvalue)/(2*sigma*sigma))) for e in sample_points])
/public1/home/scfa1517/HKS-Wasserstein-kernel/signature.py:101: ComplexWarning: Casting complex values to real discards the imaginary part
  wks[i] = np.array([np.sum(np.exp(-(e-log_eigenvalue)*(e-log_eigenvalue)/(2*sigma*sigma))*eigenvectors[i]*eigenvectors[i])/np.sum(np.exp(-(e-log_eigenvalue)*(e-log_eigenvalue)/(2*sigma*sigma))) for e in sample_points])
/public1/home/scfa1517/HKS-Wasserstein-kernel/signature.py:101: ComplexWarning: Casting complex values to real discards the imaginary part
  wks[i] = np.array([np.sum(np.exp(-(e-log_eigenvalue)*(e-log_eigenvalue)/(2*sigma*sigma))*eigenvectors[i]*eigenvectors[i])/np.sum(np.exp(-(e-log_eigenvalue)*(e-log_eigenvalue)/(2*sigma*sigma))) for e in sample_points])
/public1/home/scfa1517/HKS-Wasserstein-kernel/signature.py:101: ComplexWarning: Casting complex values to real discards the imaginary part
  wks[i] = np.array([np.sum(np.exp(-(e-log_eigenvalue)*(e-log_eigenvalue)/(2*sigma*sigma))*eigenvectors[i]*eigenvectors[i])/np.sum(np.exp(-(e-log_eigenvalue)*(e-log_eigenvalue)/(2*sigma*sigma))) for e in sample_points])
/public1/home/scfa1517/HKS-Wasserstein-kernel/signature.py:101: ComplexWarning: Casting complex values to real discards the imaginary part
  wks[i] = np.array([np.sum(np.exp(-(e-log_eigenvalue)*(e-log_eigenvalue)/(2*sigma*sigma))*eigenvectors[i]*eigenvectors[i])/np.sum(np.exp(-(e-log_eigenvalue)*(e-log_eigenvalue)/(2*sigma*sigma))) for e in sample_points])
