/public1/home/scfa1517/HKS-Wasserstein-kernel/exp/fig1:w_versue_hl
/public1/home/scfa1517/HKS-Wasserstein-kernel

=============================================================
Graph classification using the HKS/WKS and Wassertain kernel.
=============================================================

Generating WKS embeddings by <function get_sample4WKS at 0x2ae92483b550> with hl=800 for DD.
with hlen = 800, C = 1000.0 and gammas = 1.0

Kernel matrices computed.

Mean 10-fold accuracy: 78.24 +- 3.92 %
Results saved in /public1/home/scfa1517/HKS-Wasserstein-kernel/exp/fig1:w_versue_hl/DD/WKS/results_DD_WKS_0.40_2022-03-28 14:16_crossvalidation.csv.

=============================================================
Graph classification using the HKS/WKS and Wassertain kernel.
=============================================================

Generating WKS embeddings by <function get_sample4WKS at 0x2b1b4c0e3550> with hl=800 for DD.
with hlen = 800, C = 1000.0 and gammas = 1.0

Kernel matrices computed.

Mean 10-fold accuracy: 78.68 +- 4.98 %
Results saved in /public1/home/scfa1517/HKS-Wasserstein-kernel/exp/fig1:w_versue_hl/DD/WKS/results_DD_WKS_0.45_2022-03-28 16:15_crossvalidation.csv.

=============================================================
Graph classification using the HKS/WKS and Wassertain kernel.
=============================================================

Generating WKS embeddings by <function get_sample4WKS at 0x2b8e9ecc1550> with hl=800 for DD.
with hlen = 800, C = 1000.0 and gammas = 1.0

Kernel matrices computed.

Mean 10-fold accuracy: 78.59 +- 4.93 %
Results saved in /public1/home/scfa1517/HKS-Wasserstein-kernel/exp/fig1:w_versue_hl/DD/WKS/results_DD_WKS_0.50_2022-03-28 16:15_crossvalidation.csv.

=============================================================
Graph classification using the HKS/WKS and Wassertain kernel.
=============================================================

Generating WKS embeddings by <function get_sample4WKS at 0x2b6ba688c550> with hl=800 for DD.
with hlen = 800, C = 1000.0 and gammas = 1.0

Kernel matrices computed.

Mean 10-fold accuracy: 77.62 +- 3.67 %
Results saved in /public1/home/scfa1517/HKS-Wasserstein-kernel/exp/fig1:w_versue_hl/DD/WKS/results_DD_WKS_0.55_2022-03-28 18:15_crossvalidation.csv.

=============================================================
Graph classification using the HKS/WKS and Wassertain kernel.
=============================================================

Generating WKS embeddings by <function get_sample4WKS at 0x2b719da63550> with hl=800 for DD.
with hlen = 800, C = 1000.0 and gammas = 1.0

Kernel matrices computed.

Mean 10-fold accuracy: 77.52 +- 4.29 %
Results saved in /public1/home/scfa1517/HKS-Wasserstein-kernel/exp/fig1:w_versue_hl/DD/WKS/results_DD_WKS_0.60_2022-03-28 18:16_crossvalidation.csv.
  adding: DD/WKS/ (stored 0%)
  adding: DD/WKS/results_DD_WKS_0.45_2022-03-28 16:15_crossvalidation.csv (deflated 64%)
  adding: DD/WKS/results_DD_WKS_0.55_2022-03-28 18:15_crossvalidation.csv (deflated 65%)
  adding: DD/WKS/results_DD_WKS_0.40_2022-03-28 14:16_crossvalidation.csv (deflated 65%)
  adding: DD/WKS/results_DD_WKS_0.60_2022-03-28 18:16_crossvalidation.csv (deflated 65%)
  adding: DD/WKS/results_DD_WKS_0.50_2022-03-28 16:15_crossvalidation.csv (deflated 66%)
[master 20d67db] exp:record for WKS0_DD_w_c=1000.0_g=1.0_hl=800--sinkhorn.zip
 14 files changed, 292 insertions(+)
 create mode 100644 exp/fig1:w_versue_hl/1120099.err
 create mode 100644 exp/fig1:w_versue_hl/1120099.out
 create mode 100644 exp/fig1:w_versue_hl/1120159.err
 create mode 100644 exp/fig1:w_versue_hl/1120159.out
 create mode 100644 exp/fig1:w_versue_hl/1120718.err
 create mode 100644 exp/fig1:w_versue_hl/1120718.out
 create mode 100644 exp/fig1:w_versue_hl/DD/WKS/results_DD_WKS_0.40_2022-03-28 14:16_crossvalidation.csv
 create mode 100644 exp/fig1:w_versue_hl/DD/WKS/results_DD_WKS_0.45_2022-03-28 16:15_crossvalidation.csv
 create mode 100644 exp/fig1:w_versue_hl/DD/WKS/results_DD_WKS_0.50_2022-03-28 16:15_crossvalidation.csv
 create mode 100644 exp/fig1:w_versue_hl/DD/WKS/results_DD_WKS_0.55_2022-03-28 18:15_crossvalidation.csv
 create mode 100644 exp/fig1:w_versue_hl/DD/WKS/results_DD_WKS_0.60_2022-03-28 18:16_crossvalidation.csv
 create mode 100644 exp/fig1:w_versue_hl/NCI1/WKS/results_NCI1_WKS_0.40_2022-03-27 21:43_crossvalidation.csv
 create mode 100644 exp/fig1:w_versue_hl/NCI1/WKS/results_NCI1_WKS_0.45_2022-03-27 23:21_crossvalidation.csv
 create mode 100644 exp/fig1:w_versue_hl/WKS0_DD_w_c=1000.0_g=1.0_hl=800--sinkhorn.zip
