/public1/home/scfa1517/HKS-Wasserstein-kernel/exp/fig1:w_versue_hl
/public1/home/scfa1517/HKS-Wasserstein-kernel

=============================================================
Graph classification using the HKS/WKS and Wassertain kernel.
=============================================================

Generating WKS embeddings by <function get_sample4WKS at 0x2b9591525af0> with hl=800 for NCI1.
with hlen = 800, C = 1.0 and gammas = 10.0
Kernel matrices computed.

Running SVMs, crossvalidation: True, gridsearch: False.
Mean 10-fold accuracy: 73.60 +- 2.63 %
Results saved in /public1/home/scfa1517/HKS-Wasserstein-kernel/exp/fig1:w_versue_hl/NCI1/WKS/results_NCI1_WKS_0.40_2022-03-27 21:43_crossvalidation.csv.

=============================================================
Graph classification using the HKS/WKS and Wassertain kernel.
=============================================================

Generating WKS embeddings by <function get_sample4WKS at 0x2b5386e4a550> with hl=800 for NCI1.
with hlen = 800, C = 1.0 and gammas = 10.0
Kernel matrices computed.

Running SVMs, crossvalidation: True, gridsearch: False.
Mean 10-fold accuracy: 73.99 +- 2.79 %
Results saved in /public1/home/scfa1517/HKS-Wasserstein-kernel/exp/fig1:w_versue_hl/NCI1/WKS/results_NCI1_WKS_0.45_2022-03-27 23:21_crossvalidation.csv.
