[19:59:26] /opt/dgl/src/runtime/tensordispatch.cc:43: TensorDispatcher: dlopen failed: /public1/home/scfa1517/anaconda3/envs/myenv/lib/python3.9/site-packages/dgl/tensoradapter/pytorch/libtensoradapter_pytorch_1.10.2.so: cannot open shared object file: No such file or directory
Using backend: pytorch
2022/03/27 07:59:37: before drop huge graphs, there are 4110 graphs in NCI1
2022/03/27 07:59:37: after drop huge graphs, there are 4110 graphs in NCI1
2022/03/27 07:59:37: ready to generate node embeddings
/public1/home/scfa1517/HKS-Wasserstein-kernel/signature.py:101: ComplexWarning: Casting complex values to real discards the imaginary part
  wks[i] = np.array([np.sum(np.exp(-(e-log_eigenvalue)*(e-log_eigenvalue)/(2*sigma*sigma))*eigenvectors[i]*eigenvectors[i])/np.sum(np.exp(-(e-log_eigenvalue)*(e-log_eigenvalue)/(2*sigma*sigma))) for e in sample_points])
2022/03/27 08:40:09: the node embedding have been generated
2022/03/27 08:40:09: ready to compute the wass diss with sinkhorn = False and w = 0.4
2022/03/27 09:43:14: have computed the wass diss with sinkhorn = False and w = 0.4
[21:43:40] /opt/dgl/src/runtime/tensordispatch.cc:43: TensorDispatcher: dlopen failed: /public1/home/scfa1517/anaconda3/envs/myenv/lib/python3.9/site-packages/dgl/tensoradapter/pytorch/libtensoradapter_pytorch_1.10.2.so: cannot open shared object file: No such file or directory
Using backend: pytorch
2022/03/27 09:43:58: before drop huge graphs, there are 4110 graphs in NCI1
2022/03/27 09:43:58: after drop huge graphs, there are 4110 graphs in NCI1
2022/03/27 09:43:58: ready to generate node embeddings
/public1/home/scfa1517/HKS-Wasserstein-kernel/signature.py:99: ComplexWarning: Casting complex values to real discards the imaginary part
  wks[i] = np.array([np.sum(np.exp(-(e-log_eigenvalue)*(e-log_eigenvalue)/(2*sigma*sigma))*eigenvectors[i]*eigenvectors[i])/np.sum(np.exp(-(e-log_eigenvalue)*(e-log_eigenvalue)/(2*sigma*sigma))) for e in sample_points])
2022/03/27 10:20:17: the node embedding have been generated
2022/03/27 10:20:17: ready to compute the wass diss with sinkhorn = False and w = 0.45
2022/03/27 11:21:33: have computed the wass diss with sinkhorn = False and w = 0.45
[23:21:57] /opt/dgl/src/runtime/tensordispatch.cc:43: TensorDispatcher: dlopen failed: /public1/home/scfa1517/anaconda3/envs/myenv/lib/python3.9/site-packages/dgl/tensoradapter/pytorch/libtensoradapter_pytorch_1.10.2.so: cannot open shared object file: No such file or directory
Using backend: pytorch
2022/03/27 11:22:12: before drop huge graphs, there are 4110 graphs in NCI1
2022/03/27 11:22:12: after drop huge graphs, there are 4110 graphs in NCI1
2022/03/27 11:22:12: ready to generate node embeddings
/public1/home/scfa1517/HKS-Wasserstein-kernel/signature.py:99: ComplexWarning: Casting complex values to real discards the imaginary part
  wks[i] = np.array([np.sum(np.exp(-(e-log_eigenvalue)*(e-log_eigenvalue)/(2*sigma*sigma))*eigenvectors[i]*eigenvectors[i])/np.sum(np.exp(-(e-log_eigenvalue)*(e-log_eigenvalue)/(2*sigma*sigma))) for e in sample_points])
2022/03/27 11:58:26: the node embedding have been generated
2022/03/27 11:58:27: ready to compute the wass diss with sinkhorn = False and w = 0.5
slurmstepd: error: *** JOB 1120159 ON ia2107 CANCELLED AT 2022-03-28T00:26:55 ***
