/public1/home/scfa1517/HKS-Wasserstein-kernel/exp/fig1:w_versue_hl
/public1/home/scfa1517/HKS-Wasserstein-kernel

=============================================================
Graph classification using the HKS/WKS and Wassertain kernel.
=============================================================

Generating WKS embeddings by <function get_sample4WKS at 0x2b7336e8baf0> with hl=800 for NCI1.
with hlen = 800, C = 1.0 and gammas = 10.0

=============================================================
Graph classification using the HKS/WKS and Wassertain kernel.
=============================================================

Generating WKS embeddings by <function get_sample4WKS at 0x2ad078d54af0> with hl=800 for NCI1.
with hlen = 800, C = 1.0 and gammas = 10.0

=============================================================
Graph classification using the HKS/WKS and Wassertain kernel.
=============================================================

Generating WKS embeddings by <function get_sample4WKS at 0x2ac5d244caf0> with hl=800 for NCI1.
with hlen = 800, C = 1.0 and gammas = 10.0

=============================================================
Graph classification using the HKS/WKS and Wassertain kernel.
=============================================================

Generating WKS embeddings by <function get_sample4WKS at 0x2b843ee97af0> with hl=800 for NCI1.
with hlen = 800, C = 1.0 and gammas = 10.0

=============================================================
Graph classification using the HKS/WKS and Wassertain kernel.
=============================================================

Generating WKS embeddings by <function get_sample4WKS at 0x2b93aeb04af0> with hl=800 for NCI1.
with hlen = 800, C = 1.0 and gammas = 10.0
  adding: NCI1/WKS/ (stored 0%)
