[12:19:20] /opt/dgl/src/runtime/tensordispatch.cc:43: TensorDispatcher: dlopen failed: /public1/home/scfa1517/anaconda3/envs/myenv/lib/python3.9/site-packages/dgl/tensoradapter/pytorch/libtensoradapter_pytorch_1.10.2.so: cannot open shared object file: No such file or directory
Using backend: pytorch
2022/03/31 12:19:30: before drop huge graphs, there are 344 graphs in PTC_MR
2022/03/31 12:19:30: after drop huge graphs, there are 344 graphs in PTC_MR
2022/03/31 12:19:30: ready to load the pre-computed wass distances
2022/03/31 12:19:30: after loading pre-computed wass distances, there are distance with w=[] remained
2022/03/31 12:19:30: Wasserstein distances computation done. Saved to file.
2022/03/31 12:19:30: Running SVMs, crossvalidation: True, gridsearch: False.
2022/03/31 12:19:30: gridsearch and crossvalidation done
[12:19:32] /opt/dgl/src/runtime/tensordispatch.cc:43: TensorDispatcher: dlopen failed: /public1/home/scfa1517/anaconda3/envs/myenv/lib/python3.9/site-packages/dgl/tensoradapter/pytorch/libtensoradapter_pytorch_1.10.2.so: cannot open shared object file: No such file or directory
Using backend: pytorch
2022/03/31 12:19:33: before drop huge graphs, there are 344 graphs in PTC_MR
2022/03/31 12:19:33: after drop huge graphs, there are 344 graphs in PTC_MR
2022/03/31 12:19:33: ready to load the pre-computed wass distances
2022/03/31 12:19:33: after loading pre-computed wass distances, there are distance with w=[] remained
2022/03/31 12:19:33: Wasserstein distances computation done. Saved to file.
2022/03/31 12:19:33: Running SVMs, crossvalidation: True, gridsearch: False.
2022/03/31 12:19:33: gridsearch and crossvalidation done
[12:19:34] /opt/dgl/src/runtime/tensordispatch.cc:43: TensorDispatcher: dlopen failed: /public1/home/scfa1517/anaconda3/envs/myenv/lib/python3.9/site-packages/dgl/tensoradapter/pytorch/libtensoradapter_pytorch_1.10.2.so: cannot open shared object file: No such file or directory
Using backend: pytorch
2022/03/31 12:19:35: before drop huge graphs, there are 344 graphs in PTC_MR
2022/03/31 12:19:35: after drop huge graphs, there are 344 graphs in PTC_MR
2022/03/31 12:19:35: ready to load the pre-computed wass distances
2022/03/31 12:19:35: after loading pre-computed wass distances, there are distance with w=[] remained
2022/03/31 12:19:35: Wasserstein distances computation done. Saved to file.
2022/03/31 12:19:35: Running SVMs, crossvalidation: True, gridsearch: False.
2022/03/31 12:19:35: gridsearch and crossvalidation done
[12:19:37] /opt/dgl/src/runtime/tensordispatch.cc:43: TensorDispatcher: dlopen failed: /public1/home/scfa1517/anaconda3/envs/myenv/lib/python3.9/site-packages/dgl/tensoradapter/pytorch/libtensoradapter_pytorch_1.10.2.so: cannot open shared object file: No such file or directory
Using backend: pytorch
2022/03/31 12:19:38: before drop huge graphs, there are 344 graphs in PTC_MR
2022/03/31 12:19:38: after drop huge graphs, there are 344 graphs in PTC_MR
2022/03/31 12:19:38: ready to load the pre-computed wass distances
2022/03/31 12:19:38: after loading pre-computed wass distances, there are distance with w=[] remained
2022/03/31 12:19:38: Wasserstein distances computation done. Saved to file.
2022/03/31 12:19:38: Running SVMs, crossvalidation: True, gridsearch: False.
2022/03/31 12:19:38: gridsearch and crossvalidation done
[12:19:40] /opt/dgl/src/runtime/tensordispatch.cc:43: TensorDispatcher: dlopen failed: /public1/home/scfa1517/anaconda3/envs/myenv/lib/python3.9/site-packages/dgl/tensoradapter/pytorch/libtensoradapter_pytorch_1.10.2.so: cannot open shared object file: No such file or directory
Using backend: pytorch
2022/03/31 12:19:41: before drop huge graphs, there are 344 graphs in PTC_MR
2022/03/31 12:19:41: after drop huge graphs, there are 344 graphs in PTC_MR
2022/03/31 12:19:41: ready to load the pre-computed wass distances
2022/03/31 12:19:41: after loading pre-computed wass distances, there are distance with w=[] remained
2022/03/31 12:19:41: Wasserstein distances computation done. Saved to file.
2022/03/31 12:19:41: Running SVMs, crossvalidation: True, gridsearch: False.
2022/03/31 12:19:41: gridsearch and crossvalidation done
[12:19:42] /opt/dgl/src/runtime/tensordispatch.cc:43: TensorDispatcher: dlopen failed: /public1/home/scfa1517/anaconda3/envs/myenv/lib/python3.9/site-packages/dgl/tensoradapter/pytorch/libtensoradapter_pytorch_1.10.2.so: cannot open shared object file: No such file or directory
Using backend: pytorch
2022/03/31 12:19:43: before drop huge graphs, there are 344 graphs in PTC_MR
2022/03/31 12:19:43: after drop huge graphs, there are 344 graphs in PTC_MR
2022/03/31 12:19:43: ready to load the pre-computed wass distances
2022/03/31 12:19:43: after loading pre-computed wass distances, there are distance with w=[] remained
2022/03/31 12:19:43: Wasserstein distances computation done. Saved to file.
2022/03/31 12:19:43: Running SVMs, crossvalidation: True, gridsearch: False.
2022/03/31 12:19:43: gridsearch and crossvalidation done
[12:19:45] /opt/dgl/src/runtime/tensordispatch.cc:43: TensorDispatcher: dlopen failed: /public1/home/scfa1517/anaconda3/envs/myenv/lib/python3.9/site-packages/dgl/tensoradapter/pytorch/libtensoradapter_pytorch_1.10.2.so: cannot open shared object file: No such file or directory
Using backend: pytorch
2022/03/31 12:19:46: before drop huge graphs, there are 344 graphs in PTC_MR
2022/03/31 12:19:46: after drop huge graphs, there are 344 graphs in PTC_MR
2022/03/31 12:19:46: ready to load the pre-computed wass distances
2022/03/31 12:19:46: after loading pre-computed wass distances, there are distance with w=[] remained
2022/03/31 12:19:46: Wasserstein distances computation done. Saved to file.
2022/03/31 12:19:46: Running SVMs, crossvalidation: True, gridsearch: False.
2022/03/31 12:19:46: gridsearch and crossvalidation done
[12:19:48] /opt/dgl/src/runtime/tensordispatch.cc:43: TensorDispatcher: dlopen failed: /public1/home/scfa1517/anaconda3/envs/myenv/lib/python3.9/site-packages/dgl/tensoradapter/pytorch/libtensoradapter_pytorch_1.10.2.so: cannot open shared object file: No such file or directory
Using backend: pytorch
2022/03/31 12:19:49: before drop huge graphs, there are 344 graphs in PTC_MR
2022/03/31 12:19:49: after drop huge graphs, there are 344 graphs in PTC_MR
2022/03/31 12:19:49: ready to load the pre-computed wass distances
2022/03/31 12:19:49: after loading pre-computed wass distances, there are distance with w=[] remained
2022/03/31 12:19:49: Wasserstein distances computation done. Saved to file.
2022/03/31 12:19:49: Running SVMs, crossvalidation: True, gridsearch: False.
2022/03/31 12:19:49: gridsearch and crossvalidation done
[12:19:50] /opt/dgl/src/runtime/tensordispatch.cc:43: TensorDispatcher: dlopen failed: /public1/home/scfa1517/anaconda3/envs/myenv/lib/python3.9/site-packages/dgl/tensoradapter/pytorch/libtensoradapter_pytorch_1.10.2.so: cannot open shared object file: No such file or directory
Using backend: pytorch
2022/03/31 12:19:51: before drop huge graphs, there are 344 graphs in PTC_MR
2022/03/31 12:19:51: after drop huge graphs, there are 344 graphs in PTC_MR
2022/03/31 12:19:51: ready to load the pre-computed wass distances
2022/03/31 12:19:51: after loading pre-computed wass distances, there are distance with w=[] remained
2022/03/31 12:19:51: Wasserstein distances computation done. Saved to file.
2022/03/31 12:19:51: Running SVMs, crossvalidation: True, gridsearch: False.
2022/03/31 12:19:51: gridsearch and crossvalidation done
[12:19:53] /opt/dgl/src/runtime/tensordispatch.cc:43: TensorDispatcher: dlopen failed: /public1/home/scfa1517/anaconda3/envs/myenv/lib/python3.9/site-packages/dgl/tensoradapter/pytorch/libtensoradapter_pytorch_1.10.2.so: cannot open shared object file: No such file or directory
Using backend: pytorch
2022/03/31 12:19:54: before drop huge graphs, there are 344 graphs in PTC_MR
2022/03/31 12:19:54: after drop huge graphs, there are 344 graphs in PTC_MR
2022/03/31 12:19:54: ready to load the pre-computed wass distances
2022/03/31 12:19:54: after loading pre-computed wass distances, there are distance with w=[] remained
2022/03/31 12:19:54: Wasserstein distances computation done. Saved to file.
2022/03/31 12:19:54: Running SVMs, crossvalidation: True, gridsearch: False.
2022/03/31 12:19:54: gridsearch and crossvalidation done
[12:19:55] /opt/dgl/src/runtime/tensordispatch.cc:43: TensorDispatcher: dlopen failed: /public1/home/scfa1517/anaconda3/envs/myenv/lib/python3.9/site-packages/dgl/tensoradapter/pytorch/libtensoradapter_pytorch_1.10.2.so: cannot open shared object file: No such file or directory
Using backend: pytorch
2022/03/31 12:19:56: before drop huge graphs, there are 344 graphs in PTC_MR
2022/03/31 12:19:56: after drop huge graphs, there are 344 graphs in PTC_MR
2022/03/31 12:19:56: ready to load the pre-computed wass distances
2022/03/31 12:19:56: after loading pre-computed wass distances, there are distance with w=[] remained
2022/03/31 12:19:56: Wasserstein distances computation done. Saved to file.
2022/03/31 12:19:56: Running SVMs, crossvalidation: True, gridsearch: False.
2022/03/31 12:19:56: gridsearch and crossvalidation done
[12:19:58] /opt/dgl/src/runtime/tensordispatch.cc:43: TensorDispatcher: dlopen failed: /public1/home/scfa1517/anaconda3/envs/myenv/lib/python3.9/site-packages/dgl/tensoradapter/pytorch/libtensoradapter_pytorch_1.10.2.so: cannot open shared object file: No such file or directory
Using backend: pytorch
2022/03/31 12:19:59: before drop huge graphs, there are 344 graphs in PTC_MR
2022/03/31 12:19:59: after drop huge graphs, there are 344 graphs in PTC_MR
2022/03/31 12:19:59: ready to load the pre-computed wass distances
2022/03/31 12:19:59: after loading pre-computed wass distances, there are distance with w=[] remained
2022/03/31 12:19:59: Wasserstein distances computation done. Saved to file.
2022/03/31 12:19:59: Running SVMs, crossvalidation: True, gridsearch: False.
2022/03/31 12:19:59: gridsearch and crossvalidation done
[12:20:01] /opt/dgl/src/runtime/tensordispatch.cc:43: TensorDispatcher: dlopen failed: /public1/home/scfa1517/anaconda3/envs/myenv/lib/python3.9/site-packages/dgl/tensoradapter/pytorch/libtensoradapter_pytorch_1.10.2.so: cannot open shared object file: No such file or directory
Using backend: pytorch
2022/03/31 12:20:02: before drop huge graphs, there are 344 graphs in PTC_MR
2022/03/31 12:20:02: after drop huge graphs, there are 344 graphs in PTC_MR
2022/03/31 12:20:02: ready to load the pre-computed wass distances
2022/03/31 12:20:02: after loading pre-computed wass distances, there are distance with w=[] remained
2022/03/31 12:20:02: Wasserstein distances computation done. Saved to file.
2022/03/31 12:20:02: Running SVMs, crossvalidation: True, gridsearch: False.
2022/03/31 12:20:02: gridsearch and crossvalidation done
[12:20:03] /opt/dgl/src/runtime/tensordispatch.cc:43: TensorDispatcher: dlopen failed: /public1/home/scfa1517/anaconda3/envs/myenv/lib/python3.9/site-packages/dgl/tensoradapter/pytorch/libtensoradapter_pytorch_1.10.2.so: cannot open shared object file: No such file or directory
Using backend: pytorch
2022/03/31 12:20:04: before drop huge graphs, there are 344 graphs in PTC_MR
2022/03/31 12:20:04: after drop huge graphs, there are 344 graphs in PTC_MR
2022/03/31 12:20:04: ready to load the pre-computed wass distances
2022/03/31 12:20:04: after loading pre-computed wass distances, there are distance with w=[] remained
2022/03/31 12:20:04: Wasserstein distances computation done. Saved to file.
2022/03/31 12:20:04: Running SVMs, crossvalidation: True, gridsearch: False.
2022/03/31 12:20:04: gridsearch and crossvalidation done
[12:20:06] /opt/dgl/src/runtime/tensordispatch.cc:43: TensorDispatcher: dlopen failed: /public1/home/scfa1517/anaconda3/envs/myenv/lib/python3.9/site-packages/dgl/tensoradapter/pytorch/libtensoradapter_pytorch_1.10.2.so: cannot open shared object file: No such file or directory
Using backend: pytorch
2022/03/31 12:20:07: before drop huge graphs, there are 344 graphs in PTC_MR
2022/03/31 12:20:07: after drop huge graphs, there are 344 graphs in PTC_MR
2022/03/31 12:20:07: ready to load the pre-computed wass distances
2022/03/31 12:20:07: after loading pre-computed wass distances, there are distance with w=[] remained
2022/03/31 12:20:07: Wasserstein distances computation done. Saved to file.
2022/03/31 12:20:07: Running SVMs, crossvalidation: True, gridsearch: False.
2022/03/31 12:20:07: gridsearch and crossvalidation done
[12:20:08] /opt/dgl/src/runtime/tensordispatch.cc:43: TensorDispatcher: dlopen failed: /public1/home/scfa1517/anaconda3/envs/myenv/lib/python3.9/site-packages/dgl/tensoradapter/pytorch/libtensoradapter_pytorch_1.10.2.so: cannot open shared object file: No such file or directory
Using backend: pytorch
2022/03/31 12:20:09: before drop huge graphs, there are 344 graphs in PTC_MR
2022/03/31 12:20:09: after drop huge graphs, there are 344 graphs in PTC_MR
2022/03/31 12:20:09: ready to load the pre-computed wass distances
2022/03/31 12:20:09: after loading pre-computed wass distances, there are distance with w=[] remained
2022/03/31 12:20:09: Wasserstein distances computation done. Saved to file.
2022/03/31 12:20:09: Running SVMs, crossvalidation: True, gridsearch: False.
2022/03/31 12:20:10: gridsearch and crossvalidation done
[12:20:11] /opt/dgl/src/runtime/tensordispatch.cc:43: TensorDispatcher: dlopen failed: /public1/home/scfa1517/anaconda3/envs/myenv/lib/python3.9/site-packages/dgl/tensoradapter/pytorch/libtensoradapter_pytorch_1.10.2.so: cannot open shared object file: No such file or directory
Using backend: pytorch
2022/03/31 12:20:12: before drop huge graphs, there are 344 graphs in PTC_MR
2022/03/31 12:20:12: after drop huge graphs, there are 344 graphs in PTC_MR
2022/03/31 12:20:12: ready to load the pre-computed wass distances
2022/03/31 12:20:12: after loading pre-computed wass distances, there are distance with w=[] remained
2022/03/31 12:20:12: Wasserstein distances computation done. Saved to file.
2022/03/31 12:20:12: Running SVMs, crossvalidation: True, gridsearch: False.
2022/03/31 12:20:12: gridsearch and crossvalidation done
[12:20:14] /opt/dgl/src/runtime/tensordispatch.cc:43: TensorDispatcher: dlopen failed: /public1/home/scfa1517/anaconda3/envs/myenv/lib/python3.9/site-packages/dgl/tensoradapter/pytorch/libtensoradapter_pytorch_1.10.2.so: cannot open shared object file: No such file or directory
Using backend: pytorch
2022/03/31 12:20:15: before drop huge graphs, there are 344 graphs in PTC_MR
2022/03/31 12:20:15: after drop huge graphs, there are 344 graphs in PTC_MR
2022/03/31 12:20:15: ready to load the pre-computed wass distances
2022/03/31 12:20:15: after loading pre-computed wass distances, there are distance with w=[] remained
2022/03/31 12:20:15: Wasserstein distances computation done. Saved to file.
2022/03/31 12:20:15: Running SVMs, crossvalidation: True, gridsearch: False.
2022/03/31 12:20:15: gridsearch and crossvalidation done
[12:20:17] /opt/dgl/src/runtime/tensordispatch.cc:43: TensorDispatcher: dlopen failed: /public1/home/scfa1517/anaconda3/envs/myenv/lib/python3.9/site-packages/dgl/tensoradapter/pytorch/libtensoradapter_pytorch_1.10.2.so: cannot open shared object file: No such file or directory
Using backend: pytorch
2022/03/31 12:20:18: before drop huge graphs, there are 344 graphs in PTC_MR
2022/03/31 12:20:18: after drop huge graphs, there are 344 graphs in PTC_MR
2022/03/31 12:20:18: ready to load the pre-computed wass distances
2022/03/31 12:20:18: after loading pre-computed wass distances, there are distance with w=[] remained
2022/03/31 12:20:18: Wasserstein distances computation done. Saved to file.
2022/03/31 12:20:18: Running SVMs, crossvalidation: True, gridsearch: False.
2022/03/31 12:20:18: gridsearch and crossvalidation done
[12:20:19] /opt/dgl/src/runtime/tensordispatch.cc:43: TensorDispatcher: dlopen failed: /public1/home/scfa1517/anaconda3/envs/myenv/lib/python3.9/site-packages/dgl/tensoradapter/pytorch/libtensoradapter_pytorch_1.10.2.so: cannot open shared object file: No such file or directory
Using backend: pytorch
2022/03/31 12:20:20: before drop huge graphs, there are 344 graphs in PTC_MR
2022/03/31 12:20:20: after drop huge graphs, there are 344 graphs in PTC_MR
2022/03/31 12:20:20: ready to load the pre-computed wass distances
2022/03/31 12:20:20: after loading pre-computed wass distances, there are distance with w=[] remained
2022/03/31 12:20:20: Wasserstein distances computation done. Saved to file.
2022/03/31 12:20:20: Running SVMs, crossvalidation: True, gridsearch: False.
2022/03/31 12:20:20: gridsearch and crossvalidation done
[12:20:22] /opt/dgl/src/runtime/tensordispatch.cc:43: TensorDispatcher: dlopen failed: /public1/home/scfa1517/anaconda3/envs/myenv/lib/python3.9/site-packages/dgl/tensoradapter/pytorch/libtensoradapter_pytorch_1.10.2.so: cannot open shared object file: No such file or directory
Using backend: pytorch
2022/03/31 12:20:23: before drop huge graphs, there are 344 graphs in PTC_MR
2022/03/31 12:20:23: after drop huge graphs, there are 344 graphs in PTC_MR
2022/03/31 12:20:23: ready to load the pre-computed wass distances
2022/03/31 12:20:23: after loading pre-computed wass distances, there are distance with w=[] remained
2022/03/31 12:20:23: Wasserstein distances computation done. Saved to file.
2022/03/31 12:20:23: Running SVMs, crossvalidation: True, gridsearch: False.
2022/03/31 12:20:23: gridsearch and crossvalidation done
warning: You ran 'git add' with neither '-A (--all)' or '--ignore-removal',
whose behaviour will change in Git 2.0 with respect to paths you removed.
Paths like 'exp/fig1:w_versue_hl/PTC_MR/WKS/results_PTC_MR_WKS_0.00_2022-03-26 01:33_crossvalidation.csv' that are
removed from your working tree are ignored with this version of Git.

* 'git add --ignore-removal <pathspec>', which is the current default,
  ignores paths you removed from your working tree.

* 'git add --all <pathspec>' will let you also record the removals.

Run 'git status' to check the paths you removed from your working tree.

