/public1/home/scfa1517/HKS-Wasserstein-kernel/exp/fig1:w_versue_hl
/public1/home/scfa1517/HKS-Wasserstein-kernel

=============================================================
Graph classification using the HKS/WKS and Wassertain kernel.
=============================================================

Generating WKS embeddings by <function get_sample4WKS at 0x2ab32f980550> with hl=800 for PTC_MR.
with hlen = 800, C = 10.0 and gammas = 0.1

Kernel matrices computed.

Mean 10-fold accuracy: 60.16 +- 1.84 %
Results saved in /public1/home/scfa1517/HKS-Wasserstein-kernel/exp/fig1:w_versue_hl/PTC_MR/WKS/results_PTC_MR_WKS_0.00_2022-03-31 12:19_crossvalidation.csv.

=============================================================
Graph classification using the HKS/WKS and Wassertain kernel.
=============================================================

Generating WKS embeddings by <function get_sample4WKS at 0x2b70f1ba2550> with hl=800 for PTC_MR.
with hlen = 800, C = 10.0 and gammas = 0.1

Kernel matrices computed.

Mean 10-fold accuracy: 58.71 +- 2.07 %
Results saved in /public1/home/scfa1517/HKS-Wasserstein-kernel/exp/fig1:w_versue_hl/PTC_MR/WKS/results_PTC_MR_WKS_0.05_2022-03-31 12:19_crossvalidation.csv.

=============================================================
Graph classification using the HKS/WKS and Wassertain kernel.
=============================================================

Generating WKS embeddings by <function get_sample4WKS at 0x2b3a111e7550> with hl=800 for PTC_MR.
with hlen = 800, C = 10.0 and gammas = 0.1

Kernel matrices computed.

Mean 10-fold accuracy: 57.85 +- 1.76 %
Results saved in /public1/home/scfa1517/HKS-Wasserstein-kernel/exp/fig1:w_versue_hl/PTC_MR/WKS/results_PTC_MR_WKS_0.10_2022-03-31 12:19_crossvalidation.csv.

=============================================================
Graph classification using the HKS/WKS and Wassertain kernel.
=============================================================

Generating WKS embeddings by <function get_sample4WKS at 0x2ade4c546550> with hl=800 for PTC_MR.
with hlen = 800, C = 10.0 and gammas = 0.1

Kernel matrices computed.

Mean 10-fold accuracy: 57.85 +- 2.11 %
Results saved in /public1/home/scfa1517/HKS-Wasserstein-kernel/exp/fig1:w_versue_hl/PTC_MR/WKS/results_PTC_MR_WKS_0.15_2022-03-31 12:19_crossvalidation.csv.

=============================================================
Graph classification using the HKS/WKS and Wassertain kernel.
=============================================================

Generating WKS embeddings by <function get_sample4WKS at 0x2adfb74cf550> with hl=800 for PTC_MR.
with hlen = 800, C = 10.0 and gammas = 0.1

Kernel matrices computed.

Mean 10-fold accuracy: 57.85 +- 2.16 %
Results saved in /public1/home/scfa1517/HKS-Wasserstein-kernel/exp/fig1:w_versue_hl/PTC_MR/WKS/results_PTC_MR_WKS_0.20_2022-03-31 12:19_crossvalidation.csv.

=============================================================
Graph classification using the HKS/WKS and Wassertain kernel.
=============================================================

Generating WKS embeddings by <function get_sample4WKS at 0x2b249ccf7550> with hl=800 for PTC_MR.
with hlen = 800, C = 10.0 and gammas = 0.1

Kernel matrices computed.

Mean 10-fold accuracy: 56.98 +- 2.20 %
Results saved in /public1/home/scfa1517/HKS-Wasserstein-kernel/exp/fig1:w_versue_hl/PTC_MR/WKS/results_PTC_MR_WKS_0.25_2022-03-31 12:19_crossvalidation.csv.

=============================================================
Graph classification using the HKS/WKS and Wassertain kernel.
=============================================================

Generating WKS embeddings by <function get_sample4WKS at 0x2b9060a35550> with hl=800 for PTC_MR.
with hlen = 800, C = 10.0 and gammas = 0.1

Kernel matrices computed.

Mean 10-fold accuracy: 57.58 +- 1.79 %
Results saved in /public1/home/scfa1517/HKS-Wasserstein-kernel/exp/fig1:w_versue_hl/PTC_MR/WKS/results_PTC_MR_WKS_0.30_2022-03-31 12:19_crossvalidation.csv.

=============================================================
Graph classification using the HKS/WKS and Wassertain kernel.
=============================================================

Generating WKS embeddings by <function get_sample4WKS at 0x2b45964ea550> with hl=800 for PTC_MR.
with hlen = 800, C = 10.0 and gammas = 0.1

Kernel matrices computed.

Mean 10-fold accuracy: 58.17 +- 1.51 %
Results saved in /public1/home/scfa1517/HKS-Wasserstein-kernel/exp/fig1:w_versue_hl/PTC_MR/WKS/results_PTC_MR_WKS_0.35_2022-03-31 12:19_crossvalidation.csv.

=============================================================
Graph classification using the HKS/WKS and Wassertain kernel.
=============================================================

Generating WKS embeddings by <function get_sample4WKS at 0x2b8893eb3550> with hl=800 for PTC_MR.
with hlen = 800, C = 10.0 and gammas = 0.1

Kernel matrices computed.

Mean 10-fold accuracy: 58.74 +- 1.53 %
Results saved in /public1/home/scfa1517/HKS-Wasserstein-kernel/exp/fig1:w_versue_hl/PTC_MR/WKS/results_PTC_MR_WKS_0.40_2022-03-31 12:19_crossvalidation.csv.

=============================================================
Graph classification using the HKS/WKS and Wassertain kernel.
=============================================================

Generating WKS embeddings by <function get_sample4WKS at 0x2b2613004550> with hl=800 for PTC_MR.
with hlen = 800, C = 10.0 and gammas = 0.1

Kernel matrices computed.

Mean 10-fold accuracy: 59.03 +- 1.54 %
Results saved in /public1/home/scfa1517/HKS-Wasserstein-kernel/exp/fig1:w_versue_hl/PTC_MR/WKS/results_PTC_MR_WKS_0.45_2022-03-31 12:19_crossvalidation.csv.

=============================================================
Graph classification using the HKS/WKS and Wassertain kernel.
=============================================================

Generating WKS embeddings by <function get_sample4WKS at 0x2b9dd69bd550> with hl=800 for PTC_MR.
with hlen = 800, C = 10.0 and gammas = 0.1

Kernel matrices computed.

Mean 10-fold accuracy: 59.61 +- 1.76 %
Results saved in /public1/home/scfa1517/HKS-Wasserstein-kernel/exp/fig1:w_versue_hl/PTC_MR/WKS/results_PTC_MR_WKS_0.50_2022-03-31 12:19_crossvalidation.csv.

=============================================================
Graph classification using the HKS/WKS and Wassertain kernel.
=============================================================

Generating WKS embeddings by <function get_sample4WKS at 0x2b91594d1550> with hl=800 for PTC_MR.
with hlen = 800, C = 10.0 and gammas = 0.1

Kernel matrices computed.

Mean 10-fold accuracy: 60.76 +- 2.20 %
Results saved in /public1/home/scfa1517/HKS-Wasserstein-kernel/exp/fig1:w_versue_hl/PTC_MR/WKS/results_PTC_MR_WKS_0.55_2022-03-31 12:19_crossvalidation.csv.

=============================================================
Graph classification using the HKS/WKS and Wassertain kernel.
=============================================================

Generating WKS embeddings by <function get_sample4WKS at 0x2b667e4df550> with hl=800 for PTC_MR.
with hlen = 800, C = 10.0 and gammas = 0.1

Kernel matrices computed.

Mean 10-fold accuracy: 59.89 +- 2.08 %
Results saved in /public1/home/scfa1517/HKS-Wasserstein-kernel/exp/fig1:w_versue_hl/PTC_MR/WKS/results_PTC_MR_WKS_0.60_2022-03-31 12:20_crossvalidation.csv.

=============================================================
Graph classification using the HKS/WKS and Wassertain kernel.
=============================================================

Generating WKS embeddings by <function get_sample4WKS at 0x2acac2905550> with hl=800 for PTC_MR.
with hlen = 800, C = 10.0 and gammas = 0.1

Kernel matrices computed.

Mean 10-fold accuracy: 58.44 +- 2.01 %
Results saved in /public1/home/scfa1517/HKS-Wasserstein-kernel/exp/fig1:w_versue_hl/PTC_MR/WKS/results_PTC_MR_WKS_0.65_2022-03-31 12:20_crossvalidation.csv.

=============================================================
Graph classification using the HKS/WKS and Wassertain kernel.
=============================================================

Generating WKS embeddings by <function get_sample4WKS at 0x2aee1501f550> with hl=800 for PTC_MR.
with hlen = 800, C = 10.0 and gammas = 0.1

Kernel matrices computed.

Mean 10-fold accuracy: 56.97 +- 1.69 %
Results saved in /public1/home/scfa1517/HKS-Wasserstein-kernel/exp/fig1:w_versue_hl/PTC_MR/WKS/results_PTC_MR_WKS_0.70_2022-03-31 12:20_crossvalidation.csv.

=============================================================
Graph classification using the HKS/WKS and Wassertain kernel.
=============================================================

Generating WKS embeddings by <function get_sample4WKS at 0x2b02cdf12550> with hl=800 for PTC_MR.
with hlen = 800, C = 10.0 and gammas = 0.1

Kernel matrices computed.

Mean 10-fold accuracy: 57.55 +- 1.82 %
Results saved in /public1/home/scfa1517/HKS-Wasserstein-kernel/exp/fig1:w_versue_hl/PTC_MR/WKS/results_PTC_MR_WKS_0.75_2022-03-31 12:20_crossvalidation.csv.

=============================================================
Graph classification using the HKS/WKS and Wassertain kernel.
=============================================================

Generating WKS embeddings by <function get_sample4WKS at 0x2ae712289550> with hl=800 for PTC_MR.
with hlen = 800, C = 10.0 and gammas = 0.1

Kernel matrices computed.

Mean 10-fold accuracy: 56.97 +- 1.69 %
Results saved in /public1/home/scfa1517/HKS-Wasserstein-kernel/exp/fig1:w_versue_hl/PTC_MR/WKS/results_PTC_MR_WKS_0.80_2022-03-31 12:20_crossvalidation.csv.

=============================================================
Graph classification using the HKS/WKS and Wassertain kernel.
=============================================================

Generating WKS embeddings by <function get_sample4WKS at 0x2b1153f8c550> with hl=800 for PTC_MR.
with hlen = 800, C = 10.0 and gammas = 0.1

Kernel matrices computed.

Mean 10-fold accuracy: 57.55 +- 1.91 %
Results saved in /public1/home/scfa1517/HKS-Wasserstein-kernel/exp/fig1:w_versue_hl/PTC_MR/WKS/results_PTC_MR_WKS_0.85_2022-03-31 12:20_crossvalidation.csv.

=============================================================
Graph classification using the HKS/WKS and Wassertain kernel.
=============================================================

Generating WKS embeddings by <function get_sample4WKS at 0x2b00d63c8550> with hl=800 for PTC_MR.
with hlen = 800, C = 10.0 and gammas = 0.1

Kernel matrices computed.

Mean 10-fold accuracy: 57.54 +- 2.13 %
Results saved in /public1/home/scfa1517/HKS-Wasserstein-kernel/exp/fig1:w_versue_hl/PTC_MR/WKS/results_PTC_MR_WKS_0.90_2022-03-31 12:20_crossvalidation.csv.

=============================================================
Graph classification using the HKS/WKS and Wassertain kernel.
=============================================================

Generating WKS embeddings by <function get_sample4WKS at 0x2ab4fc0f4550> with hl=800 for PTC_MR.
with hlen = 800, C = 10.0 and gammas = 0.1

Kernel matrices computed.

Mean 10-fold accuracy: 58.12 +- 2.35 %
Results saved in /public1/home/scfa1517/HKS-Wasserstein-kernel/exp/fig1:w_versue_hl/PTC_MR/WKS/results_PTC_MR_WKS_0.95_2022-03-31 12:20_crossvalidation.csv.

=============================================================
Graph classification using the HKS/WKS and Wassertain kernel.
=============================================================

Generating WKS embeddings by <function get_sample4WKS at 0x2b9ef11e3550> with hl=800 for PTC_MR.
with hlen = 800, C = 10.0 and gammas = 0.1

Kernel matrices computed.

Mean 10-fold accuracy: 58.40 +- 2.29 %
Results saved in /public1/home/scfa1517/HKS-Wasserstein-kernel/exp/fig1:w_versue_hl/PTC_MR/WKS/results_PTC_MR_WKS_1.00_2022-03-31 12:20_crossvalidation.csv.
  adding: PTC_MR/WKS/ (stored 0%)
  adding: PTC_MR/WKS/results_PTC_MR_WKS_0.40_2022-03-31 12:19_crossvalidation.csv (deflated 70%)
  adding: PTC_MR/WKS/results_PTC_MR_WKS_0.30_2022-03-31 12:19_crossvalidation.csv (deflated 70%)
  adding: PTC_MR/WKS/results_PTC_MR_WKS_0.15_2022-03-31 12:19_crossvalidation.csv (deflated 72%)
  adding: PTC_MR/WKS/results_PTC_MR_WKS_0.85_2022-03-31 12:20_crossvalidation.csv (deflated 71%)
  adding: PTC_MR/WKS/results_PTC_MR_WKS_0.55_2022-03-31 12:19_crossvalidation.csv (deflated 70%)
  adding: PTC_MR/WKS/results_PTC_MR_WKS_0.60_2022-03-31 12:20_crossvalidation.csv (deflated 67%)
  adding: PTC_MR/WKS/results_PTC_MR_WKS_0.70_2022-03-31 12:20_crossvalidation.csv (deflated 70%)
  adding: PTC_MR/WKS/results_PTC_MR_WKS_0.05_2022-03-31 12:19_crossvalidation.csv (deflated 71%)
  adding: PTC_MR/WKS/results_PTC_MR_WKS_0.80_2022-03-31 12:20_crossvalidation.csv (deflated 70%)
  adding: PTC_MR/WKS/results_PTC_MR_WKS_0.45_2022-03-31 12:19_crossvalidation.csv (deflated 72%)
  adding: PTC_MR/WKS/results_PTC_MR_WKS_1.00_2022-03-31 12:20_crossvalidation.csv (deflated 70%)
  adding: PTC_MR/WKS/results_PTC_MR_WKS_0.95_2022-03-31 12:20_crossvalidation.csv (deflated 70%)
  adding: PTC_MR/WKS/results_PTC_MR_WKS_0.20_2022-03-31 12:19_crossvalidation.csv (deflated 71%)
  adding: PTC_MR/WKS/results_PTC_MR_WKS_0.65_2022-03-31 12:20_crossvalidation.csv (deflated 69%)
  adding: PTC_MR/WKS/results_PTC_MR_WKS_0.50_2022-03-31 12:19_crossvalidation.csv (deflated 69%)
  adding: PTC_MR/WKS/results_PTC_MR_WKS_0.10_2022-03-31 12:19_crossvalidation.csv (deflated 70%)
  adding: PTC_MR/WKS/results_PTC_MR_WKS_0.35_2022-03-31 12:19_crossvalidation.csv (deflated 71%)
  adding: PTC_MR/WKS/results_PTC_MR_WKS_0.75_2022-03-31 12:20_crossvalidation.csv (deflated 70%)
  adding: PTC_MR/WKS/results_PTC_MR_WKS_0.90_2022-03-31 12:20_crossvalidation.csv (deflated 71%)
  adding: PTC_MR/WKS/results_PTC_MR_WKS_0.00_2022-03-31 12:19_crossvalidation.csv (deflated 70%)
  adding: PTC_MR/WKS/results_PTC_MR_WKS_0.25_2022-03-31 12:19_crossvalidation.csv (deflated 70%)
