/public1/home/scfa1517/HKS-Wasserstein-kernel/exp/fig1:w_versue_hl
/public1/home/scfa1517/HKS-Wasserstein-kernel

=============================================================
Graph classification using the HKS/WKS and Wassertain kernel.
=============================================================

Generating WKS embeddings by <function get_sample4WKS at 0x2b5bd3a23550> with hl=800 for MUTAG.
with hlen = 800, C = 1.0 and gammas = 10.0

Kernel matrices computed.

Mean 10-fold accuracy: 81.84 +- 1.95 %
Results saved in /public1/home/scfa1517/HKS-Wasserstein-kernel/exp/fig1:w_versue_hl/MUTAG/WKS/results_MUTAG_WKS_0.00_2022-03-31 13:11_crossvalidation.csv.

=============================================================
Graph classification using the HKS/WKS and Wassertain kernel.
=============================================================

Generating WKS embeddings by <function get_sample4WKS at 0x2b5e7e268550> with hl=800 for MUTAG.
with hlen = 800, C = 1.0 and gammas = 10.0

Kernel matrices computed.

Mean 10-fold accuracy: 81.84 +- 1.95 %
Results saved in /public1/home/scfa1517/HKS-Wasserstein-kernel/exp/fig1:w_versue_hl/MUTAG/WKS/results_MUTAG_WKS_0.05_2022-03-31 13:11_crossvalidation.csv.

=============================================================
Graph classification using the HKS/WKS and Wassertain kernel.
=============================================================

Generating WKS embeddings by <function get_sample4WKS at 0x2b5e146b7550> with hl=800 for MUTAG.
with hlen = 800, C = 1.0 and gammas = 10.0

Kernel matrices computed.

Mean 10-fold accuracy: 81.84 +- 1.95 %
Results saved in /public1/home/scfa1517/HKS-Wasserstein-kernel/exp/fig1:w_versue_hl/MUTAG/WKS/results_MUTAG_WKS_0.10_2022-03-31 13:11_crossvalidation.csv.

=============================================================
Graph classification using the HKS/WKS and Wassertain kernel.
=============================================================

Generating WKS embeddings by <function get_sample4WKS at 0x2b82d0ca7550> with hl=800 for MUTAG.
with hlen = 800, C = 1.0 and gammas = 10.0

Kernel matrices computed.

Mean 10-fold accuracy: 81.81 +- 2.25 %
Results saved in /public1/home/scfa1517/HKS-Wasserstein-kernel/exp/fig1:w_versue_hl/MUTAG/WKS/results_MUTAG_WKS_0.15_2022-03-31 13:11_crossvalidation.csv.

=============================================================
Graph classification using the HKS/WKS and Wassertain kernel.
=============================================================

Generating WKS embeddings by <function get_sample4WKS at 0x2b5e999dc550> with hl=800 for MUTAG.
with hlen = 800, C = 1.0 and gammas = 10.0

Kernel matrices computed.

Mean 10-fold accuracy: 82.37 +- 2.32 %
Results saved in /public1/home/scfa1517/HKS-Wasserstein-kernel/exp/fig1:w_versue_hl/MUTAG/WKS/results_MUTAG_WKS_0.20_2022-03-31 13:12_crossvalidation.csv.

=============================================================
Graph classification using the HKS/WKS and Wassertain kernel.
=============================================================

Generating WKS embeddings by <function get_sample4WKS at 0x2b463aa01550> with hl=800 for MUTAG.
with hlen = 800, C = 1.0 and gammas = 10.0

Kernel matrices computed.

Mean 10-fold accuracy: 82.92 +- 2.27 %
Results saved in /public1/home/scfa1517/HKS-Wasserstein-kernel/exp/fig1:w_versue_hl/MUTAG/WKS/results_MUTAG_WKS_0.25_2022-03-31 13:12_crossvalidation.csv.

=============================================================
Graph classification using the HKS/WKS and Wassertain kernel.
=============================================================

Generating WKS embeddings by <function get_sample4WKS at 0x2ace70981550> with hl=800 for MUTAG.
with hlen = 800, C = 1.0 and gammas = 10.0

Kernel matrices computed.

Mean 10-fold accuracy: 82.40 +- 2.30 %
Results saved in /public1/home/scfa1517/HKS-Wasserstein-kernel/exp/fig1:w_versue_hl/MUTAG/WKS/results_MUTAG_WKS_0.30_2022-03-31 13:12_crossvalidation.csv.

=============================================================
Graph classification using the HKS/WKS and Wassertain kernel.
=============================================================

Generating WKS embeddings by <function get_sample4WKS at 0x2b40a0465550> with hl=800 for MUTAG.
with hlen = 800, C = 1.0 and gammas = 10.0

Kernel matrices computed.

Mean 10-fold accuracy: 83.45 +- 2.11 %
Results saved in /public1/home/scfa1517/HKS-Wasserstein-kernel/exp/fig1:w_versue_hl/MUTAG/WKS/results_MUTAG_WKS_0.35_2022-03-31 13:12_crossvalidation.csv.

=============================================================
Graph classification using the HKS/WKS and Wassertain kernel.
=============================================================

Generating WKS embeddings by <function get_sample4WKS at 0x2b2cc1db7550> with hl=800 for MUTAG.
with hlen = 800, C = 1.0 and gammas = 10.0

Kernel matrices computed.

Mean 10-fold accuracy: 85.03 +- 2.04 %
Results saved in /public1/home/scfa1517/HKS-Wasserstein-kernel/exp/fig1:w_versue_hl/MUTAG/WKS/results_MUTAG_WKS_0.40_2022-03-31 13:12_crossvalidation.csv.

=============================================================
Graph classification using the HKS/WKS and Wassertain kernel.
=============================================================

Generating WKS embeddings by <function get_sample4WKS at 0x2b22b22ed550> with hl=800 for MUTAG.
with hlen = 800, C = 1.0 and gammas = 10.0

Kernel matrices computed.

Mean 10-fold accuracy: 85.56 +- 2.08 %
Results saved in /public1/home/scfa1517/HKS-Wasserstein-kernel/exp/fig1:w_versue_hl/MUTAG/WKS/results_MUTAG_WKS_0.45_2022-03-31 13:12_crossvalidation.csv.

=============================================================
Graph classification using the HKS/WKS and Wassertain kernel.
=============================================================

Generating WKS embeddings by <function get_sample4WKS at 0x2b754c89b550> with hl=800 for MUTAG.
with hlen = 800, C = 1.0 and gammas = 10.0

Kernel matrices computed.

Mean 10-fold accuracy: 86.11 +- 2.08 %
Results saved in /public1/home/scfa1517/HKS-Wasserstein-kernel/exp/fig1:w_versue_hl/MUTAG/WKS/results_MUTAG_WKS_0.50_2022-03-31 13:12_crossvalidation.csv.

=============================================================
Graph classification using the HKS/WKS and Wassertain kernel.
=============================================================

Generating WKS embeddings by <function get_sample4WKS at 0x2afe78604550> with hl=800 for MUTAG.
with hlen = 800, C = 1.0 and gammas = 10.0

Kernel matrices computed.

Mean 10-fold accuracy: 86.11 +- 1.95 %
Results saved in /public1/home/scfa1517/HKS-Wasserstein-kernel/exp/fig1:w_versue_hl/MUTAG/WKS/results_MUTAG_WKS_0.55_2022-03-31 13:12_crossvalidation.csv.

=============================================================
Graph classification using the HKS/WKS and Wassertain kernel.
=============================================================

Generating WKS embeddings by <function get_sample4WKS at 0x2ae518439550> with hl=800 for MUTAG.
with hlen = 800, C = 1.0 and gammas = 10.0

Kernel matrices computed.

Mean 10-fold accuracy: 87.19 +- 1.75 %
Results saved in /public1/home/scfa1517/HKS-Wasserstein-kernel/exp/fig1:w_versue_hl/MUTAG/WKS/results_MUTAG_WKS_0.60_2022-03-31 13:12_crossvalidation.csv.

=============================================================
Graph classification using the HKS/WKS and Wassertain kernel.
=============================================================

Generating WKS embeddings by <function get_sample4WKS at 0x2b12cf7ed550> with hl=800 for MUTAG.
with hlen = 800, C = 1.0 and gammas = 10.0

Kernel matrices computed.

Mean 10-fold accuracy: 87.19 +- 1.75 %
Results saved in /public1/home/scfa1517/HKS-Wasserstein-kernel/exp/fig1:w_versue_hl/MUTAG/WKS/results_MUTAG_WKS_0.65_2022-03-31 13:12_crossvalidation.csv.

=============================================================
Graph classification using the HKS/WKS and Wassertain kernel.
=============================================================

Generating WKS embeddings by <function get_sample4WKS at 0x2b7878745550> with hl=800 for MUTAG.
with hlen = 800, C = 1.0 and gammas = 10.0

Kernel matrices computed.

Mean 10-fold accuracy: 86.67 +- 1.75 %
Results saved in /public1/home/scfa1517/HKS-Wasserstein-kernel/exp/fig1:w_versue_hl/MUTAG/WKS/results_MUTAG_WKS_0.70_2022-03-31 13:12_crossvalidation.csv.

=============================================================
Graph classification using the HKS/WKS and Wassertain kernel.
=============================================================

Generating WKS embeddings by <function get_sample4WKS at 0x2b335dd85550> with hl=800 for MUTAG.
with hlen = 800, C = 1.0 and gammas = 10.0

Kernel matrices computed.

Mean 10-fold accuracy: 87.19 +- 1.40 %
Results saved in /public1/home/scfa1517/HKS-Wasserstein-kernel/exp/fig1:w_versue_hl/MUTAG/WKS/results_MUTAG_WKS_0.75_2022-03-31 13:12_crossvalidation.csv.

=============================================================
Graph classification using the HKS/WKS and Wassertain kernel.
=============================================================

Generating WKS embeddings by <function get_sample4WKS at 0x2ae395a03550> with hl=800 for MUTAG.
with hlen = 800, C = 1.0 and gammas = 10.0

Kernel matrices computed.

Mean 10-fold accuracy: 86.67 +- 1.59 %
Results saved in /public1/home/scfa1517/HKS-Wasserstein-kernel/exp/fig1:w_versue_hl/MUTAG/WKS/results_MUTAG_WKS_0.80_2022-03-31 13:12_crossvalidation.csv.

=============================================================
Graph classification using the HKS/WKS and Wassertain kernel.
=============================================================

Generating WKS embeddings by <function get_sample4WKS at 0x2b99cb0b2550> with hl=800 for MUTAG.
with hlen = 800, C = 1.0 and gammas = 10.0

Kernel matrices computed.

Mean 10-fold accuracy: 86.67 +- 1.59 %
Results saved in /public1/home/scfa1517/HKS-Wasserstein-kernel/exp/fig1:w_versue_hl/MUTAG/WKS/results_MUTAG_WKS_0.85_2022-03-31 13:12_crossvalidation.csv.

=============================================================
Graph classification using the HKS/WKS and Wassertain kernel.
=============================================================

Generating WKS embeddings by <function get_sample4WKS at 0x2b1af335c550> with hl=800 for MUTAG.
with hlen = 800, C = 1.0 and gammas = 10.0

Kernel matrices computed.

Mean 10-fold accuracy: 86.67 +- 1.59 %
Results saved in /public1/home/scfa1517/HKS-Wasserstein-kernel/exp/fig1:w_versue_hl/MUTAG/WKS/results_MUTAG_WKS_0.90_2022-03-31 13:12_crossvalidation.csv.

=============================================================
Graph classification using the HKS/WKS and Wassertain kernel.
=============================================================

Generating WKS embeddings by <function get_sample4WKS at 0x2aff72c38550> with hl=800 for MUTAG.
with hlen = 800, C = 1.0 and gammas = 10.0

Kernel matrices computed.

Mean 10-fold accuracy: 86.67 +- 1.91 %
Results saved in /public1/home/scfa1517/HKS-Wasserstein-kernel/exp/fig1:w_versue_hl/MUTAG/WKS/results_MUTAG_WKS_0.95_2022-03-31 13:12_crossvalidation.csv.

=============================================================
Graph classification using the HKS/WKS and Wassertain kernel.
=============================================================

Generating WKS embeddings by <function get_sample4WKS at 0x2b4bfe25b550> with hl=800 for MUTAG.
with hlen = 800, C = 1.0 and gammas = 10.0

Kernel matrices computed.

Mean 10-fold accuracy: 86.67 +- 1.91 %
Results saved in /public1/home/scfa1517/HKS-Wasserstein-kernel/exp/fig1:w_versue_hl/MUTAG/WKS/results_MUTAG_WKS_1.00_2022-03-31 13:12_crossvalidation.csv.
  adding: MUTAG/WKS/ (stored 0%)
  adding: MUTAG/WKS/results_MUTAG_WKS_0.40_2022-03-31 13:12_crossvalidation.csv (deflated 73%)
  adding: MUTAG/WKS/results_MUTAG_WKS_0.50_2022-03-31 13:12_crossvalidation.csv (deflated 74%)
  adding: MUTAG/WKS/results_MUTAG_WKS_0.15_2022-03-31 13:11_crossvalidation.csv (deflated 73%)
  adding: MUTAG/WKS/results_MUTAG_WKS_0.95_2022-03-31 13:12_crossvalidation.csv (deflated 75%)
  adding: MUTAG/WKS/results_MUTAG_WKS_0.80_2022-03-31 13:12_crossvalidation.csv (deflated 74%)
  adding: MUTAG/WKS/results_MUTAG_WKS_0.30_2022-03-31 13:12_crossvalidation.csv (deflated 72%)
  adding: MUTAG/WKS/results_MUTAG_WKS_0.20_2022-03-31 13:12_crossvalidation.csv (deflated 73%)
  adding: MUTAG/WKS/results_MUTAG_WKS_0.00_2022-03-31 13:11_crossvalidation.csv (deflated 74%)
  adding: MUTAG/WKS/results_MUTAG_WKS_0.25_2022-03-31 13:12_crossvalidation.csv (deflated 74%)
  adding: MUTAG/WKS/results_MUTAG_WKS_0.10_2022-03-31 13:11_crossvalidation.csv (deflated 74%)
  adding: MUTAG/WKS/results_MUTAG_WKS_0.60_2022-03-31 13:12_crossvalidation.csv (deflated 74%)
  adding: MUTAG/WKS/results_MUTAG_WKS_0.45_2022-03-31 13:12_crossvalidation.csv (deflated 73%)
  adding: MUTAG/WKS/results_MUTAG_WKS_1.00_2022-03-31 13:12_crossvalidation.csv (deflated 74%)
  adding: MUTAG/WKS/results_MUTAG_WKS_0.05_2022-03-31 13:11_crossvalidation.csv (deflated 74%)
  adding: MUTAG/WKS/results_MUTAG_WKS_0.90_2022-03-31 13:12_crossvalidation.csv (deflated 74%)
  adding: MUTAG/WKS/results_MUTAG_WKS_0.75_2022-03-31 13:12_crossvalidation.csv (deflated 75%)
  adding: MUTAG/WKS/results_MUTAG_WKS_0.35_2022-03-31 13:12_crossvalidation.csv (deflated 73%)
  adding: MUTAG/WKS/results_MUTAG_WKS_0.85_2022-03-31 13:12_crossvalidation.csv (deflated 74%)
  adding: MUTAG/WKS/results_MUTAG_WKS_0.70_2022-03-31 13:12_crossvalidation.csv (deflated 73%)
  adding: MUTAG/WKS/results_MUTAG_WKS_0.65_2022-03-31 13:12_crossvalidation.csv (deflated 74%)
  adding: MUTAG/WKS/results_MUTAG_WKS_0.55_2022-03-31 13:12_crossvalidation.csv (deflated 74%)
[master 546a722] exp:record for WKS0_MUTAG_w_c=1.0_g=10_hl=800.zip
 32 files changed, 755 insertions(+), 77 deletions(-)
 create mode 100644 exp/fig1:w_versue_hl/1126234.err
 create mode 100644 exp/fig1:w_versue_hl/1126234.out
 create mode 100644 exp/fig1:w_versue_hl/MUTAG/WKS/results_MUTAG_WKS_0.00_2022-03-31 13:11_crossvalidation.csv
 create mode 100644 exp/fig1:w_versue_hl/MUTAG/WKS/results_MUTAG_WKS_0.05_2022-03-31 13:11_crossvalidation.csv
 create mode 100644 exp/fig1:w_versue_hl/MUTAG/WKS/results_MUTAG_WKS_0.10_2022-03-31 13:11_crossvalidation.csv
 create mode 100644 exp/fig1:w_versue_hl/MUTAG/WKS/results_MUTAG_WKS_0.15_2022-03-31 13:11_crossvalidation.csv
 create mode 100644 exp/fig1:w_versue_hl/MUTAG/WKS/results_MUTAG_WKS_0.20_2022-03-31 13:12_crossvalidation.csv
 create mode 100644 exp/fig1:w_versue_hl/MUTAG/WKS/results_MUTAG_WKS_0.25_2022-03-31 13:12_crossvalidation.csv
 delete mode 100644 exp/fig1:w_versue_hl/MUTAG/WKS/results_MUTAG_WKS_0.30_2022-03-28 21:13_crossvalidation.csv
 create mode 100644 exp/fig1:w_versue_hl/MUTAG/WKS/results_MUTAG_WKS_0.30_2022-03-31 13:12_crossvalidation.csv
 create mode 100644 exp/fig1:w_versue_hl/MUTAG/WKS/results_MUTAG_WKS_0.35_2022-03-31 13:12_crossvalidation.csv
 delete mode 100644 exp/fig1:w_versue_hl/MUTAG/WKS/results_MUTAG_WKS_0.40_2022-03-28 21:13_crossvalidation.csv
 create mode 100644 exp/fig1:w_versue_hl/MUTAG/WKS/results_MUTAG_WKS_0.40_2022-03-31 13:12_crossvalidation.csv
 delete mode 100644 exp/fig1:w_versue_hl/MUTAG/WKS/results_MUTAG_WKS_0.45_2022-03-28 21:13_crossvalidation.csv
 create mode 100644 exp/fig1:w_versue_hl/MUTAG/WKS/results_MUTAG_WKS_0.45_2022-03-31 13:12_crossvalidation.csv
 delete mode 100644 exp/fig1:w_versue_hl/MUTAG/WKS/results_MUTAG_WKS_0.50_2022-03-28 21:13_crossvalidation.csv
 create mode 100644 exp/fig1:w_versue_hl/MUTAG/WKS/results_MUTAG_WKS_0.50_2022-03-31 13:12_crossvalidation.csv
 delete mode 100644 exp/fig1:w_versue_hl/MUTAG/WKS/results_MUTAG_WKS_0.55_2022-03-28 21:13_crossvalidation.csv
 create mode 100644 exp/fig1:w_versue_hl/MUTAG/WKS/results_MUTAG_WKS_0.55_2022-03-31 13:12_crossvalidation.csv
 delete mode 100644 exp/fig1:w_versue_hl/MUTAG/WKS/results_MUTAG_WKS_0.60_2022-03-28 21:13_crossvalidation.csv
 create mode 100644 exp/fig1:w_versue_hl/MUTAG/WKS/results_MUTAG_WKS_0.60_2022-03-31 13:12_crossvalidation.csv
 create mode 100644 exp/fig1:w_versue_hl/MUTAG/WKS/results_MUTAG_WKS_0.65_2022-03-31 13:12_crossvalidation.csv
 delete mode 100644 exp/fig1:w_versue_hl/MUTAG/WKS/results_MUTAG_WKS_0.70_2022-03-28 21:13_crossvalidation.csv
 create mode 100644 exp/fig1:w_versue_hl/MUTAG/WKS/results_MUTAG_WKS_0.70_2022-03-31 13:12_crossvalidation.csv
 create mode 100644 exp/fig1:w_versue_hl/MUTAG/WKS/results_MUTAG_WKS_0.75_2022-03-31 13:12_crossvalidation.csv
 create mode 100644 exp/fig1:w_versue_hl/MUTAG/WKS/results_MUTAG_WKS_0.80_2022-03-31 13:12_crossvalidation.csv
 create mode 100644 exp/fig1:w_versue_hl/MUTAG/WKS/results_MUTAG_WKS_0.85_2022-03-31 13:12_crossvalidation.csv
 create mode 100644 exp/fig1:w_versue_hl/MUTAG/WKS/results_MUTAG_WKS_0.90_2022-03-31 13:12_crossvalidation.csv
 create mode 100644 exp/fig1:w_versue_hl/MUTAG/WKS/results_MUTAG_WKS_0.95_2022-03-31 13:12_crossvalidation.csv
 create mode 100644 exp/fig1:w_versue_hl/MUTAG/WKS/results_MUTAG_WKS_1.00_2022-03-31 13:12_crossvalidation.csv
 create mode 100644 exp/fig1:w_versue_hl/WKS0_MUTAG_w_c=1.0_g=10_hl=800.zip
