
=============================================================
Graph classification on MUTAG using the shortest path kernel.
=============================================================

Mean 10-fold accuracy of <class 'grakel.kernels.graphlet_sampling.GraphletSampling'> in MUTAG: 66.49 +- 0.72 %
Mean 10-fold accuracy of <class 'grakel.kernels.graphlet_sampling.GraphletSampling'> in MUTAG: 76.14 +- 3.00 %
Mean 10-fold accuracy of <class 'grakel.kernels.random_walk.RandomWalkLabeled'> in MUTAG: 83.48 +- 3.10 %

=============================================================
Graph classification on MUTAG using the shortest path kernel.
=============================================================

Mean 10-fold accuracy of <class 'grakel.kernels.graphlet_sampling.GraphletSampling'> in PTC_MR: 57.65 +- 0.46 %
Mean 10-fold accuracy of <class 'grakel.kernels.graphlet_sampling.GraphletSampling'> in PTC_MR: 56.76 +- 0.84 %
Mean 10-fold accuracy of <class 'grakel.kernels.random_walk.RandomWalkLabeled'> in PTC_MR: 57.94 +- 0.73 %

=============================================================
Graph classification on MUTAG using the shortest path kernel.
=============================================================

Mean 10-fold accuracy of <class 'grakel.kernels.graphlet_sampling.GraphletSampling'> in PROTEINS: 68.16 +- 0.91 %
Mean 10-fold accuracy of <class 'grakel.kernels.graphlet_sampling.GraphletSampling'> in PROTEINS: 68.53 +- 0.85 %

=============================================================
Graph classification on MUTAG using the shortest path kernel.
=============================================================

Mean 10-fold accuracy of <class 'grakel.kernels.graphlet_sampling.GraphletSampling'> in ENZYMES: 21.41 +- 1.37 %
