
=============================================================
Graph classification using the HKS/WKS and Wassertain kernel.
=============================================================

Generating HKS embeddings by <function get_random_samples_based_exp_dual at 0x2aedbf5e41f0> with hl=800 for MUTAG.

Kernel matrices computed.

Mean 10-fold accuracy: 87.75 +- 1.88 %
Results saved in /public1/home/scfa2295/HKS-Wasserstein-kernel/exp/10times/results/MUTAG/HKS/results_MUTAG_HKS_seed_0007_2022-04-10 21:52:36_crossvalidation_gridsearch.csv.

=============================================================
Graph classification using the HKS/WKS and Wassertain kernel.
=============================================================

Generating HKS embeddings by <function get_random_samples_based_exp_dual at 0x2b0d1cb851f0> with hl=800 for MUTAG.

Kernel matrices computed.

Mean 10-fold accuracy: 87.78 +- 2.68 %
Results saved in /public1/home/scfa2295/HKS-Wasserstein-kernel/exp/10times/results/MUTAG/HKS/results_MUTAG_HKS_seed_0077_2022-04-10 21:53:33_crossvalidation_gridsearch.csv.

=============================================================
Graph classification using the HKS/WKS and Wassertain kernel.
=============================================================

Generating HKS embeddings by <function get_random_samples_based_exp_dual at 0x2af7e6d3a1f0> with hl=800 for MUTAG.

Kernel matrices computed.

Mean 10-fold accuracy: 88.89 +- 2.16 %
Results saved in /public1/home/scfa2295/HKS-Wasserstein-kernel/exp/10times/results/MUTAG/HKS/results_MUTAG_HKS_seed_0777_2022-04-10 21:54:29_crossvalidation_gridsearch.csv.

=============================================================
Graph classification using the HKS/WKS and Wassertain kernel.
=============================================================

Generating HKS embeddings by <function get_random_samples_based_exp_dual at 0x2b5a8a7fd1f0> with hl=800 for MUTAG.

Kernel matrices computed.

Mean 10-fold accuracy: 89.33 +- 1.99 %
Results saved in /public1/home/scfa2295/HKS-Wasserstein-kernel/exp/10times/results/MUTAG/HKS/results_MUTAG_HKS_seed_4396_2022-04-10 21:55:26_crossvalidation_gridsearch.csv.

=============================================================
Graph classification using the HKS/WKS and Wassertain kernel.
=============================================================

Generating HKS embeddings by <function get_random_samples_based_exp_dual at 0x2ad1b084c1f0> with hl=800 for MUTAG.

Kernel matrices computed.

Mean 10-fold accuracy: 88.30 +- 1.79 %
Results saved in /public1/home/scfa2295/HKS-Wasserstein-kernel/exp/10times/results/MUTAG/HKS/results_MUTAG_HKS_seed_1205_2022-04-10 21:56:21_crossvalidation_gridsearch.csv.

=============================================================
Graph classification using the HKS/WKS and Wassertain kernel.
=============================================================

Generating WKS embeddings by <function get_sample4WKS at 0x2af707ca2550> with hl=800 for MUTAG.

Kernel matrices computed.

Mean 10-fold accuracy: 93.10 +- 1.84 %
Results saved in /public1/home/scfa2295/HKS-Wasserstein-kernel/exp/10times/results/MUTAG/WKS/results_MUTAG_WKS_seed_0007_2022-04-10 21:57:16_crossvalidation_gridsearch.csv.

=============================================================
Graph classification using the HKS/WKS and Wassertain kernel.
=============================================================

Generating WKS embeddings by <function get_sample4WKS at 0x2ab133dae550> with hl=800 for MUTAG.

Kernel matrices computed.

Mean 10-fold accuracy: 89.36 +- 2.48 %
Results saved in /public1/home/scfa2295/HKS-Wasserstein-kernel/exp/10times/results/MUTAG/WKS/results_MUTAG_WKS_seed_0077_2022-04-10 21:58:11_crossvalidation_gridsearch.csv.

=============================================================
Graph classification using the HKS/WKS and Wassertain kernel.
=============================================================

Generating WKS embeddings by <function get_sample4WKS at 0x2b59ed358550> with hl=800 for MUTAG.

Kernel matrices computed.

Mean 10-fold accuracy: 90.47 +- 1.64 %
Results saved in /public1/home/scfa2295/HKS-Wasserstein-kernel/exp/10times/results/MUTAG/WKS/results_MUTAG_WKS_seed_0777_2022-04-10 21:59:07_crossvalidation_gridsearch.csv.

=============================================================
Graph classification using the HKS/WKS and Wassertain kernel.
=============================================================

Generating WKS embeddings by <function get_sample4WKS at 0x2b47b6378550> with hl=800 for MUTAG.

Kernel matrices computed.

Mean 10-fold accuracy: 89.88 +- 2.18 %
Results saved in /public1/home/scfa2295/HKS-Wasserstein-kernel/exp/10times/results/MUTAG/WKS/results_MUTAG_WKS_seed_4396_2022-04-10 22:00:02_crossvalidation_gridsearch.csv.

=============================================================
Graph classification using the HKS/WKS and Wassertain kernel.
=============================================================

Generating WKS embeddings by <function get_sample4WKS at 0x2b8054ae9550> with hl=800 for MUTAG.

Kernel matrices computed.

Mean 10-fold accuracy: 89.88 +- 1.39 %
Results saved in /public1/home/scfa2295/HKS-Wasserstein-kernel/exp/10times/results/MUTAG/WKS/results_MUTAG_WKS_seed_1205_2022-04-10 22:00:58_crossvalidation_gridsearch.csv.

=============================================================
Graph classification using the HKS/WKS and Wassertain kernel.
=============================================================

Generating HKS embeddings by <function get_random_samples_based_exp_dual at 0x2b9d0ba181f0> with hl=800 for PTC_MR.

Kernel matrices computed.

Mean 10-fold accuracy: 55.20 +- 2.38 %
Results saved in /public1/home/scfa2295/HKS-Wasserstein-kernel/exp/10times/results/PTC_MR/HKS/results_PTC_MR_HKS_seed_0007_2022-04-10 22:02:47_crossvalidation_gridsearch.csv.

=============================================================
Graph classification using the HKS/WKS and Wassertain kernel.
=============================================================

Generating HKS embeddings by <function get_random_samples_based_exp_dual at 0x2b0d7a2931f0> with hl=800 for PTC_MR.

Kernel matrices computed.

Mean 10-fold accuracy: 57.01 +- 1.58 %
Results saved in /public1/home/scfa2295/HKS-Wasserstein-kernel/exp/10times/results/PTC_MR/HKS/results_PTC_MR_HKS_seed_0077_2022-04-10 22:04:36_crossvalidation_gridsearch.csv.

=============================================================
Graph classification using the HKS/WKS and Wassertain kernel.
=============================================================

Generating HKS embeddings by <function get_random_samples_based_exp_dual at 0x2b6e6d60c1f0> with hl=800 for PTC_MR.

Kernel matrices computed.

Mean 10-fold accuracy: 53.86 +- 2.39 %
Results saved in /public1/home/scfa2295/HKS-Wasserstein-kernel/exp/10times/results/PTC_MR/HKS/results_PTC_MR_HKS_seed_0777_2022-04-10 22:06:25_crossvalidation_gridsearch.csv.

=============================================================
Graph classification using the HKS/WKS and Wassertain kernel.
=============================================================

Generating HKS embeddings by <function get_random_samples_based_exp_dual at 0x2b81a51ad1f0> with hl=800 for PTC_MR.

Kernel matrices computed.

Mean 10-fold accuracy: 58.16 +- 2.30 %
Results saved in /public1/home/scfa2295/HKS-Wasserstein-kernel/exp/10times/results/PTC_MR/HKS/results_PTC_MR_HKS_seed_4396_2022-04-10 22:08:12_crossvalidation_gridsearch.csv.

=============================================================
Graph classification using the HKS/WKS and Wassertain kernel.
=============================================================

Generating HKS embeddings by <function get_random_samples_based_exp_dual at 0x2b1f7f0681f0> with hl=800 for PTC_MR.

Kernel matrices computed.

Mean 10-fold accuracy: 56.40 +- 2.46 %
Results saved in /public1/home/scfa2295/HKS-Wasserstein-kernel/exp/10times/results/PTC_MR/HKS/results_PTC_MR_HKS_seed_1205_2022-04-10 22:09:59_crossvalidation_gridsearch.csv.

=============================================================
Graph classification using the HKS/WKS and Wassertain kernel.
=============================================================

Generating WKS embeddings by <function get_sample4WKS at 0x2b2f3d2d8550> with hl=800 for PTC_MR.

Kernel matrices computed.

Mean 10-fold accuracy: 61.33 +- 2.06 %
Results saved in /public1/home/scfa2295/HKS-Wasserstein-kernel/exp/10times/results/PTC_MR/WKS/results_PTC_MR_WKS_seed_0007_2022-04-10 22:11:52_crossvalidation_gridsearch.csv.

=============================================================
Graph classification using the HKS/WKS and Wassertain kernel.
=============================================================

Generating WKS embeddings by <function get_sample4WKS at 0x2b6e1ef92550> with hl=800 for PTC_MR.

Kernel matrices computed.

Mean 10-fold accuracy: 59.29 +- 1.51 %
Results saved in /public1/home/scfa2295/HKS-Wasserstein-kernel/exp/10times/results/PTC_MR/WKS/results_PTC_MR_WKS_seed_0077_2022-04-10 22:13:41_crossvalidation_gridsearch.csv.

=============================================================
Graph classification using the HKS/WKS and Wassertain kernel.
=============================================================

Generating WKS embeddings by <function get_sample4WKS at 0x2b7f4b354550> with hl=800 for PTC_MR.

Kernel matrices computed.

Mean 10-fold accuracy: 64.28 +- 1.73 %
Results saved in /public1/home/scfa2295/HKS-Wasserstein-kernel/exp/10times/results/PTC_MR/WKS/results_PTC_MR_WKS_seed_0777_2022-04-10 22:15:31_crossvalidation_gridsearch.csv.

=============================================================
Graph classification using the HKS/WKS and Wassertain kernel.
=============================================================

Generating WKS embeddings by <function get_sample4WKS at 0x2aabb48a9550> with hl=800 for PTC_MR.

Kernel matrices computed.

Mean 10-fold accuracy: 60.50 +- 2.64 %
Results saved in /public1/home/scfa2295/HKS-Wasserstein-kernel/exp/10times/results/PTC_MR/WKS/results_PTC_MR_WKS_seed_4396_2022-04-10 22:17:21_crossvalidation_gridsearch.csv.

=============================================================
Graph classification using the HKS/WKS and Wassertain kernel.
=============================================================

Generating WKS embeddings by <function get_sample4WKS at 0x2ac8a14d4550> with hl=800 for PTC_MR.

Kernel matrices computed.

Mean 10-fold accuracy: 62.79 +- 1.74 %
Results saved in /public1/home/scfa2295/HKS-Wasserstein-kernel/exp/10times/results/PTC_MR/WKS/results_PTC_MR_WKS_seed_1205_2022-04-10 22:19:11_crossvalidation_gridsearch.csv.

=============================================================
Graph classification using the HKS/WKS and Wassertain kernel.
=============================================================

Generating HKS embeddings by <function get_random_samples_based_exp_dual at 0x2b9aaf1391f0> with hl=800 for ENZYMES.
Downloading /public1/home/scfa2295/.dgl/ENZYMES.zip from https://www.chrsmrrs.com/graphkerneldatasets/ENZYMES.zip...
Extracting file to /public1/home/scfa2295/.dgl/ENZYMES

Kernel matrices computed.

Mean 10-fold accuracy: 64.83 +- 1.28 %
Results saved in /public1/home/scfa2295/HKS-Wasserstein-kernel/exp/10times/results/ENZYMES/HKS/results_ENZYMES_HKS_seed_0007_2022-04-10 22:24:55_crossvalidation_gridsearch.csv.

=============================================================
Graph classification using the HKS/WKS and Wassertain kernel.
=============================================================

Generating HKS embeddings by <function get_random_samples_based_exp_dual at 0x2b0e63cb41f0> with hl=800 for ENZYMES.

Kernel matrices computed.

Mean 10-fold accuracy: 66.50 +- 1.66 %
Results saved in /public1/home/scfa2295/HKS-Wasserstein-kernel/exp/10times/results/ENZYMES/HKS/results_ENZYMES_HKS_seed_0077_2022-04-10 22:30:26_crossvalidation_gridsearch.csv.

=============================================================
Graph classification using the HKS/WKS and Wassertain kernel.
=============================================================

Generating HKS embeddings by <function get_random_samples_based_exp_dual at 0x2afac4ad41f0> with hl=800 for ENZYMES.

Kernel matrices computed.

Mean 10-fold accuracy: 65.50 +- 1.89 %
Results saved in /public1/home/scfa2295/HKS-Wasserstein-kernel/exp/10times/results/ENZYMES/HKS/results_ENZYMES_HKS_seed_0777_2022-04-10 22:35:58_crossvalidation_gridsearch.csv.

=============================================================
Graph classification using the HKS/WKS and Wassertain kernel.
=============================================================

Generating HKS embeddings by <function get_random_samples_based_exp_dual at 0x2abe992fb1f0> with hl=800 for ENZYMES.

Kernel matrices computed.

Mean 10-fold accuracy: 64.50 +- 2.19 %
Results saved in /public1/home/scfa2295/HKS-Wasserstein-kernel/exp/10times/results/ENZYMES/HKS/results_ENZYMES_HKS_seed_4396_2022-04-10 22:41:29_crossvalidation_gridsearch.csv.

=============================================================
Graph classification using the HKS/WKS and Wassertain kernel.
=============================================================

Generating HKS embeddings by <function get_random_samples_based_exp_dual at 0x2b56ff30b1f0> with hl=800 for ENZYMES.

Kernel matrices computed.

Mean 10-fold accuracy: 65.33 +- 2.37 %
Results saved in /public1/home/scfa2295/HKS-Wasserstein-kernel/exp/10times/results/ENZYMES/HKS/results_ENZYMES_HKS_seed_1205_2022-04-10 22:47:00_crossvalidation_gridsearch.csv.

=============================================================
Graph classification using the HKS/WKS and Wassertain kernel.
=============================================================

Generating WKS embeddings by <function get_sample4WKS at 0x2b4cbd58e550> with hl=800 for ENZYMES.

Kernel matrices computed.

Mean 10-fold accuracy: 65.83 +- 1.34 %
Results saved in /public1/home/scfa2295/HKS-Wasserstein-kernel/exp/10times/results/ENZYMES/WKS/results_ENZYMES_WKS_seed_0007_2022-04-10 22:52:32_crossvalidation_gridsearch.csv.

=============================================================
Graph classification using the HKS/WKS and Wassertain kernel.
=============================================================

Generating WKS embeddings by <function get_sample4WKS at 0x2b7c32307550> with hl=800 for ENZYMES.

Kernel matrices computed.

Mean 10-fold accuracy: 66.17 +- 2.22 %
Results saved in /public1/home/scfa2295/HKS-Wasserstein-kernel/exp/10times/results/ENZYMES/WKS/results_ENZYMES_WKS_seed_0077_2022-04-10 22:58:04_crossvalidation_gridsearch.csv.

=============================================================
Graph classification using the HKS/WKS and Wassertain kernel.
=============================================================

Generating WKS embeddings by <function get_sample4WKS at 0x2ac8b333f550> with hl=800 for ENZYMES.

Kernel matrices computed.

Mean 10-fold accuracy: 67.00 +- 1.84 %
Results saved in /public1/home/scfa2295/HKS-Wasserstein-kernel/exp/10times/results/ENZYMES/WKS/results_ENZYMES_WKS_seed_0777_2022-04-10 23:03:37_crossvalidation_gridsearch.csv.

=============================================================
Graph classification using the HKS/WKS and Wassertain kernel.
=============================================================

Generating WKS embeddings by <function get_sample4WKS at 0x2b1e8183a550> with hl=800 for ENZYMES.

Kernel matrices computed.

Mean 10-fold accuracy: 66.83 +- 1.88 %
Results saved in /public1/home/scfa2295/HKS-Wasserstein-kernel/exp/10times/results/ENZYMES/WKS/results_ENZYMES_WKS_seed_4396_2022-04-10 23:09:08_crossvalidation_gridsearch.csv.

=============================================================
Graph classification using the HKS/WKS and Wassertain kernel.
=============================================================

Generating WKS embeddings by <function get_sample4WKS at 0x2ac176dba550> with hl=800 for ENZYMES.

Kernel matrices computed.

Mean 10-fold accuracy: 67.33 +- 1.11 %
Results saved in /public1/home/scfa2295/HKS-Wasserstein-kernel/exp/10times/results/ENZYMES/WKS/results_ENZYMES_WKS_seed_1205_2022-04-10 23:14:39_crossvalidation_gridsearch.csv.

=============================================================
Graph classification using the HKS/WKS and Wassertain kernel.
=============================================================

Generating HKS embeddings by <function get_random_samples_based_exp_dual at 0x2b038d8c61f0> with hl=800 for PROTEINS.

Kernel matrices computed.

Mean 10-fold accuracy: 76.70 +- 1.14 %
Results saved in /public1/home/scfa2295/HKS-Wasserstein-kernel/exp/10times/results/PROTEINS/HKS/results_PROTEINS_HKS_seed_0007_2022-04-10 23:26:33_crossvalidation_gridsearch.csv.

=============================================================
Graph classification using the HKS/WKS and Wassertain kernel.
=============================================================

Generating HKS embeddings by <function get_random_samples_based_exp_dual at 0x2b64e56a91f0> with hl=800 for PROTEINS.

Kernel matrices computed.

Mean 10-fold accuracy: 76.34 +- 1.27 %
Results saved in /public1/home/scfa2295/HKS-Wasserstein-kernel/exp/10times/results/PROTEINS/HKS/results_PROTEINS_HKS_seed_0077_2022-04-10 23:38:08_crossvalidation_gridsearch.csv.

=============================================================
Graph classification using the HKS/WKS and Wassertain kernel.
=============================================================

Generating HKS embeddings by <function get_random_samples_based_exp_dual at 0x2af62fee11f0> with hl=800 for PROTEINS.

Kernel matrices computed.

Mean 10-fold accuracy: 76.17 +- 1.45 %
Results saved in /public1/home/scfa2295/HKS-Wasserstein-kernel/exp/10times/results/PROTEINS/HKS/results_PROTEINS_HKS_seed_0777_2022-04-10 23:49:47_crossvalidation_gridsearch.csv.

=============================================================
Graph classification using the HKS/WKS and Wassertain kernel.
=============================================================

Generating HKS embeddings by <function get_random_samples_based_exp_dual at 0x2afce09371f0> with hl=800 for PROTEINS.

Kernel matrices computed.

Mean 10-fold accuracy: 76.44 +- 1.04 %
Results saved in /public1/home/scfa2295/HKS-Wasserstein-kernel/exp/10times/results/PROTEINS/HKS/results_PROTEINS_HKS_seed_4396_2022-04-11 00:01:23_crossvalidation_gridsearch.csv.

=============================================================
Graph classification using the HKS/WKS and Wassertain kernel.
=============================================================

Generating HKS embeddings by <function get_random_samples_based_exp_dual at 0x2ae2dfee01f0> with hl=800 for PROTEINS.

Kernel matrices computed.

Mean 10-fold accuracy: 76.35 +- 0.87 %
Results saved in /public1/home/scfa2295/HKS-Wasserstein-kernel/exp/10times/results/PROTEINS/HKS/results_PROTEINS_HKS_seed_1205_2022-04-11 00:13:06_crossvalidation_gridsearch.csv.

=============================================================
Graph classification using the HKS/WKS and Wassertain kernel.
=============================================================

Generating WKS embeddings by <function get_sample4WKS at 0x2af31f901550> with hl=800 for PROTEINS.

Kernel matrices computed.

Mean 10-fold accuracy: 76.25 +- 1.03 %
Results saved in /public1/home/scfa2295/HKS-Wasserstein-kernel/exp/10times/results/PROTEINS/WKS/results_PROTEINS_WKS_seed_0007_2022-04-11 00:24:49_crossvalidation_gridsearch.csv.

=============================================================
Graph classification using the HKS/WKS and Wassertain kernel.
=============================================================

Generating WKS embeddings by <function get_sample4WKS at 0x2b7c6078a550> with hl=800 for PROTEINS.

Kernel matrices computed.

Mean 10-fold accuracy: 75.90 +- 0.94 %
Results saved in /public1/home/scfa2295/HKS-Wasserstein-kernel/exp/10times/results/PROTEINS/WKS/results_PROTEINS_WKS_seed_0077_2022-04-11 00:36:42_crossvalidation_gridsearch.csv.

=============================================================
Graph classification using the HKS/WKS and Wassertain kernel.
=============================================================

Generating WKS embeddings by <function get_sample4WKS at 0x2ae7401bd550> with hl=800 for PROTEINS.

Kernel matrices computed.

Mean 10-fold accuracy: 76.71 +- 1.35 %
Results saved in /public1/home/scfa2295/HKS-Wasserstein-kernel/exp/10times/results/PROTEINS/WKS/results_PROTEINS_WKS_seed_0777_2022-04-11 00:48:29_crossvalidation_gridsearch.csv.

=============================================================
Graph classification using the HKS/WKS and Wassertain kernel.
=============================================================

Generating WKS embeddings by <function get_sample4WKS at 0x2aefd32a1550> with hl=800 for PROTEINS.

Kernel matrices computed.

Mean 10-fold accuracy: 76.08 +- 0.92 %
Results saved in /public1/home/scfa2295/HKS-Wasserstein-kernel/exp/10times/results/PROTEINS/WKS/results_PROTEINS_WKS_seed_4396_2022-04-11 01:00:06_crossvalidation_gridsearch.csv.

=============================================================
Graph classification using the HKS/WKS and Wassertain kernel.
=============================================================

Generating WKS embeddings by <function get_sample4WKS at 0x2b82e3c90550> with hl=800 for PROTEINS.

Kernel matrices computed.

Mean 10-fold accuracy: 76.89 +- 1.02 %
Results saved in /public1/home/scfa2295/HKS-Wasserstein-kernel/exp/10times/results/PROTEINS/WKS/results_PROTEINS_WKS_seed_1205_2022-04-11 01:11:54_crossvalidation_gridsearch.csv.

=============================================================
Graph classification using the HKS/WKS and Wassertain kernel.
=============================================================

Generating HKS embeddings by <function get_random_samples_based_exp_dual at 0x2ab89562b1f0> with hl=800 for DD.
Downloading /public1/home/scfa2295/.dgl/DD.zip from https://www.chrsmrrs.com/graphkerneldatasets/DD.zip...
Extracting file to /public1/home/scfa2295/.dgl/DD
No Node Attribute Data

Kernel matrices computed.

Mean 10-fold accuracy: 78.33 +- 1.41 %
Results saved in /public1/home/scfa2295/HKS-Wasserstein-kernel/exp/10times/results/DD/HKS/results_DD_HKS_seed_0007_2022-04-11 01:20:53_crossvalidation_gridsearch.csv.

=============================================================
Graph classification using the HKS/WKS and Wassertain kernel.
=============================================================

Generating HKS embeddings by <function get_random_samples_based_exp_dual at 0x2b9877dec1f0> with hl=800 for DD.

Kernel matrices computed.

Mean 10-fold accuracy: 78.24 +- 1.21 %
Results saved in /public1/home/scfa2295/HKS-Wasserstein-kernel/exp/10times/results/DD/HKS/results_DD_HKS_seed_0077_2022-04-11 01:29:32_crossvalidation_gridsearch.csv.

=============================================================
Graph classification using the HKS/WKS and Wassertain kernel.
=============================================================

Generating HKS embeddings by <function get_random_samples_based_exp_dual at 0x2b04dc8711f0> with hl=800 for DD.

Kernel matrices computed.

Mean 10-fold accuracy: 78.60 +- 1.26 %
Results saved in /public1/home/scfa2295/HKS-Wasserstein-kernel/exp/10times/results/DD/HKS/results_DD_HKS_seed_0777_2022-04-11 01:38:24_crossvalidation_gridsearch.csv.

=============================================================
Graph classification using the HKS/WKS and Wassertain kernel.
=============================================================

Generating HKS embeddings by <function get_random_samples_based_exp_dual at 0x2abc30e7a1f0> with hl=800 for DD.

Kernel matrices computed.

Mean 10-fold accuracy: 78.42 +- 1.00 %
Results saved in /public1/home/scfa2295/HKS-Wasserstein-kernel/exp/10times/results/DD/HKS/results_DD_HKS_seed_4396_2022-04-11 01:47:07_crossvalidation_gridsearch.csv.

=============================================================
Graph classification using the HKS/WKS and Wassertain kernel.
=============================================================

Generating HKS embeddings by <function get_random_samples_based_exp_dual at 0x2b52e074c1f0> with hl=800 for DD.

Kernel matrices computed.

Mean 10-fold accuracy: 78.95 +- 1.10 %
Results saved in /public1/home/scfa2295/HKS-Wasserstein-kernel/exp/10times/results/DD/HKS/results_DD_HKS_seed_1205_2022-04-11 01:55:47_crossvalidation_gridsearch.csv.

=============================================================
Graph classification using the HKS/WKS and Wassertain kernel.
=============================================================

Generating WKS embeddings by <function get_sample4WKS at 0x2b9373244550> with hl=800 for DD.

Kernel matrices computed.

Mean 10-fold accuracy: 78.07 +- 1.79 %
Results saved in /public1/home/scfa2295/HKS-Wasserstein-kernel/exp/10times/results/DD/WKS/results_DD_WKS_seed_0007_2022-04-11 02:04:39_crossvalidation_gridsearch.csv.

=============================================================
Graph classification using the HKS/WKS and Wassertain kernel.
=============================================================

Generating WKS embeddings by <function get_sample4WKS at 0x2b7d94946550> with hl=800 for DD.

Kernel matrices computed.

Mean 10-fold accuracy: 77.80 +- 0.90 %
Results saved in /public1/home/scfa2295/HKS-Wasserstein-kernel/exp/10times/results/DD/WKS/results_DD_WKS_seed_0077_2022-04-11 02:13:26_crossvalidation_gridsearch.csv.

=============================================================
Graph classification using the HKS/WKS and Wassertain kernel.
=============================================================

Generating WKS embeddings by <function get_sample4WKS at 0x2b342c5a2550> with hl=800 for DD.

Kernel matrices computed.

Mean 10-fold accuracy: 77.89 +- 0.80 %
Results saved in /public1/home/scfa2295/HKS-Wasserstein-kernel/exp/10times/results/DD/WKS/results_DD_WKS_seed_0777_2022-04-11 02:22:04_crossvalidation_gridsearch.csv.

=============================================================
Graph classification using the HKS/WKS and Wassertain kernel.
=============================================================

Generating WKS embeddings by <function get_sample4WKS at 0x2baa37725550> with hl=800 for DD.

Kernel matrices computed.

Mean 10-fold accuracy: 77.44 +- 1.19 %
Results saved in /public1/home/scfa2295/HKS-Wasserstein-kernel/exp/10times/results/DD/WKS/results_DD_WKS_seed_4396_2022-04-11 02:30:46_crossvalidation_gridsearch.csv.

=============================================================
Graph classification using the HKS/WKS and Wassertain kernel.
=============================================================

Generating WKS embeddings by <function get_sample4WKS at 0x2b0781a0d550> with hl=800 for DD.

Kernel matrices computed.

Mean 10-fold accuracy: 77.97 +- 1.35 %
Results saved in /public1/home/scfa2295/HKS-Wasserstein-kernel/exp/10times/results/DD/WKS/results_DD_WKS_seed_1205_2022-04-11 02:39:40_crossvalidation_gridsearch.csv.
  adding: public1/home/scfa2295/HKS-Wasserstein-kernel/exp/10times/results/ (stored 0%)
  adding: public1/home/scfa2295/HKS-Wasserstein-kernel/exp/10times/results/PTC_MR/ (stored 0%)
  adding: public1/home/scfa2295/HKS-Wasserstein-kernel/exp/10times/results/PTC_MR/WKS/ (stored 0%)
  adding: public1/home/scfa2295/HKS-Wasserstein-kernel/exp/10times/results/PTC_MR/WKS/results_PTC_MR_WKS_seed_0777_2022-04-10 22:15:31_crossvalidation_gridsearch.csv (deflated 66%)
  adding: public1/home/scfa2295/HKS-Wasserstein-kernel/exp/10times/results/PTC_MR/WKS/results_PTC_MR_WKS_seed_4396_2022-04-10 22:17:21_crossvalidation_gridsearch.csv (deflated 64%)
  adding: public1/home/scfa2295/HKS-Wasserstein-kernel/exp/10times/results/PTC_MR/WKS/results_PTC_MR_WKS_seed_1205_2022-04-10 22:19:11_crossvalidation_gridsearch.csv (deflated 66%)
  adding: public1/home/scfa2295/HKS-Wasserstein-kernel/exp/10times/results/PTC_MR/WKS/results_PTC_MR_WKS_seed_0007_2022-04-10 22:11:52_crossvalidation_gridsearch.csv (deflated 65%)
  adding: public1/home/scfa2295/HKS-Wasserstein-kernel/exp/10times/results/PTC_MR/WKS/results_PTC_MR_WKS_seed_0077_2022-04-10 22:13:41_crossvalidation_gridsearch.csv (deflated 67%)
  adding: public1/home/scfa2295/HKS-Wasserstein-kernel/exp/10times/results/PTC_MR/HKS/ (stored 0%)
  adding: public1/home/scfa2295/HKS-Wasserstein-kernel/exp/10times/results/PTC_MR/HKS/results_PTC_MR_HKS_seed_0007_2022-04-10 22:02:47_crossvalidation_gridsearch.csv (deflated 64%)
  adding: public1/home/scfa2295/HKS-Wasserstein-kernel/exp/10times/results/PTC_MR/HKS/results_PTC_MR_HKS_seed_4396_2022-04-10 22:08:12_crossvalidation_gridsearch.csv (deflated 66%)
  adding: public1/home/scfa2295/HKS-Wasserstein-kernel/exp/10times/results/PTC_MR/HKS/results_PTC_MR_HKS_seed_0077_2022-04-10 22:04:36_crossvalidation_gridsearch.csv (deflated 66%)
  adding: public1/home/scfa2295/HKS-Wasserstein-kernel/exp/10times/results/PTC_MR/HKS/results_PTC_MR_HKS_seed_0777_2022-04-10 22:06:25_crossvalidation_gridsearch.csv (deflated 65%)
  adding: public1/home/scfa2295/HKS-Wasserstein-kernel/exp/10times/results/PTC_MR/HKS/results_PTC_MR_HKS_seed_1205_2022-04-10 22:09:59_crossvalidation_gridsearch.csv (deflated 64%)
  adding: public1/home/scfa2295/HKS-Wasserstein-kernel/exp/10times/results/ENZYMES/ (stored 0%)
  adding: public1/home/scfa2295/HKS-Wasserstein-kernel/exp/10times/results/ENZYMES/WKS/ (stored 0%)
  adding: public1/home/scfa2295/HKS-Wasserstein-kernel/exp/10times/results/ENZYMES/WKS/results_ENZYMES_WKS_seed_4396_2022-04-10 23:09:08_crossvalidation_gridsearch.csv (deflated 67%)
  adding: public1/home/scfa2295/HKS-Wasserstein-kernel/exp/10times/results/ENZYMES/WKS/results_ENZYMES_WKS_seed_0077_2022-04-10 22:58:04_crossvalidation_gridsearch.csv (deflated 67%)
  adding: public1/home/scfa2295/HKS-Wasserstein-kernel/exp/10times/results/ENZYMES/WKS/results_ENZYMES_WKS_seed_0007_2022-04-10 22:52:32_crossvalidation_gridsearch.csv (deflated 67%)
  adding: public1/home/scfa2295/HKS-Wasserstein-kernel/exp/10times/results/ENZYMES/WKS/results_ENZYMES_WKS_seed_0777_2022-04-10 23:03:37_crossvalidation_gridsearch.csv (deflated 68%)
  adding: public1/home/scfa2295/HKS-Wasserstein-kernel/exp/10times/results/ENZYMES/WKS/results_ENZYMES_WKS_seed_1205_2022-04-10 23:14:39_crossvalidation_gridsearch.csv (deflated 67%)
  adding: public1/home/scfa2295/HKS-Wasserstein-kernel/exp/10times/results/ENZYMES/HKS/ (stored 0%)
  adding: public1/home/scfa2295/HKS-Wasserstein-kernel/exp/10times/results/ENZYMES/HKS/results_ENZYMES_HKS_seed_0007_2022-04-10 22:24:55_crossvalidation_gridsearch.csv (deflated 65%)
  adding: public1/home/scfa2295/HKS-Wasserstein-kernel/exp/10times/results/ENZYMES/HKS/results_ENZYMES_HKS_seed_1205_2022-04-10 22:47:00_crossvalidation_gridsearch.csv (deflated 68%)
  adding: public1/home/scfa2295/HKS-Wasserstein-kernel/exp/10times/results/ENZYMES/HKS/results_ENZYMES_HKS_seed_0777_2022-04-10 22:35:58_crossvalidation_gridsearch.csv (deflated 67%)
  adding: public1/home/scfa2295/HKS-Wasserstein-kernel/exp/10times/results/ENZYMES/HKS/results_ENZYMES_HKS_seed_0077_2022-04-10 22:30:26_crossvalidation_gridsearch.csv (deflated 68%)
  adding: public1/home/scfa2295/HKS-Wasserstein-kernel/exp/10times/results/ENZYMES/HKS/results_ENZYMES_HKS_seed_4396_2022-04-10 22:41:29_crossvalidation_gridsearch.csv (deflated 64%)
  adding: public1/home/scfa2295/HKS-Wasserstein-kernel/exp/10times/results/PROTEINS/ (stored 0%)
  adding: public1/home/scfa2295/HKS-Wasserstein-kernel/exp/10times/results/PROTEINS/WKS/ (stored 0%)
  adding: public1/home/scfa2295/HKS-Wasserstein-kernel/exp/10times/results/PROTEINS/WKS/results_PROTEINS_WKS_seed_0777_2022-04-11 00:48:29_crossvalidation_gridsearch.csv (deflated 64%)
  adding: public1/home/scfa2295/HKS-Wasserstein-kernel/exp/10times/results/PROTEINS/WKS/results_PROTEINS_WKS_seed_4396_2022-04-11 01:00:06_crossvalidation_gridsearch.csv (deflated 67%)
  adding: public1/home/scfa2295/HKS-Wasserstein-kernel/exp/10times/results/PROTEINS/WKS/results_PROTEINS_WKS_seed_1205_2022-04-11 01:11:54_crossvalidation_gridsearch.csv (deflated 66%)
  adding: public1/home/scfa2295/HKS-Wasserstein-kernel/exp/10times/results/PROTEINS/WKS/results_PROTEINS_WKS_seed_0077_2022-04-11 00:36:42_crossvalidation_gridsearch.csv (deflated 65%)
  adding: public1/home/scfa2295/HKS-Wasserstein-kernel/exp/10times/results/PROTEINS/WKS/results_PROTEINS_WKS_seed_0007_2022-04-11 00:24:49_crossvalidation_gridsearch.csv (deflated 66%)
  adding: public1/home/scfa2295/HKS-Wasserstein-kernel/exp/10times/results/PROTEINS/HKS/ (stored 0%)
  adding: public1/home/scfa2295/HKS-Wasserstein-kernel/exp/10times/results/PROTEINS/HKS/results_PROTEINS_HKS_seed_0007_2022-04-10 23:26:33_crossvalidation_gridsearch.csv (deflated 66%)
  adding: public1/home/scfa2295/HKS-Wasserstein-kernel/exp/10times/results/PROTEINS/HKS/results_PROTEINS_HKS_seed_1205_2022-04-11 00:13:06_crossvalidation_gridsearch.csv (deflated 68%)
  adding: public1/home/scfa2295/HKS-Wasserstein-kernel/exp/10times/results/PROTEINS/HKS/results_PROTEINS_HKS_seed_4396_2022-04-11 00:01:23_crossvalidation_gridsearch.csv (deflated 68%)
  adding: public1/home/scfa2295/HKS-Wasserstein-kernel/exp/10times/results/PROTEINS/HKS/results_PROTEINS_HKS_seed_0777_2022-04-10 23:49:47_crossvalidation_gridsearch.csv (deflated 68%)
  adding: public1/home/scfa2295/HKS-Wasserstein-kernel/exp/10times/results/PROTEINS/HKS/results_PROTEINS_HKS_seed_0077_2022-04-10 23:38:08_crossvalidation_gridsearch.csv (deflated 66%)
  adding: public1/home/scfa2295/HKS-Wasserstein-kernel/exp/10times/results/DD/ (stored 0%)
  adding: public1/home/scfa2295/HKS-Wasserstein-kernel/exp/10times/results/DD/WKS/ (stored 0%)
  adding: public1/home/scfa2295/HKS-Wasserstein-kernel/exp/10times/results/DD/WKS/results_DD_WKS_seed_0007_2022-04-11 02:04:39_crossvalidation_gridsearch.csv (deflated 59%)
  adding: public1/home/scfa2295/HKS-Wasserstein-kernel/exp/10times/results/DD/WKS/results_DD_WKS_seed_4396_2022-04-11 02:30:46_crossvalidation_gridsearch.csv (deflated 58%)
  adding: public1/home/scfa2295/HKS-Wasserstein-kernel/exp/10times/results/DD/WKS/results_DD_WKS_seed_0077_2022-04-11 02:13:26_crossvalidation_gridsearch.csv (deflated 63%)
  adding: public1/home/scfa2295/HKS-Wasserstein-kernel/exp/10times/results/DD/WKS/results_DD_WKS_seed_1205_2022-04-11 02:39:40_crossvalidation_gridsearch.csv (deflated 63%)
  adding: public1/home/scfa2295/HKS-Wasserstein-kernel/exp/10times/results/DD/WKS/results_DD_WKS_seed_0777_2022-04-11 02:22:04_crossvalidation_gridsearch.csv (deflated 64%)
  adding: public1/home/scfa2295/HKS-Wasserstein-kernel/exp/10times/results/DD/HKS/ (stored 0%)
  adding: public1/home/scfa2295/HKS-Wasserstein-kernel/exp/10times/results/DD/HKS/results_DD_HKS_seed_0077_2022-04-11 01:29:32_crossvalidation_gridsearch.csv (deflated 64%)
  adding: public1/home/scfa2295/HKS-Wasserstein-kernel/exp/10times/results/DD/HKS/results_DD_HKS_seed_1205_2022-04-11 01:55:47_crossvalidation_gridsearch.csv (deflated 64%)
  adding: public1/home/scfa2295/HKS-Wasserstein-kernel/exp/10times/results/DD/HKS/results_DD_HKS_seed_0007_2022-04-11 01:20:53_crossvalidation_gridsearch.csv (deflated 61%)
  adding: public1/home/scfa2295/HKS-Wasserstein-kernel/exp/10times/results/DD/HKS/results_DD_HKS_seed_0777_2022-04-11 01:38:24_crossvalidation_gridsearch.csv (deflated 63%)
  adding: public1/home/scfa2295/HKS-Wasserstein-kernel/exp/10times/results/DD/HKS/results_DD_HKS_seed_4396_2022-04-11 01:47:07_crossvalidation_gridsearch.csv (deflated 62%)
  adding: public1/home/scfa2295/HKS-Wasserstein-kernel/exp/10times/results/MUTAG/ (stored 0%)
  adding: public1/home/scfa2295/HKS-Wasserstein-kernel/exp/10times/results/MUTAG/WKS/ (stored 0%)
  adding: public1/home/scfa2295/HKS-Wasserstein-kernel/exp/10times/results/MUTAG/WKS/results_MUTAG_WKS_seed_1205_2022-04-10 22:00:58_crossvalidation_gridsearch.csv (deflated 69%)
  adding: public1/home/scfa2295/HKS-Wasserstein-kernel/exp/10times/results/MUTAG/WKS/results_MUTAG_WKS_seed_0777_2022-04-10 21:59:07_crossvalidation_gridsearch.csv (deflated 69%)
  adding: public1/home/scfa2295/HKS-Wasserstein-kernel/exp/10times/results/MUTAG/WKS/results_MUTAG_WKS_seed_0077_2022-04-10 21:58:11_crossvalidation_gridsearch.csv (deflated 67%)
  adding: public1/home/scfa2295/HKS-Wasserstein-kernel/exp/10times/results/MUTAG/WKS/results_MUTAG_WKS_seed_0007_2022-04-10 21:57:16_crossvalidation_gridsearch.csv (deflated 67%)
  adding: public1/home/scfa2295/HKS-Wasserstein-kernel/exp/10times/results/MUTAG/WKS/results_MUTAG_WKS_seed_4396_2022-04-10 22:00:02_crossvalidation_gridsearch.csv (deflated 69%)
  adding: public1/home/scfa2295/HKS-Wasserstein-kernel/exp/10times/results/MUTAG/HKS/ (stored 0%)
  adding: public1/home/scfa2295/HKS-Wasserstein-kernel/exp/10times/results/MUTAG/HKS/results_MUTAG_HKS_seed_0007_2022-04-10 21:52:36_crossvalidation_gridsearch.csv (deflated 68%)
  adding: public1/home/scfa2295/HKS-Wasserstein-kernel/exp/10times/results/MUTAG/HKS/results_MUTAG_HKS_seed_1205_2022-04-10 21:56:21_crossvalidation_gridsearch.csv (deflated 69%)
  adding: public1/home/scfa2295/HKS-Wasserstein-kernel/exp/10times/results/MUTAG/HKS/results_MUTAG_HKS_seed_0777_2022-04-10 21:54:29_crossvalidation_gridsearch.csv (deflated 66%)
  adding: public1/home/scfa2295/HKS-Wasserstein-kernel/exp/10times/results/MUTAG/HKS/results_MUTAG_HKS_seed_4396_2022-04-10 21:55:26_crossvalidation_gridsearch.csv (deflated 67%)
  adding: public1/home/scfa2295/HKS-Wasserstein-kernel/exp/10times/results/MUTAG/HKS/results_MUTAG_HKS_seed_0077_2022-04-10 21:53:33_crossvalidation_gridsearch.csv (deflated 65%)
